<?xml version="1.0" encoding="UTF-8"?>
<testsuite xmlns:xsi="http://www.w3.org/2001/XMLSchema-instance" xsi:noNamespaceSchemaLocation="https://maven.apache.org/surefire/maven-surefire-plugin/xsd/surefire-test-report-3.0.xsd" version="3.0" name="runners.EndtoEndRunner" time="305.656" tests="96" errors="0" skipped="0" failures="24">
  <properties>
    <property name="java.specification.version" value="21"/>
    <property name="sun.cpu.isalist" value="amd64"/>
    <property name="sun.jnu.encoding" value="Cp1252"/>
    <property name="java.class.path" value="C:\Users\cpatil\eclipse-workspace\social_comments\target\test-classes;C:\Users\cpatil\eclipse-workspace\social_comments\target\classes;C:\Users\cpatil\.m2\repository\io\cucumber\cucumber-java\7.15.0\cucumber-java-7.15.0.jar;C:\Users\cpatil\.m2\repository\io\cucumber\cucumber-core\7.15.0\cucumber-core-7.15.0.jar;C:\Users\cpatil\.m2\repository\io\cucumber\cucumber-gherkin\7.15.0\cucumber-gherkin-7.15.0.jar;C:\Users\cpatil\.m2\repository\io\cucumber\cucumber-gherkin-messages\7.15.0\cucumber-gherkin-messages-7.15.0.jar;C:\Users\cpatil\.m2\repository\io\cucumber\gherkin\26.2.0\gherkin-26.2.0.jar;C:\Users\cpatil\.m2\repository\io\cucumber\messages\22.0.0\messages-22.0.0.jar;C:\Users\cpatil\.m2\repository\io\cucumber\tag-expressions\6.0.0\tag-expressions-6.0.0.jar;C:\Users\cpatil\.m2\repository\io\cucumber\cucumber-expressions\17.0.1\cucumber-expressions-17.0.1.jar;C:\Users\cpatil\.m2\repository\io\cucumber\datatable\7.15.0\datatable-7.15.0.jar;C:\Users\cpatil\.m2\repository\io\cucumber\cucumber-plugin\7.15.0\cucumber-plugin-7.15.0.jar;C:\Users\cpatil\.m2\repository\io\cucumber\docstring\7.15.0\docstring-7.15.0.jar;C:\Users\cpatil\.m2\repository\io\cucumber\html-formatter\20.4.0\html-formatter-20.4.0.jar;C:\Users\cpatil\.m2\repository\io\cucumber\junit-xml-formatter\0.2.0\junit-xml-formatter-0.2.0.jar;C:\Users\cpatil\.m2\repository\io\cucumber\ci-environment\10.0.0\ci-environment-10.0.0.jar;C:\Users\cpatil\.m2\repository\org\apiguardian\apiguardian-api\1.1.2\apiguardian-api-1.1.2.jar;C:\Users\cpatil\.m2\repository\org\seleniumhq\selenium\selenium-java\4.20.0\selenium-java-4.20.0.jar;C:\Users\cpatil\.m2\repository\org\seleniumhq\selenium\selenium-api\4.20.0\selenium-api-4.20.0.jar;C:\Users\cpatil\.m2\repository\org\seleniumhq\selenium\selenium-chrome-driver\4.20.0\selenium-chrome-driver-4.20.0.jar;C:\Users\cpatil\.m2\repository\com\google\auto\service\auto-service-annotations\1.1.1\auto-service-annotations-1.1.1.jar;C:\Users\cpatil\.m2\repository\org\seleniumhq\selenium\selenium-chromium-driver\4.20.0\selenium-chromium-driver-4.20.0.jar;C:\Users\cpatil\.m2\repository\org\seleniumhq\selenium\selenium-json\4.20.0\selenium-json-4.20.0.jar;C:\Users\cpatil\.m2\repository\org\seleniumhq\selenium\selenium-manager\4.20.0\selenium-manager-4.20.0.jar;C:\Users\cpatil\.m2\repository\org\seleniumhq\selenium\selenium-devtools-v122\4.20.0\selenium-devtools-v122-4.20.0.jar;C:\Users\cpatil\.m2\repository\org\seleniumhq\selenium\selenium-devtools-v123\4.20.0\selenium-devtools-v123-4.20.0.jar;C:\Users\cpatil\.m2\repository\org\seleniumhq\selenium\selenium-devtools-v124\4.20.0\selenium-devtools-v124-4.20.0.jar;C:\Users\cpatil\.m2\repository\org\seleniumhq\selenium\selenium-devtools-v85\4.20.0\selenium-devtools-v85-4.20.0.jar;C:\Users\cpatil\.m2\repository\org\seleniumhq\selenium\selenium-edge-driver\4.20.0\selenium-edge-driver-4.20.0.jar;C:\Users\cpatil\.m2\repository\org\seleniumhq\selenium\selenium-firefox-driver\4.20.0\selenium-firefox-driver-4.20.0.jar;C:\Users\cpatil\.m2\repository\org\seleniumhq\selenium\selenium-http\4.20.0\selenium-http-4.20.0.jar;C:\Users\cpatil\.m2\repository\dev\failsafe\failsafe\3.3.2\failsafe-3.3.2.jar;C:\Users\cpatil\.m2\repository\org\seleniumhq\selenium\selenium-ie-driver\4.20.0\selenium-ie-driver-4.20.0.jar;C:\Users\cpatil\.m2\repository\org\seleniumhq\selenium\selenium-remote-driver\4.20.0\selenium-remote-driver-4.20.0.jar;C:\Users\cpatil\.m2\repository\com\google\guava\guava\33.1.0-jre\guava-33.1.0-jre.jar;C:\Users\cpatil\.m2\repository\com\google\guava\failureaccess\1.0.2\failureaccess-1.0.2.jar;C:\Users\cpatil\.m2\repository\com\google\guava\listenablefuture\9999.0-empty-to-avoid-conflict-with-guava\listenablefuture-9999.0-empty-to-avoid-conflict-with-guava.jar;C:\Users\cpatil\.m2\repository\com\google\code\findbugs\jsr305\3.0.2\jsr305-3.0.2.jar;C:\Users\cpatil\.m2\repository\org\checkerframework\checker-qual\3.42.0\checker-qual-3.42.0.jar;C:\Users\cpatil\.m2\repository\com\google\j2objc\j2objc-annotations\3.0.0\j2objc-annotations-3.0.0.jar;C:\Users\cpatil\.m2\repository\io\opentelemetry\semconv\opentelemetry-semconv\1.25.0-alpha\opentelemetry-semconv-1.25.0-alpha.jar;C:\Users\cpatil\.m2\repository\io\opentelemetry\opentelemetry-api\1.37.0\opentelemetry-api-1.37.0.jar;C:\Users\cpatil\.m2\repository\io\opentelemetry\opentelemetry-context\1.37.0\opentelemetry-context-1.37.0.jar;C:\Users\cpatil\.m2\repository\io\opentelemetry\opentelemetry-exporter-logging\1.37.0\opentelemetry-exporter-logging-1.37.0.jar;C:\Users\cpatil\.m2\repository\io\opentelemetry\opentelemetry-sdk-common\1.37.0\opentelemetry-sdk-common-1.37.0.jar;C:\Users\cpatil\.m2\repository\io\opentelemetry\opentelemetry-sdk-extension-autoconfigure-spi\1.37.0\opentelemetry-sdk-extension-autoconfigure-spi-1.37.0.jar;C:\Users\cpatil\.m2\repository\io\opentelemetry\opentelemetry-sdk-extension-autoconfigure\1.37.0\opentelemetry-sdk-extension-autoconfigure-1.37.0.jar;C:\Users\cpatil\.m2\repository\io\opentelemetry\opentelemetry-api-incubator\1.37.0-alpha\opentelemetry-api-incubator-1.37.0-alpha.jar;C:\Users\cpatil\.m2\repository\io\opentelemetry\opentelemetry-sdk-trace\1.37.0\opentelemetry-sdk-trace-1.37.0.jar;C:\Users\cpatil\.m2\repository\io\opentelemetry\opentelemetry-sdk\1.37.0\opentelemetry-sdk-1.37.0.jar;C:\Users\cpatil\.m2\repository\io\opentelemetry\opentelemetry-sdk-metrics\1.37.0\opentelemetry-sdk-metrics-1.37.0.jar;C:\Users\cpatil\.m2\repository\io\opentelemetry\opentelemetry-sdk-logs\1.37.0\opentelemetry-sdk-logs-1.37.0.jar;C:\Users\cpatil\.m2\repository\net\bytebuddy\byte-buddy\1.14.14\byte-buddy-1.14.14.jar;C:\Users\cpatil\.m2\repository\org\seleniumhq\selenium\selenium-os\4.20.0\selenium-os-4.20.0.jar;C:\Users\cpatil\.m2\repository\org\apache\commons\commons-exec\1.4.0\commons-exec-1.4.0.jar;C:\Users\cpatil\.m2\repository\org\seleniumhq\selenium\selenium-safari-driver\4.20.0\selenium-safari-driver-4.20.0.jar;C:\Users\cpatil\.m2\repository\org\seleniumhq\selenium\selenium-support\4.20.0\selenium-support-4.20.0.jar;C:\Users\cpatil\.m2\repository\io\github\bonigarcia\webdrivermanager\5.9.2\webdrivermanager-5.9.2.jar;C:\Users\cpatil\.m2\repository\org\slf4j\slf4j-api\2.0.13\slf4j-api-2.0.13.jar;C:\Users\cpatil\.m2\repository\com\google\code\gson\gson\2.11.0\gson-2.11.0.jar;C:\Users\cpatil\.m2\repository\com\google\errorprone\error_prone_annotations\2.27.0\error_prone_annotations-2.27.0.jar;C:\Users\cpatil\.m2\repository\com\github\docker-java\docker-java\3.4.0\docker-java-3.4.0.jar;C:\Users\cpatil\.m2\repository\com\github\docker-java\docker-java-core\3.4.0\docker-java-core-3.4.0.jar;C:\Users\cpatil\.m2\repository\com\github\docker-java\docker-java-api\3.4.0\docker-java-api-3.4.0.jar;C:\Users\cpatil\.m2\repository\com\fasterxml\jackson\core\jackson-annotations\2.10.3\jackson-annotations-2.10.3.jar;C:\Users\cpatil\.m2\repository\com\fasterxml\jackson\core\jackson-databind\2.10.3\jackson-databind-2.10.3.jar;C:\Users\cpatil\.m2\repository\com\fasterxml\jackson\core\jackson-core\2.10.3\jackson-core-2.10.3.jar;C:\Users\cpatil\.m2\repository\org\slf4j\jcl-over-slf4j\1.7.30\jcl-over-slf4j-1.7.30.jar;C:\Users\cpatil\.m2\repository\com\github\docker-java\docker-java-transport-httpclient5\3.4.0\docker-java-transport-httpclient5-3.4.0.jar;C:\Users\cpatil\.m2\repository\com\github\docker-java\docker-java-transport\3.4.0\docker-java-transport-3.4.0.jar;C:\Users\cpatil\.m2\repository\net\java\dev\jna\jna\5.13.0\jna-5.13.0.jar;C:\Users\cpatil\.m2\repository\org\brotli\dec\0.1.2\dec-0.1.2.jar;C:\Users\cpatil\.m2\repository\org\apache\commons\commons-lang3\3.15.0\commons-lang3-3.15.0.jar;C:\Users\cpatil\.m2\repository\org\apache\commons\commons-compress\1.26.2\commons-compress-1.26.2.jar;C:\Users\cpatil\.m2\repository\commons-codec\commons-codec\1.17.0\commons-codec-1.17.0.jar;C:\Users\cpatil\.m2\repository\commons-io\commons-io\2.16.1\commons-io-2.16.1.jar;C:\Users\cpatil\.m2\repository\org\apache\httpcomponents\client5\httpclient5\5.2.1\httpclient5-5.2.1.jar;C:\Users\cpatil\.m2\repository\org\apache\httpcomponents\core5\httpcore5\5.2\httpcore5-5.2.jar;C:\Users\cpatil\.m2\repository\org\apache\httpcomponents\core5\httpcore5-h2\5.2\httpcore5-h2-5.2.jar;C:\Users\cpatil\.m2\repository\com\sun\mail\jakarta.mail\2.0.1\jakarta.mail-2.0.1.jar;C:\Users\cpatil\.m2\repository\com\sun\activation\jakarta.activation\2.0.1\jakarta.activation-2.0.1.jar;C:\Users\cpatil\.m2\repository\javax\activation\activation\1.1.1\activation-1.1.1.jar;C:\Users\cpatil\.m2\repository\io\cucumber\cucumber-junit\7.15.0\cucumber-junit-7.15.0.jar;C:\Users\cpatil\.m2\repository\junit\junit\4.13.2\junit-4.13.2.jar;C:\Users\cpatil\.m2\repository\org\hamcrest\hamcrest-core\1.3\hamcrest-core-1.3.jar;C:\Users\cpatil\.m2\repository\io\rest-assured\rest-assured\5.3.2\rest-assured-5.3.2.jar;C:\Users\cpatil\.m2\repository\org\apache\groovy\groovy\4.0.11\groovy-4.0.11.jar;C:\Users\cpatil\.m2\repository\org\apache\groovy\groovy-xml\4.0.11\groovy-xml-4.0.11.jar;C:\Users\cpatil\.m2\repository\org\apache\httpcomponents\httpclient\4.5.13\httpclient-4.5.13.jar;C:\Users\cpatil\.m2\repository\org\apache\httpcomponents\httpcore\4.4.13\httpcore-4.4.13.jar;C:\Users\cpatil\.m2\repository\commons-logging\commons-logging\1.2\commons-logging-1.2.jar;C:\Users\cpatil\.m2\repository\org\apache\httpcomponents\httpmime\4.5.13\httpmime-4.5.13.jar;C:\Users\cpatil\.m2\repository\org\hamcrest\hamcrest\2.2\hamcrest-2.2.jar;C:\Users\cpatil\.m2\repository\org\ccil\cowan\tagsoup\tagsoup\1.2.1\tagsoup-1.2.1.jar;C:\Users\cpatil\.m2\repository\io\rest-assured\json-path\5.3.2\json-path-5.3.2.jar;C:\Users\cpatil\.m2\repository\org\apache\groovy\groovy-json\4.0.11\groovy-json-4.0.11.jar;C:\Users\cpatil\.m2\repository\io\rest-assured\rest-assured-common\5.3.2\rest-assured-common-5.3.2.jar;C:\Users\cpatil\.m2\repository\io\rest-assured\xml-path\5.3.2\xml-path-5.3.2.jar;C:\Users\cpatil\.m2\repository\com\aventstack\extentreports\5.0.9\extentreports-5.0.9.jar;C:\Users\cpatil\.m2\repository\io\reactivex\rxjava3\rxjava\3.0.4\rxjava-3.0.4.jar;C:\Users\cpatil\.m2\repository\org\reactivestreams\reactive-streams\1.0.3\reactive-streams-1.0.3.jar;C:\Users\cpatil\.m2\repository\org\freemarker\freemarker\2.3.30\freemarker-2.3.30.jar;C:\Users\cpatil\.m2\repository\org\projectlombok\lombok\1.18.32\lombok-1.18.32.jar;C:\Users\cpatil\.m2\repository\com\mysql\mysql-connector-j\8.0.33\mysql-connector-j-8.0.33.jar;C:\Users\cpatil\.m2\repository\com\google\protobuf\protobuf-java\3.21.9\protobuf-java-3.21.9.jar;"/>
    <property name="java.vm.vendor" value="Eclipse Adoptium"/>
    <property name="sun.arch.data.model" value="64"/>
    <property name="user.variant" value=""/>
    <property name="java.vendor.url" value="https://adoptium.net/"/>
    <property name="user.timezone" value="Asia/Calcutta"/>
    <property name="os.name" value="Windows 11"/>
    <property name="java.vm.specification.version" value="21"/>
    <property name="sun.java.launcher" value="SUN_STANDARD"/>
    <property name="user.country" value="US"/>
    <property name="sun.boot.library.path" value="C:\Users\cpatil\.p2\pool\plugins\org.eclipse.justj.openjdk.hotspot.jre.full.win32.x86_64_21.0.7.v20250502-0916\jre\bin"/>
    <property name="sun.java.command" value="C:\Users\cpatil\AppData\Local\Temp\surefire1771802159955865580\surefirebooter-20251016152538117_3.jar C:\Users\cpatil\AppData\Local\Temp\surefire1771802159955865580 2025-10-16T15-25-37_955-jvmRun1 surefire-20251016152538117_1tmp surefire_0-20251016152538117_2tmp"/>
    <property name="jdk.debug" value="release"/>
    <property name="surefire.test.class.path" value="C:\Users\cpatil\eclipse-workspace\social_comments\target\test-classes;C:\Users\cpatil\eclipse-workspace\social_comments\target\classes;C:\Users\cpatil\.m2\repository\io\cucumber\cucumber-java\7.15.0\cucumber-java-7.15.0.jar;C:\Users\cpatil\.m2\repository\io\cucumber\cucumber-core\7.15.0\cucumber-core-7.15.0.jar;C:\Users\cpatil\.m2\repository\io\cucumber\cucumber-gherkin\7.15.0\cucumber-gherkin-7.15.0.jar;C:\Users\cpatil\.m2\repository\io\cucumber\cucumber-gherkin-messages\7.15.0\cucumber-gherkin-messages-7.15.0.jar;C:\Users\cpatil\.m2\repository\io\cucumber\gherkin\26.2.0\gherkin-26.2.0.jar;C:\Users\cpatil\.m2\repository\io\cucumber\messages\22.0.0\messages-22.0.0.jar;C:\Users\cpatil\.m2\repository\io\cucumber\tag-expressions\6.0.0\tag-expressions-6.0.0.jar;C:\Users\cpatil\.m2\repository\io\cucumber\cucumber-expressions\17.0.1\cucumber-expressions-17.0.1.jar;C:\Users\cpatil\.m2\repository\io\cucumber\datatable\7.15.0\datatable-7.15.0.jar;C:\Users\cpatil\.m2\repository\io\cucumber\cucumber-plugin\7.15.0\cucumber-plugin-7.15.0.jar;C:\Users\cpatil\.m2\repository\io\cucumber\docstring\7.15.0\docstring-7.15.0.jar;C:\Users\cpatil\.m2\repository\io\cucumber\html-formatter\20.4.0\html-formatter-20.4.0.jar;C:\Users\cpatil\.m2\repository\io\cucumber\junit-xml-formatter\0.2.0\junit-xml-formatter-0.2.0.jar;C:\Users\cpatil\.m2\repository\io\cucumber\ci-environment\10.0.0\ci-environment-10.0.0.jar;C:\Users\cpatil\.m2\repository\org\apiguardian\apiguardian-api\1.1.2\apiguardian-api-1.1.2.jar;C:\Users\cpatil\.m2\repository\org\seleniumhq\selenium\selenium-java\4.20.0\selenium-java-4.20.0.jar;C:\Users\cpatil\.m2\repository\org\seleniumhq\selenium\selenium-api\4.20.0\selenium-api-4.20.0.jar;C:\Users\cpatil\.m2\repository\org\seleniumhq\selenium\selenium-chrome-driver\4.20.0\selenium-chrome-driver-4.20.0.jar;C:\Users\cpatil\.m2\repository\com\google\auto\service\auto-service-annotations\1.1.1\auto-service-annotations-1.1.1.jar;C:\Users\cpatil\.m2\repository\org\seleniumhq\selenium\selenium-chromium-driver\4.20.0\selenium-chromium-driver-4.20.0.jar;C:\Users\cpatil\.m2\repository\org\seleniumhq\selenium\selenium-json\4.20.0\selenium-json-4.20.0.jar;C:\Users\cpatil\.m2\repository\org\seleniumhq\selenium\selenium-manager\4.20.0\selenium-manager-4.20.0.jar;C:\Users\cpatil\.m2\repository\org\seleniumhq\selenium\selenium-devtools-v122\4.20.0\selenium-devtools-v122-4.20.0.jar;C:\Users\cpatil\.m2\repository\org\seleniumhq\selenium\selenium-devtools-v123\4.20.0\selenium-devtools-v123-4.20.0.jar;C:\Users\cpatil\.m2\repository\org\seleniumhq\selenium\selenium-devtools-v124\4.20.0\selenium-devtools-v124-4.20.0.jar;C:\Users\cpatil\.m2\repository\org\seleniumhq\selenium\selenium-devtools-v85\4.20.0\selenium-devtools-v85-4.20.0.jar;C:\Users\cpatil\.m2\repository\org\seleniumhq\selenium\selenium-edge-driver\4.20.0\selenium-edge-driver-4.20.0.jar;C:\Users\cpatil\.m2\repository\org\seleniumhq\selenium\selenium-firefox-driver\4.20.0\selenium-firefox-driver-4.20.0.jar;C:\Users\cpatil\.m2\repository\org\seleniumhq\selenium\selenium-http\4.20.0\selenium-http-4.20.0.jar;C:\Users\cpatil\.m2\repository\dev\failsafe\failsafe\3.3.2\failsafe-3.3.2.jar;C:\Users\cpatil\.m2\repository\org\seleniumhq\selenium\selenium-ie-driver\4.20.0\selenium-ie-driver-4.20.0.jar;C:\Users\cpatil\.m2\repository\org\seleniumhq\selenium\selenium-remote-driver\4.20.0\selenium-remote-driver-4.20.0.jar;C:\Users\cpatil\.m2\repository\com\google\guava\guava\33.1.0-jre\guava-33.1.0-jre.jar;C:\Users\cpatil\.m2\repository\com\google\guava\failureaccess\1.0.2\failureaccess-1.0.2.jar;C:\Users\cpatil\.m2\repository\com\google\guava\listenablefuture\9999.0-empty-to-avoid-conflict-with-guava\listenablefuture-9999.0-empty-to-avoid-conflict-with-guava.jar;C:\Users\cpatil\.m2\repository\com\google\code\findbugs\jsr305\3.0.2\jsr305-3.0.2.jar;C:\Users\cpatil\.m2\repository\org\checkerframework\checker-qual\3.42.0\checker-qual-3.42.0.jar;C:\Users\cpatil\.m2\repository\com\google\j2objc\j2objc-annotations\3.0.0\j2objc-annotations-3.0.0.jar;C:\Users\cpatil\.m2\repository\io\opentelemetry\semconv\opentelemetry-semconv\1.25.0-alpha\opentelemetry-semconv-1.25.0-alpha.jar;C:\Users\cpatil\.m2\repository\io\opentelemetry\opentelemetry-api\1.37.0\opentelemetry-api-1.37.0.jar;C:\Users\cpatil\.m2\repository\io\opentelemetry\opentelemetry-context\1.37.0\opentelemetry-context-1.37.0.jar;C:\Users\cpatil\.m2\repository\io\opentelemetry\opentelemetry-exporter-logging\1.37.0\opentelemetry-exporter-logging-1.37.0.jar;C:\Users\cpatil\.m2\repository\io\opentelemetry\opentelemetry-sdk-common\1.37.0\opentelemetry-sdk-common-1.37.0.jar;C:\Users\cpatil\.m2\repository\io\opentelemetry\opentelemetry-sdk-extension-autoconfigure-spi\1.37.0\opentelemetry-sdk-extension-autoconfigure-spi-1.37.0.jar;C:\Users\cpatil\.m2\repository\io\opentelemetry\opentelemetry-sdk-extension-autoconfigure\1.37.0\opentelemetry-sdk-extension-autoconfigure-1.37.0.jar;C:\Users\cpatil\.m2\repository\io\opentelemetry\opentelemetry-api-incubator\1.37.0-alpha\opentelemetry-api-incubator-1.37.0-alpha.jar;C:\Users\cpatil\.m2\repository\io\opentelemetry\opentelemetry-sdk-trace\1.37.0\opentelemetry-sdk-trace-1.37.0.jar;C:\Users\cpatil\.m2\repository\io\opentelemetry\opentelemetry-sdk\1.37.0\opentelemetry-sdk-1.37.0.jar;C:\Users\cpatil\.m2\repository\io\opentelemetry\opentelemetry-sdk-metrics\1.37.0\opentelemetry-sdk-metrics-1.37.0.jar;C:\Users\cpatil\.m2\repository\io\opentelemetry\opentelemetry-sdk-logs\1.37.0\opentelemetry-sdk-logs-1.37.0.jar;C:\Users\cpatil\.m2\repository\net\bytebuddy\byte-buddy\1.14.14\byte-buddy-1.14.14.jar;C:\Users\cpatil\.m2\repository\org\seleniumhq\selenium\selenium-os\4.20.0\selenium-os-4.20.0.jar;C:\Users\cpatil\.m2\repository\org\apache\commons\commons-exec\1.4.0\commons-exec-1.4.0.jar;C:\Users\cpatil\.m2\repository\org\seleniumhq\selenium\selenium-safari-driver\4.20.0\selenium-safari-driver-4.20.0.jar;C:\Users\cpatil\.m2\repository\org\seleniumhq\selenium\selenium-support\4.20.0\selenium-support-4.20.0.jar;C:\Users\cpatil\.m2\repository\io\github\bonigarcia\webdrivermanager\5.9.2\webdrivermanager-5.9.2.jar;C:\Users\cpatil\.m2\repository\org\slf4j\slf4j-api\2.0.13\slf4j-api-2.0.13.jar;C:\Users\cpatil\.m2\repository\com\google\code\gson\gson\2.11.0\gson-2.11.0.jar;C:\Users\cpatil\.m2\repository\com\google\errorprone\error_prone_annotations\2.27.0\error_prone_annotations-2.27.0.jar;C:\Users\cpatil\.m2\repository\com\github\docker-java\docker-java\3.4.0\docker-java-3.4.0.jar;C:\Users\cpatil\.m2\repository\com\github\docker-java\docker-java-core\3.4.0\docker-java-core-3.4.0.jar;C:\Users\cpatil\.m2\repository\com\github\docker-java\docker-java-api\3.4.0\docker-java-api-3.4.0.jar;C:\Users\cpatil\.m2\repository\com\fasterxml\jackson\core\jackson-annotations\2.10.3\jackson-annotations-2.10.3.jar;C:\Users\cpatil\.m2\repository\com\fasterxml\jackson\core\jackson-databind\2.10.3\jackson-databind-2.10.3.jar;C:\Users\cpatil\.m2\repository\com\fasterxml\jackson\core\jackson-core\2.10.3\jackson-core-2.10.3.jar;C:\Users\cpatil\.m2\repository\org\slf4j\jcl-over-slf4j\1.7.30\jcl-over-slf4j-1.7.30.jar;C:\Users\cpatil\.m2\repository\com\github\docker-java\docker-java-transport-httpclient5\3.4.0\docker-java-transport-httpclient5-3.4.0.jar;C:\Users\cpatil\.m2\repository\com\github\docker-java\docker-java-transport\3.4.0\docker-java-transport-3.4.0.jar;C:\Users\cpatil\.m2\repository\net\java\dev\jna\jna\5.13.0\jna-5.13.0.jar;C:\Users\cpatil\.m2\repository\org\brotli\dec\0.1.2\dec-0.1.2.jar;C:\Users\cpatil\.m2\repository\org\apache\commons\commons-lang3\3.15.0\commons-lang3-3.15.0.jar;C:\Users\cpatil\.m2\repository\org\apache\commons\commons-compress\1.26.2\commons-compress-1.26.2.jar;C:\Users\cpatil\.m2\repository\commons-codec\commons-codec\1.17.0\commons-codec-1.17.0.jar;C:\Users\cpatil\.m2\repository\commons-io\commons-io\2.16.1\commons-io-2.16.1.jar;C:\Users\cpatil\.m2\repository\org\apache\httpcomponents\client5\httpclient5\5.2.1\httpclient5-5.2.1.jar;C:\Users\cpatil\.m2\repository\org\apache\httpcomponents\core5\httpcore5\5.2\httpcore5-5.2.jar;C:\Users\cpatil\.m2\repository\org\apache\httpcomponents\core5\httpcore5-h2\5.2\httpcore5-h2-5.2.jar;C:\Users\cpatil\.m2\repository\com\sun\mail\jakarta.mail\2.0.1\jakarta.mail-2.0.1.jar;C:\Users\cpatil\.m2\repository\com\sun\activation\jakarta.activation\2.0.1\jakarta.activation-2.0.1.jar;C:\Users\cpatil\.m2\repository\javax\activation\activation\1.1.1\activation-1.1.1.jar;C:\Users\cpatil\.m2\repository\io\cucumber\cucumber-junit\7.15.0\cucumber-junit-7.15.0.jar;C:\Users\cpatil\.m2\repository\junit\junit\4.13.2\junit-4.13.2.jar;C:\Users\cpatil\.m2\repository\org\hamcrest\hamcrest-core\1.3\hamcrest-core-1.3.jar;C:\Users\cpatil\.m2\repository\io\rest-assured\rest-assured\5.3.2\rest-assured-5.3.2.jar;C:\Users\cpatil\.m2\repository\org\apache\groovy\groovy\4.0.11\groovy-4.0.11.jar;C:\Users\cpatil\.m2\repository\org\apache\groovy\groovy-xml\4.0.11\groovy-xml-4.0.11.jar;C:\Users\cpatil\.m2\repository\org\apache\httpcomponents\httpclient\4.5.13\httpclient-4.5.13.jar;C:\Users\cpatil\.m2\repository\org\apache\httpcomponents\httpcore\4.4.13\httpcore-4.4.13.jar;C:\Users\cpatil\.m2\repository\commons-logging\commons-logging\1.2\commons-logging-1.2.jar;C:\Users\cpatil\.m2\repository\org\apache\httpcomponents\httpmime\4.5.13\httpmime-4.5.13.jar;C:\Users\cpatil\.m2\repository\org\hamcrest\hamcrest\2.2\hamcrest-2.2.jar;C:\Users\cpatil\.m2\repository\org\ccil\cowan\tagsoup\tagsoup\1.2.1\tagsoup-1.2.1.jar;C:\Users\cpatil\.m2\repository\io\rest-assured\json-path\5.3.2\json-path-5.3.2.jar;C:\Users\cpatil\.m2\repository\org\apache\groovy\groovy-json\4.0.11\groovy-json-4.0.11.jar;C:\Users\cpatil\.m2\repository\io\rest-assured\rest-assured-common\5.3.2\rest-assured-common-5.3.2.jar;C:\Users\cpatil\.m2\repository\io\rest-assured\xml-path\5.3.2\xml-path-5.3.2.jar;C:\Users\cpatil\.m2\repository\com\aventstack\extentreports\5.0.9\extentreports-5.0.9.jar;C:\Users\cpatil\.m2\repository\io\reactivex\rxjava3\rxjava\3.0.4\rxjava-3.0.4.jar;C:\Users\cpatil\.m2\repository\org\reactivestreams\reactive-streams\1.0.3\reactive-streams-1.0.3.jar;C:\Users\cpatil\.m2\repository\org\freemarker\freemarker\2.3.30\freemarker-2.3.30.jar;C:\Users\cpatil\.m2\repository\org\projectlombok\lombok\1.18.32\lombok-1.18.32.jar;C:\Users\cpatil\.m2\repository\com\mysql\mysql-connector-j\8.0.33\mysql-connector-j-8.0.33.jar;C:\Users\cpatil\.m2\repository\com\google\protobuf\protobuf-java\3.21.9\protobuf-java-3.21.9.jar;"/>
    <property name="sun.cpu.endian" value="little"/>
    <property name="user.home" value="C:\Users\cpatil"/>
    <property name="user.language" value="en"/>
    <property name="java.specification.vendor" value="Oracle Corporation"/>
    <property name="java.version.date" value="2025-04-15"/>
    <property name="java.home" value="C:\Users\cpatil\.p2\pool\plugins\org.eclipse.justj.openjdk.hotspot.jre.full.win32.x86_64_21.0.7.v20250502-0916\jre"/>
    <property name="file.separator" value="\"/>
    <property name="basedir" value="C:\Users\cpatil\eclipse-workspace\social_comments"/>
    <property name="style.color" value="always"/>
    <property name="java.vm.compressedOopsMode" value="Zero based"/>
    <property name="line.separator" value="&#10;"/>
    <property name="java.vm.specification.vendor" value="Oracle Corporation"/>
    <property name="java.specification.name" value="Java Platform API Specification"/>
    <property name="surefire.real.class.path" value="C:\Users\cpatil\AppData\Local\Temp\surefire1771802159955865580\surefirebooter-20251016152538117_3.jar"/>
    <property name="user.script" value=""/>
    <property name="sun.management.compiler" value="HotSpot 64-Bit Tiered Compilers"/>
    <property name="java.runtime.version" value="21.0.7+6-LTS"/>
    <property name="user.name" value="cpatil"/>
    <property name="stdout.encoding" value="Cp1252"/>
    <property name="path.separator" value=";"/>
    <property name="os.version" value="10.0"/>
    <property name="java.runtime.name" value="OpenJDK Runtime Environment"/>
    <property name="file.encoding" value="UTF-8"/>
    <property name="java.vm.name" value="OpenJDK 64-Bit Server VM"/>
    <property name="java.vendor.version" value="Temurin-21.0.7+6"/>
    <property name="localRepository" value="C:\Users\cpatil\.m2\repository"/>
    <property name="java.vendor.url.bug" value="https://github.com/adoptium/adoptium-support/issues"/>
    <property name="java.io.tmpdir" value="C:\Users\cpatil\AppData\Local\Temp\"/>
    <property name="java.version" value="21.0.7"/>
    <property name="user.dir" value="C:\Users\cpatil\eclipse-workspace\social_comments"/>
    <property name="os.arch" value="amd64"/>
    <property name="java.vm.specification.name" value="Java Virtual Machine Specification"/>
    <property name="sun.os.patch.level" value=""/>
    <property name="native.encoding" value="Cp1252"/>
    <property name="java.library.path" value="C:\Users\cpatil\.p2\pool\plugins\org.eclipse.justj.openjdk.hotspot.jre.full.win32.x86_64_21.0.7.v20250502-0916\jre\bin;C:\WINDOWS\Sun\Java\bin;C:\WINDOWS\system32;C:\WINDOWS;C:/Users/cpatil/.p2/pool/plugins/org.eclipse.justj.openjdk.hotspot.jre.full.win32.x86_64_21.0.8.v20250724-1412/jre/bin/server;C:/Users/cpatil/.p2/pool/plugins/org.eclipse.justj.openjdk.hotspot.jre.full.win32.x86_64_21.0.8.v20250724-1412/jre/bin;C:\Program Files\Common Files\Oracle\Java\javapath;C:\WINDOWS\system32;C:\WINDOWS;C:\WINDOWS\System32\Wbem;C:\WINDOWS\System32\WindowsPowerShell\v1.0\;C:\WINDOWS\System32\OpenSSH\;C:\Users\cpatil\Downloads\apache-maven-3.9.11-bin\apache-maven-3.9.11\bin;C:\Program Files\nodejs\;C:\Program Files\PuTTY\;C:\Program Files\Java\jdk-17\bin;C:\Users\cpatil\Downloads\allure-2.35.1\allure-2.35.1\bin;C:\Program Files\Git\cmd;C:\Users\cpatil\AppData\Local\Programs\Eclipse Adoptium\jdk-21.0.8.9-hotspot\bin;C:\Users\cpatil\AppData\Local\Microsoft\WindowsApps;C:\Users\cpatil\AppData\Roaming\npm;C:\Users\cpatil\AppData\Local\Programs\Microsoft VS Code\bin;C:\Program Files\Java\jdk-17;C:\Users\cpatil\AppData\Local\GitHubDesktop\bin;C:\Users\cpatil\Desktop;;."/>
    <property name="java.vm.info" value="mixed mode, sharing"/>
    <property name="stderr.encoding" value="Cp1252"/>
    <property name="java.vendor" value="Eclipse Adoptium"/>
    <property name="java.vm.version" value="21.0.7+6-LTS"/>
    <property name="sun.io.unicode.encoding" value="UnicodeLittle"/>
    <property name="java.class.version" value="65.0"/>
  </properties>
  <testcase name="Create ResourceID" classname="End-to-end ResourceGraph and ResourceRegistries CRUD flow" time="7.293">
    <system-out><![CDATA[
@Resource_Graph
Scenario: Create ResourceID                            # src/test/resources/features/End_to_End_social_comments_flow.feature:5
Resource JSON:
{
  "resourceId": "Meera Mirji"
}
  Given I have a ResourceID                            # social_comments.ResourceGraph.i_have_a_resourceid()
Response Body:
{
  "id" : 289,
  "resourceId" : "Meera Mirji"
}
Status Code: 201
Stored ResourceID: 289
  When Create New ResourceID                           # social_comments.ResourceGraph.Create_new_resourceid()
  Then The Resource response status code should be 201 # social_comments.ResourceGraph.the_resource_response_status_code_should_be(java.lang.Integer)
  And The Resource response should contain "id"        # social_comments.ResourceGraph.the_resource_response_should_contain(java.lang.String)
]]></system-out>
    <system-err><![CDATA[SLF4J(W): No SLF4J providers were found.
SLF4J(W): Defaulting to no-operation (NOP) logger implementation
SLF4J(W): See https://www.slf4j.org/codes.html#noProviders for further details.
]]></system-err>
  </testcase>
  <testcase name="Creating ResourceRegistries" classname="End-to-end ResourceGraph and ResourceRegistries CRUD flow" time="4.075">
    <system-out><![CDATA[
@Resource_Registries
Scenario: Creating ResourceRegistries                           # src/test/resources/features/End_to_End_social_comments_flow.feature:13
  Given I have a ResourceRegistries                             # social_comments.ResourceRegistries.i_have_a_resourceregistries()
{
  "resourceGraph": {
    "id": 289
  },
  "createdDate": "",
  "resourceName": "Rohan Thomas",
  "label": "Rohan Thomas",
  "resourceValue": "Rohan Thomas"
}
POST ResourceRegistries Status: 201
POST ResourceRegistries Body: {
  "id" : 197,
  "resourceGraph" : {
    "id" : 289,
    "resourceId" : "Meera Mirji"
  },
  "createdDate" : "2025-10-16T09:55:47.003+00:00",
  "isRemoved" : false,
  "resourceName" : "Rohan Thomas",
  "label" : "Rohan Thomas",
  "resourceValue" : "Rohan Thomas"
}
Stored ResourceID: 197
  When Create a ResourceRegistry using existing ResourceId      # social_comments.ResourceRegistries.createResourceRegistryUsingExistingResourceId()
  Then The ResourceRegistries response should contain "id"      # social_comments.ResourceRegistries.the_resource_registries_response_should_contain(java.lang.String)
  And The ResourceRegistries response status code should be 201 # social_comments.ResourceRegistries.the_resource_registries_response_status_code_should_be(java.lang.Integer)
]]></system-out>
  </testcase>
  <testcase name="Creating Message" classname="End-to-end ResourceGraph and ResourceRegistries CRUD flow" time="4.291">
    <system-out><![CDATA[
@Message
Scenario: Creating Message                           # src/test/resources/features/End_to_End_social_comments_flow.feature:21
  Given I have a Message                             # social_comments.Message.i_have_a_message()
{
  "createdDate": "2025-10-29",
  "messagePrivacy": "ROLE",
  "messageType": "EDIT_TICKLER",
  "userId": "USR-20960",
  "hasCustomTemplate": true,
  "decoratorLayer": "INFO",
  "hasUserRecipient": false,
  "hasChildren": false,
  "isEdited": true,
  "content": "New login security features are now active across all systems.",
  "hasAttachment": false,
  "isRemoved": false,
  "caseId": "CASE-7804-Q1",
  "rootMessageId":"",
  "parentId": 25319,
  "externalIdentifiers": "EXT-3412",
  "resourceGraph": {
    "id": "289"
  },
  "flagStatus": "LOW",
  "roleName": "QA Manager",
  "hasCustomElement": true,
  "hasReaction": true,
  "hasCustomTag": false
}
POST Message Status: 201
POST Message Body: {
  "id" : 160,
  "hasCustomTemplate" : true,
  "decoratorLayer" : "INFO",
  "hasUserRecipient" : false,
  "hasChildren" : false,
  "isEdited" : true,
  "content" : "New login security features are now active across all systems.",
  "hasAttachment" : false,
  "isRemoved" : false,
  "messageType" : "EDIT_TICKLER",
  "messagePrivacy" : "ROLE",
  "caseId" : "CASE-7804-Q1",
  "userId" : "USR-20960",
  "parentId" : 25319,
  "externalIdentifiers" : "EXT-3412",
  "resourceGraph" : {
    "id" : 289,
    "resourceId" : "Meera Mirji"
  },
  "createdDate" : "2025-10-29T00:00:00.000+00:00",
  "flagStatus" : "LOW",
  "roleName" : "QA Manager",
  "hasCustomElement" : true,
  "hasReaction" : true,
  "hasCustomTag" : false
}
Stored MessageID: 160
  When Create a Message using existing ResourceId    # social_comments.Message.create_a_message_using_existing_ResourceId()
  Then The Message response should contain "id"      # social_comments.Message.the_message_response_should_contain(java.lang.String)
  And The Message response status code should be 201 # social_comments.Message.the_message_response_status_code_should_be(java.lang.Integer)
]]></system-out>
  </testcase>
  <testcase name="Creating a Attachment" classname="End-to-end ResourceGraph and ResourceRegistries CRUD flow" time="4.077">
    <system-out><![CDATA[
@Attachment
Scenario: Creating a Attachment                         # src/test/resources/features/End_to_End_social_comments_flow.feature:29
  Given I have a Attachment                             # social_comments.Attachement.i_have_a_attachment()
{
  "documentId": 26,
  "versionId": 764609,
  "attachments": [
    {
      "value": "C:\\Users\\cpatil\\Downloads\\image.jpg"
    }
  ],
  "message": {
    "id": 160
  }
}
POST Attachment Status: 201
POST Attachment Body: {
  "id" : 121,
  "versionId" : 764609,
  "createdDate" : "2025-10-16T09:55:55.414+00:00",
  "isRemoved" : false,
  "documentId" : 26,
  "message" : {
    "id" : 160,
    "hasCustomTemplate" : true,
    "decoratorLayer" : "INFO",
    "hasUserRecipient" : false,
    "hasChildren" : false,
    "isEdited" : true,
    "content" : "New login security features are now active across all systems.",
    "hasAttachment" : false,
    "isRemoved" : false,
    "messageType" : "EDIT_TICKLER",
    "messagePrivacy" : "ROLE",
    "caseId" : "CASE-7804-Q1",
    "userId" : "USR-20960",
    "parentId" : 25319,
    "externalIdentifiers" : "EXT-3412",
    "resourceGraph" : {
      "id" : 289,
      "resourceId" : "Meera Mirji"
    },
    "createdDate" : "2025-10-29T00:00:00.000+00:00",
    "flagStatus" : "LOW",
    "roleName" : "QA Manager",
    "hasCustomElement" : true,
    "hasReaction" : true,
    "hasCustomTag" : false
  }
}
Stored AttachmentID: 121
  When Create a Attachment using existing MessageId     # social_comments.Attachement.create_a_attachment_using_existing_MessageId()
  Then The Attachment response should contain "id"      # social_comments.Attachement.the_attachment_response_should_contain(java.lang.String)
  And The Attachment response status code should be 201 # social_comments.Attachement.the_attachment_response_status_code_should_be(java.lang.Integer)
]]></system-out>
  </testcase>
  <testcase name="Creating CustomElement" classname="End-to-end ResourceGraph and ResourceRegistries CRUD flow" time="4.299">
    <system-out><![CDATA[
@CustomElement
Scenario: Creating CustomElement                           # src/test/resources/features/End_to_End_social_comments_flow.feature:38
  Given I have a CustomElement                             # social_comments.CustomElement.i_have_a_customelement()
{
  "name": "payment_doc",
  "type": "THUMBNAIL_INFO",
  "payload": "Invoice#2148-PDF",
  "message": {
    "id": "160"
  }
}
POST CustomElement Status: 201
POST CustomElement Body: {
  "id" : 103,
  "createdDate" : "2025-10-16T09:55:59.513+00:00",
  "isRemoved" : false,
  "payload" : "Invoice#2148-PDF",
  "name" : "payment_doc",
  "type" : "THUMBNAIL_INFO",
  "message" : {
    "id" : 160,
    "hasCustomTemplate" : true,
    "decoratorLayer" : "INFO",
    "hasUserRecipient" : false,
    "hasChildren" : false,
    "isEdited" : true,
    "content" : "New login security features are now active across all systems.",
    "hasAttachment" : false,
    "isRemoved" : false,
    "messageType" : "EDIT_TICKLER",
    "messagePrivacy" : "ROLE",
    "caseId" : "CASE-7804-Q1",
    "userId" : "USR-20960",
    "parentId" : 25319,
    "externalIdentifiers" : "EXT-3412",
    "resourceGraph" : {
      "id" : 289,
      "resourceId" : "Meera Mirji"
    },
    "createdDate" : "2025-10-29T00:00:00.000+00:00",
    "flagStatus" : "LOW",
    "roleName" : "QA Manager",
    "hasCustomElement" : true,
    "hasReaction" : true,
    "hasCustomTag" : false
  }
}
Stored CustomElementID: 103
  When Create a CustomElement using existing MessageId     # social_comments.CustomElement.create_a_customelement_using_existing_MessageId()
  Then The CustomElement response should contain "id"      # social_comments.CustomElement.the_resource_registries_response_should_contain(java.lang.String)
  And The CustomElement response status code should be 201 # social_comments.CustomElement.the_customelement_response_status_code_should_be(java.lang.Integer)
]]></system-out>
  </testcase>
  <testcase name="Creating a Reaction" classname="End-to-end ResourceGraph and ResourceRegistries CRUD flow" time="4.406">
    <system-out><![CDATA[
@Reaction
Scenario: Creating a Reaction                         # src/test/resources/features/End_to_End_social_comments_flow.feature:46
  Given I have a Reaction                             # social_comments.Reaction.i_have_a_reaction()
{
  "createdDate": "2025-10-02",
  "reactionType": "APPROVE",
  "roleName": "ADMIN",
  "userId": "user_1257",
  "message": {
    "id": 160
  }
}
POST Reaction Status: 201
POST Reaction Body: {
  "id" : 100,
  "createdDate" : "2025-10-02T00:00:00.000+00:00",
  "reactionType" : "APPROVE",
  "roleName" : "ADMIN",
  "message" : {
    "id" : 160,
    "hasCustomTemplate" : true,
    "decoratorLayer" : "INFO",
    "hasUserRecipient" : false,
    "hasChildren" : false,
    "isEdited" : true,
    "content" : "New login security features are now active across all systems.",
    "hasAttachment" : false,
    "isRemoved" : false,
    "messageType" : "EDIT_TICKLER",
    "messagePrivacy" : "ROLE",
    "caseId" : "CASE-7804-Q1",
    "userId" : "USR-20960",
    "parentId" : 25319,
    "externalIdentifiers" : "EXT-3412",
    "resourceGraph" : {
      "id" : 289,
      "resourceId" : "Meera Mirji"
    },
    "createdDate" : "2025-10-29T00:00:00.000+00:00",
    "flagStatus" : "LOW",
    "roleName" : "QA Manager",
    "hasCustomElement" : true,
    "hasReaction" : true,
    "hasCustomTag" : false
  },
  "userId" : "user_1257"
}
Stored AttachmentID: 100
  When Create a Reaction using existing MessageId     # social_comments.Reaction.create_a_reaction_using_existing_MessageId()
  Then The Reaction response should contain "id"      # social_comments.Reaction.the_reaction_response_should_contain(java.lang.String)
  And The Reaction response status code should be 201 # social_comments.Reaction.the_reaction_response_status_code_should_be(java.lang.Integer)
]]></system-out>
  </testcase>
  <testcase name="Creating BaseUserMessage" classname="End-to-end ResourceGraph and ResourceRegistries CRUD flow" time="3.984">
    <system-out><![CDATA[
@BaseUserMessage
Scenario: Creating BaseUserMessage                           # src/test/resources/features/End_to_End_social_comments_flow.feature:54
  Given I have a BaseUserMessage                             # social_comments.BaseUserMessage.i_have_a_baseusermessage()
{
  "roleName": "Software Test Engineer",
  "message": {
    "id": "160"
  },
  "userId": "17321"
}
POST BaseUserMessage Status: 201
POST BaseUserMessage Body: {
  "id" : 101,
  "createdDate" : "2025-10-16T09:56:08.133+00:00",
  "isRemoved" : false,
  "roleName" : "Software Test Engineer",
  "updatedDate" : "2025-10-16T09:56:08.133+00:00",
  "message" : {
    "id" : 160,
    "hasCustomTemplate" : true,
    "decoratorLayer" : "INFO",
    "hasUserRecipient" : false,
    "hasChildren" : false,
    "isEdited" : true,
    "content" : "New login security features are now active across all systems.",
    "hasAttachment" : false,
    "isRemoved" : false,
    "messageType" : "EDIT_TICKLER",
    "messagePrivacy" : "ROLE",
    "caseId" : "CASE-7804-Q1",
    "userId" : "USR-20960",
    "parentId" : 25319,
    "externalIdentifiers" : "EXT-3412",
    "resourceGraph" : {
      "id" : 289,
      "resourceId" : "Meera Mirji"
    },
    "createdDate" : "2025-10-29T00:00:00.000+00:00",
    "flagStatus" : "LOW",
    "roleName" : "QA Manager",
    "hasCustomElement" : true,
    "hasReaction" : true,
    "hasCustomTag" : false
  },
  "userId" : "17321"
}
Stored AttachmentID: 101
  When Create a BaseUserMessage using existing MessageId     # social_comments.BaseUserMessage.create_a_baseusermessage_using_existing_MessageId()
  Then The BaseUserMessage response should contain "id"      # social_comments.BaseUserMessage.the_baseusermessage_response_should_contain(java.lang.String)
  And The BaseUserMessage response status code should be 201 # social_comments.BaseUserMessage.the_baseusermessage_response_status_code_should_be(java.lang.Integer)
]]></system-out>
  </testcase>
  <testcase name="Creating a CustomTag" classname="End-to-end ResourceGraph and ResourceRegistries CRUD flow" time="4.036">
    <system-out><![CDATA[
@CustomTag
Scenario: Creating a CustomTag                         # src/test/resources/features/End_to_End_social_comments_flow.feature:62
  Given I have a CustomTag                             # social_comments.CustomTag.i_have_a_customtag()
{
  "content": "Great job on the project!",
  "type": "HASH",
  "payload": "Needs revision",
  "message": {
    "id": "160"
  },
  "referenceId": "COMM-REF-686"
}
POST CustomTag Status: 201
POST CustomTag Body: {
  "id" : 70,
  "createdDate" : "2025-10-16T09:56:12.113+00:00",
  "isRemoved" : false,
  "payload" : "Needs revision",
  "type" : "HASH",
  "message" : {
    "id" : 160,
    "hasCustomTemplate" : true,
    "decoratorLayer" : "INFO",
    "hasUserRecipient" : false,
    "hasChildren" : false,
    "isEdited" : true,
    "content" : "New login security features are now active across all systems.",
    "hasAttachment" : false,
    "isRemoved" : false,
    "messageType" : "EDIT_TICKLER",
    "messagePrivacy" : "ROLE",
    "caseId" : "CASE-7804-Q1",
    "userId" : "USR-20960",
    "parentId" : 25319,
    "externalIdentifiers" : "EXT-3412",
    "resourceGraph" : {
      "id" : 289,
      "resourceId" : "Meera Mirji"
    },
    "createdDate" : "2025-10-29T00:00:00.000+00:00",
    "flagStatus" : "LOW",
    "roleName" : "QA Manager",
    "hasCustomElement" : true,
    "hasReaction" : true,
    "hasCustomTag" : false
  },
  "referenceId" : "COMM-REF-686",
  "content" : "Great job on the project!"
}
Stored CustomTagID: 70
  When Create a CustomTag using existing MessageId     # social_comments.CustomTag.create_a_customtag_using_existing_MessageId()
  Then The CustomTag response should contain "id"      # social_comments.CustomTag.the_customtag_response_should_contain(java.lang.String)
  And The CustomTag response status code should be 201 # social_comments.CustomTag.the_customtag_response_status_code_should_be(java.lang.Integer)
]]></system-out>
  </testcase>
  <testcase name="Creating a CustomTemplate" classname="End-to-end ResourceGraph and ResourceRegistries CRUD flow" time="3.948">
    <system-out><![CDATA[
@CustomTemplate
Scenario: Creating a CustomTemplate                         # src/test/resources/features/End_to_End_social_comments_flow.feature:70
  Given I have a CustomTemplate                             # social_comments.CustomTemplate.i_have_a_customtemplate()
{
  "largeValue": "Customer Feedback Form",
  "templateType": "MACRO",
  "isCurrent": true,
  "smallValue": "Feedback",
  "name": "Rahul",
  "position": 4,
  "message": {
    "id": "160"
  },
  "mediumValue": "Detailed analysis of satisfaction trends"
}
POST CustomTemplate Status: 201
POST CustomTemplate Body: {
  "id" : 70,
  "templateType" : "MACRO",
  "largeValue" : "Customer Feedback Form",
  "isCurrent" : true,
  "smallValue" : "Feedback",
  "createdDate" : "2025-10-16T09:56:16.193+00:00",
  "name" : "Rahul",
  "position" : 4,
  "updatedDate" : "2025-10-16T09:56:16.193+00:00",
  "message" : {
    "id" : 160,
    "hasCustomTemplate" : true,
    "decoratorLayer" : "INFO",
    "hasUserRecipient" : false,
    "hasChildren" : false,
    "isEdited" : true,
    "content" : "New login security features are now active across all systems.",
    "hasAttachment" : false,
    "isRemoved" : false,
    "messageType" : "EDIT_TICKLER",
    "messagePrivacy" : "ROLE",
    "caseId" : "CASE-7804-Q1",
    "userId" : "USR-20960",
    "parentId" : 25319,
    "externalIdentifiers" : "EXT-3412",
    "resourceGraph" : {
      "id" : 289,
      "resourceId" : "Meera Mirji"
    },
    "createdDate" : "2025-10-29T00:00:00.000+00:00",
    "flagStatus" : "LOW",
    "roleName" : "QA Manager",
    "hasCustomElement" : true,
    "hasReaction" : true,
    "hasCustomTag" : false
  },
  "mediumValue" : "Detailed analysis of satisfaction trends"
}
Stored CustomTemplateID: 70
  When Create a CustomTemplate using existing MessageId     # social_comments.CustomTemplate.create_a_customtemplate_using_existing_MessageId()
  Then The CustomTemplate response should contain "id"      # social_comments.CustomTemplate.the_customtemplate_response_should_contain(java.lang.String)
  And The CustomTemplate response status code should be 201 # social_comments.CustomTemplate.the_customtemplate_response_status_code_should_be(java.lang.Integer)
]]></system-out>
  </testcase>
  <testcase name="Creating a UserCustomTemplate" classname="End-to-end ResourceGraph and ResourceRegistries CRUD flow" time="4.09">
    <system-out><![CDATA[
@UserCustomTemplate
Scenario: Creating a UserCustomTemplate                            # src/test/resources/features/End_to_End_social_comments_flow.feature:78
  Given I have a UserCustomTemplate                                # social_comments.UserCustomTemplate.i_have_a_usercustomtemplate()
{
  "payload": "Reminder",
  "type": "PINNED",
  "userId": "user_9894",
  "customTemplate": {
    "id": 70
  }
}
POST UserCustomTemplate Status: 201
POST UserCustomTemplate Body: {
  "id" : 61,
  "createdDate" : "2025-10-16T09:56:20.179+00:00",
  "payload" : "Reminder",
  "type" : "PINNED",
  "userId" : "user_9894",
  "customTemplate" : {
    "id" : 70,
    "templateType" : "MACRO",
    "largeValue" : "Customer Feedback Form",
    "isCurrent" : true,
    "smallValue" : "Feedback",
    "createdDate" : "2025-10-16T09:56:16.193+00:00",
    "name" : "Rahul",
    "position" : 4,
    "updatedDate" : "2025-10-16T09:56:16.193+00:00",
    "message" : {
      "id" : 160,
      "hasCustomTemplate" : true,
      "decoratorLayer" : "INFO",
      "hasUserRecipient" : false,
      "hasChildren" : false,
      "isEdited" : true,
      "content" : "New login security features are now active across all systems.",
      "hasAttachment" : false,
      "isRemoved" : false,
      "messageType" : "EDIT_TICKLER",
      "messagePrivacy" : "ROLE",
      "caseId" : "CASE-7804-Q1",
      "userId" : "USR-20960",
      "parentId" : 25319,
      "externalIdentifiers" : "EXT-3412",
      "resourceGraph" : {
        "id" : 289,
        "resourceId" : "Meera Mirji"
      },
      "createdDate" : "2025-10-29T00:00:00.000+00:00",
      "flagStatus" : "LOW",
      "roleName" : "QA Manager",
      "hasCustomElement" : true,
      "hasReaction" : true,
      "hasCustomTag" : false
    },
    "mediumValue" : "Detailed analysis of satisfaction trends"
  }
}
Stored UserCustomTemplateID: 61
  When Create a UserCustomTemplate using existing CustomTemplateId # social_comments.UserCustomTemplate.create_a_usercustomtemplate_using_existing_customtemplateId()
  Then The UserCustomTemplate response should contain "id"         # social_comments.UserCustomTemplate.the_usercustomtemplate_response_should_contain(java.lang.String)
  And The UserCustomTemplate response status code should be 201    # social_comments.UserCustomTemplate.the_usercustomtemplate_response_status_code_should_be(java.lang.Integer)
]]></system-out>
  </testcase>
  <testcase name="Creating a UserRecipient" classname="End-to-end ResourceGraph and ResourceRegistries CRUD flow" time="3.789">
    <system-out><![CDATA[
@UserRecipient
Scenario: Creating a UserRecipient                         # src/test/resources/features/End_to_End_social_comments_flow.feature:86
  Given I have a UserRecipient                             # social_comments.UserRecipient.i_have_a_userrecipient()
{
  "readState": "READ",
  "roleName": "Reviewer",
  "userId": "user_4244",
  "message": {
    "id": 160
  }
}
POST UserRecipient Status: 201
POST UserRecipient Body: {
  "id" : 63,
  "readState" : "READ",
  "roleName" : "Reviewer",
  "message" : {
    "id" : 160,
    "hasCustomTemplate" : true,
    "decoratorLayer" : "INFO",
    "hasUserRecipient" : false,
    "hasChildren" : false,
    "isEdited" : true,
    "content" : "New login security features are now active across all systems.",
    "hasAttachment" : false,
    "isRemoved" : false,
    "messageType" : "EDIT_TICKLER",
    "messagePrivacy" : "ROLE",
    "caseId" : "CASE-7804-Q1",
    "userId" : "USR-20960",
    "parentId" : 25319,
    "externalIdentifiers" : "EXT-3412",
    "resourceGraph" : {
      "id" : 289,
      "resourceId" : "Meera Mirji"
    },
    "createdDate" : "2025-10-29T00:00:00.000+00:00",
    "flagStatus" : "LOW",
    "roleName" : "QA Manager",
    "hasCustomElement" : true,
    "hasReaction" : true,
    "hasCustomTag" : false
  },
  "userId" : "user_4244"
}
Stored UserRecipientID: 63
  When Create a UserRecipient using existing MessageId     # social_comments.UserRecipient.create_a_userrecipient_using_existing_MessageId()
  Then The UserRecipient response should contain "id"      # social_comments.UserRecipient.the_userrecipient_response_should_contain(java.lang.String)
  And The UserRecipient response status code should be 201 # social_comments.UserRecipient.the_userrecipient_response_status_code_should_be(java.lang.Integer)
]]></system-out>
  </testcase>
  <testcase name="Fetching all Resources" classname="End-to-end ResourceGraph and ResourceRegistries CRUD flow" time="0.816">
    <system-out><![CDATA[
@Resource_Graph
Scenario: Fetching all Resources                       # src/test/resources/features/End_to_End_social_comments_flow.feature:94
Response Body:
{
  "_embedded" : {
    "resourceGraphs" : [ {
      "id" : 13,
      "resourceId" : "Aarav Kapoor",
      "_links" : {
        "self" : {
          "href" : "http://10.10.2.180:8099/resourceGraphs/13"
        },
        "resourceGraph" : {
          "href" : "http://10.10.2.180:8099/resourceGraphs/13"
        }
      }
    }, {
      "id" : 170,
      "resourceId" : "Abhishek Nag",
      "_links" : {
        "self" : {
          "href" : "http://10.10.2.180:8099/resourceGraphs/170"
        },
        "resourceGraph" : {
          "href" : "http://10.10.2.180:8099/resourceGraphs/170"
        }
      }
    }, {
      "id" : 210,
      "resourceId" : "Akshay Nair",
      "_links" : {
        "self" : {
          "href" : "http://10.10.2.180:8099/resourceGraphs/210"
        },
        "resourceGraph" : {
          "href" : "http://10.10.2.180:8099/resourceGraphs/210"
        }
      }
    }, {
      "id" : 219,
      "resourceId" : "Amruth Sharma",
      "_links" : {
        "self" : {
          "href" : "http://10.10.2.180:8099/resourceGraphs/219"
        },
        "resourceGraph" : {
          "href" : "http://10.10.2.180:8099/resourceGraphs/219"
        }
      }
    }, {
      "id" : 187,
      "resourceId" : "Chetan Iyer",
      "_links" : {
        "self" : {
          "href" : "http://10.10.2.180:8099/resourceGraphs/187"
        },
        "resourceGraph" : {
          "href" : "http://10.10.2.180:8099/resourceGraphs/187"
        }
      }
    }, {
      "id" : 11,
      "resourceId" : "Chetan Patil",
      "_links" : {
        "self" : {
          "href" : "http://10.10.2.180:8099/resourceGraphs/11"
        },
        "resourceGraph" : {
          "href" : "http://10.10.2.180:8099/resourceGraphs/11"
        }
      }
    }, {
      "id" : 200,
      "resourceId" : "Dilip Dodda",
      "_links" : {
        "self" : {
          "href" : "http://10.10.2.180:8099/resourceGraphs/200"
        },
        "resourceGraph" : {
          "href" : "http://10.10.2.180:8099/resourceGraphs/200"
        }
      }
    }, {
      "id" : 276,
      "resourceId" : "Dilip Nair",
      "_links" : {
        "self" : {
          "href" : "http://10.10.2.180:8099/resourceGraphs/276"
        },
        "resourceGraph" : {
          "href" : "http://10.10.2.180:8099/resourceGraphs/276"
        }
      }
    }, {
      "id" : 209,
      "resourceId" : "Dilip Thomas",
      "_links" : {
        "self" : {
          "href" : "http://10.10.2.180:8099/resourceGraphs/209"
        },
        "resourceGraph" : {
          "href" : "http://10.10.2.180:8099/resourceGraphs/209"
        }
      }
    }, {
      "id" : 2,
      "resourceId" : "Ethan Clarke",
      "_links" : {
        "self" : {
          "href" : "http://10.10.2.180:8099/resourceGraphs/2"
        },
        "resourceGraph" : {
          "href" : "http://10.10.2.180:8099/resourceGraphs/2"
        }
      }
    }, {
      "id" : 12,
      "resourceId" : "iron",
      "_links" : {
        "self" : {
          "href" : "http://10.10.2.180:8099/resourceGraphs/12"
        },
        "resourceGraph" : {
          "href" : "http://10.10.2.180:8099/resourceGraphs/12"
        }
      }
    }, {
      "id" : 152,
      "resourceId" : "Karan Iyer",
      "_links" : {
        "self" : {
          "href" : "http://10.10.2.180:8099/resourceGraphs/152"
        },
        "resourceGraph" : {
          "href" : "http://10.10.2.180:8099/resourceGraphs/152"
        }
      }
    }, {
      "id" : 90,
      "resourceId" : "Karan Thomas",
      "_links" : {
        "self" : {
          "href" : "http://10.10.2.180:8099/resourceGraphs/90"
        },
        "resourceGraph" : {
          "href" : "http://10.10.2.180:8099/resourceGraphs/90"
        }
      }
    }, {
      "id" : 158,
      "resourceId" : "Kevin Das",
      "_links" : {
        "self" : {
          "href" : "http://10.10.2.180:8099/resourceGraphs/158"
        },
        "resourceGraph" : {
          "href" : "http://10.10.2.180:8099/resourceGraphs/158"
        }
      }
    }, {
      "id" : 96,
      "resourceId" : "Kevin Nair",
      "_links" : {
        "self" : {
          "href" : "http://10.10.2.180:8099/resourceGraphs/96"
        },
        "resourceGraph" : {
          "href" : "http://10.10.2.180:8099/resourceGraphs/96"
        }
      }
    }, {
      "id" : 119,
      "resourceId" : "Kevin Singh",
      "_links" : {
        "self" : {
          "href" : "http://10.10.2.180:8099/resourceGraphs/119"
        },
        "resourceGraph" : {
          "href" : "http://10.10.2.180:8099/resourceGraphs/119"
        }
      }
    }, {
      "id" : 1,
      "resourceId" : "kiran",
      "_links" : {
        "self" : {
          "href" : "http://10.10.2.180:8099/resourceGraphs/1"
        },
        "resourceGraph" : {
          "href" : "http://10.10.2.180:8099/resourceGraphs/1"
        }
      }
    }, {
      "id" : 4,
      "resourceId" : "kiru",
      "_links" : {
        "self" : {
          "href" : "http://10.10.2.180:8099/resourceGraphs/4"
        },
        "resourceGraph" : {
          "href" : "http://10.10.2.180:8099/resourceGraphs/4"
        }
      }
    }, {
      "id" : 115,
      "resourceId" : "Leena Singh",
      "_links" : {
        "self" : {
          "href" : "http://10.10.2.180:8099/resourceGraphs/115"
        },
        "resourceGraph" : {
          "href" : "http://10.10.2.180:8099/resourceGraphs/115"
        }
      }
    }, {
      "id" : 58,
      "resourceId" : "Leena Thomas",
      "_links" : {
        "self" : {
          "href" : "http://10.10.2.180:8099/resourceGraphs/58"
        },
        "resourceGraph" : {
          "href" : "http://10.10.2.180:8099/resourceGraphs/58"
        }
      }
    } ]
  },
  "_links" : {
    "first" : {
      "href" : "http://10.10.2.180:8099/resourceGraphs?page=0&size=20"
    },
    "self" : {
      "href" : "http://10.10.2.180:8099/resourceGraphs?page=0&size=20"
    },
    "next" : {
      "href" : "http://10.10.2.180:8099/resourceGraphs?page=1&size=20"
    },
    "last" : {
      "href" : "http://10.10.2.180:8099/resourceGraphs?page=2&size=20"
    },
    "profile" : {
      "href" : "http://10.10.2.180:8099/profile/resourceGraphs"
    },
    "search" : {
      "href" : "http://10.10.2.180:8099/resourceGraphs/search"
    }
  },
  "page" : {
    "size" : 20,
    "totalElements" : 57,
    "totalPages" : 3,
    "number" : 0
  }
}
Status Code: 200
  When Fetch All ResourceID Details                    # social_comments.ResourceGraph.Fetch_All_resourceid_Details()
  Then The Resource response status code should be 200 # social_comments.ResourceGraph.the_resource_response_status_code_should_be(java.lang.Integer)
  And The Resource response should contain "id"        # social_comments.ResourceGraph.the_resource_response_should_contain(java.lang.String)
]]></system-out>
  </testcase>
  <testcase name="Get ResourceID Details with ID" classname="End-to-end ResourceGraph and ResourceRegistries CRUD flow" time="0.713">
    <system-out><![CDATA[
@Resource_Graph
Scenario: Get ResourceID Details with ID               # src/test/resources/features/End_to_End_social_comments_flow.feature:101
Response Body:
{
  "id" : 289,
  "resourceId" : "Meera Mirji"
}
Status Code: 200
  When Fetch resourceID Details with ID                # social_comments.ResourceGraph.Fetch_resourceID_Details_with_ID()
  Then The Resource response status code should be 200 # social_comments.ResourceGraph.the_resource_response_status_code_should_be(java.lang.Integer)
]]></system-out>
  </testcase>
  <testcase name="Creating resource with ID" classname="End-to-end ResourceGraph and ResourceRegistries CRUD flow" time="0.834">
    <failure message="expected:&lt;201&gt; but was:&lt;400&gt;" type="java.lang.AssertionError"><![CDATA[java.lang.AssertionError: expected:<201> but was:<400>
	at org.junit.Assert.fail(Assert.java:89)
	at org.junit.Assert.failNotEquals(Assert.java:835)
	at org.junit.Assert.assertEquals(Assert.java:647)
	at org.junit.Assert.assertEquals(Assert.java:633)
	at social_comments.ResourceGraph.the_resource_response_status_code_should_be(ResourceGraph.java:265)
	at ✽.The Resource response status code should be 201(file:///C:/Users/cpatil/eclipse-workspace/social_comments/src/test/resources/features/End_to_End_social_comments_flow.feature:109)
]]></failure>
    <system-out><![CDATA[
@Negative_for_Resource_Graph
Scenario: Creating resource with ID                    # src/test/resources/features/End_to_End_social_comments_flow.feature:106
Resource JSON:
{
  "resourceId": "Meera Mirji"
}
  Given I have a ResourceID with ID                    # social_comments.ResourceGraph.i_have_a_resourceid_with_id()
Response Body:
{"appName":"social-comments-model","httpStatus":"BAD_REQUEST","statusCode":400,"timestamp":"2025-10-16T09:56:29.620Z","errorDescription":"Duplicate entry 'Meera Mirji' for key 'ResourceGraph.UKiixuqmb0ujc2hkm05f0qwtf9j'","cause":"Duplicate entry 'Meera Mirji' for key 'ResourceGraph.UKiixuqmb0ujc2hkm05f0qwtf9j'","params":{},"path":"uri=/resourceGraphs"}
Status Code: 400
Stored ResourceID: 289
  When Create New ResourceID with ID                   # social_comments.ResourceGraph.Create_new_resourceid_with_id()
  Then The Resource response status code should be 201 # social_comments.ResourceGraph.the_resource_response_status_code_should_be(java.lang.Integer)
      java.lang.AssertionError: expected:<201> but was:<400>
	at org.junit.Assert.fail(Assert.java:89)
	at org.junit.Assert.failNotEquals(Assert.java:835)
	at org.junit.Assert.assertEquals(Assert.java:647)
	at org.junit.Assert.assertEquals(Assert.java:633)
	at social_comments.ResourceGraph.the_resource_response_status_code_should_be(ResourceGraph.java:265)
	at ✽.The Resource response status code should be 201(file:///C:/Users/cpatil/eclipse-workspace/social_comments/src/test/resources/features/End_to_End_social_comments_flow.feature:109)

  And The Resource response should contain "id"        # social_comments.ResourceGraph.the_resource_response_should_contain(java.lang.String)
]]></system-out>
  </testcase>
  <testcase name="Updating PUT ResourceID Details with ID" classname="End-to-end ResourceGraph and ResourceRegistries CRUD flow" time="3.875">
    <system-out><![CDATA[
@Resource_Graph
Scenario: Updating PUT ResourceID Details with ID      # src/test/resources/features/End_to_End_social_comments_flow.feature:114
PUT Response Body:
{
  "id" : 289,
  "resourceId" : "Vinod Nair"
}
Status Code: 200
  When Update ResourceID                               # social_comments.ResourceGraph.Update_ResourceID()
  Then The Resource response status code should be 200 # social_comments.ResourceGraph.the_resource_response_status_code_should_be(java.lang.Integer)
]]></system-out>
  </testcase>
  <testcase name="Updating Patch ResourceID Request" classname="End-to-end ResourceGraph and ResourceRegistries CRUD flow" time="3.896">
    <system-out><![CDATA[
@Resource_Graph
Scenario: Updating Patch ResourceID Request            # src/test/resources/features/End_to_End_social_comments_flow.feature:120
PATCH Request Body:
{
  "resourceId": "Akshay Sharma"
}
PATCH Response Body:
{
  "id" : 289,
  "resourceId" : "Akshay Sharma"
}
Status Code: 200
  When Update Patch ResourceID                         # social_comments.ResourceGraph.Update_Patch_ResourceID()
  Then The Resource response status code should be 200 # social_comments.ResourceGraph.the_resource_response_status_code_should_be(java.lang.Integer)
]]></system-out>
  </testcase>
  <testcase name="Fetching all ResourceRegistries" classname="End-to-end ResourceGraph and ResourceRegistries CRUD flow" time="1.218">
    <system-out><![CDATA[
@Resource_Registries
Scenario: Fetching all ResourceRegistries                        # src/test/resources/features/End_to_End_social_comments_flow.feature:126
Response Body:
{
  "_embedded" : {
    "resourceRegistries" : [ {
      "id" : 1,
      "resourceGraph" : {
        "id" : 2,
        "resourceId" : "Ethan Clarke"
      },
      "createdDate" : "2025-08-04T06:59:59.610+00:00",
      "isRemoved" : false,
      "resourceName" : "Marcus Nguyen",
      "label" : "Marcus Nguyen",
      "resourceValue" : "Marcus Nguyen",
      "_links" : {
        "self" : {
          "href" : "http://10.10.2.180:8099/resourceRegistries/1"
        },
        "resourceRegistry" : {
          "href" : "http://10.10.2.180:8099/resourceRegistries/1"
        }
      }
    }, {
      "id" : 2,
      "resourceGraph" : {
        "id" : 1,
        "resourceId" : "kiran"
      },
      "createdDate" : "2025-08-06T05:31:28.880+00:00",
      "isRemoved" : true,
      "resourceName" : "raj",
      "label" : "string",
      "resourceValue" : "string",
      "_links" : {
        "self" : {
          "href" : "http://10.10.2.180:8099/resourceRegistries/2"
        },
        "resourceRegistry" : {
          "href" : "http://10.10.2.180:8099/resourceRegistries/2"
        }
      }
    }, {
      "id" : 3,
      "resourceGraph" : {
        "id" : 11,
        "resourceId" : "Chetan Patil"
      },
      "createdDate" : "2025-08-06T06:10:53.432+00:00",
      "isRemoved" : false,
      "resourceName" : "Marcus Nguyen",
      "label" : "Marcus Nguyen",
      "resourceValue" : "Marcus Nguyen",
      "_links" : {
        "self" : {
          "href" : "http://10.10.2.180:8099/resourceRegistries/3"
        },
        "resourceRegistry" : {
          "href" : "http://10.10.2.180:8099/resourceRegistries/3"
        }
      }
    }, {
      "id" : 4,
      "resourceGraph" : {
        "id" : 13,
        "resourceId" : "Aarav Kapoor"
      },
      "createdDate" : "2025-08-06T10:36:07.696+00:00",
      "isRemoved" : false,
      "resourceName" : "Rohan Mehta",
      "label" : "Rohan Mehta",
      "resourceValue" : "Rohan Mehta",
      "_links" : {
        "self" : {
          "href" : "http://10.10.2.180:8099/resourceRegistries/4"
        },
        "resourceRegistry" : {
          "href" : "http://10.10.2.180:8099/resourceRegistries/4"
        }
      }
    }, {
      "id" : 8,
      "createdDate" : "2025-10-06T09:32:05.921+00:00",
      "isRemoved" : false,
      "resourceName" : "Arjun Kapoor",
      "label" : "Leena Iyer",
      "resourceValue" : "Karan Thomas",
      "_links" : {
        "self" : {
          "href" : "http://10.10.2.180:8099/resourceRegistries/8"
        },
        "resourceRegistry" : {
          "href" : "http://10.10.2.180:8099/resourceRegistries/8"
        }
      }
    }, {
      "id" : 9,
      "createdDate" : "2025-10-06T09:37:31.860+00:00",
      "isRemoved" : false,
      "resourceName" : "Rohan Das",
      "label" : "Kevin Sharma",
      "resourceValue" : "Leena Menon",
      "_links" : {
        "self" : {
          "href" : "http://10.10.2.180:8099/resourceRegistries/9"
        },
        "resourceRegistry" : {
          "href" : "http://10.10.2.180:8099/resourceRegistries/9"
        }
      }
    }, {
      "id" : 10,
      "createdDate" : "2025-10-06T12:27:43.769+00:00",
      "isRemoved" : false,
      "resourceName" : "Meera Nair",
      "label" : "Vikram Thomas",
      "resourceValue" : "Vikram Das",
      "_links" : {
        "self" : {
          "href" : "http://10.10.2.180:8099/resourceRegistries/10"
        },
        "resourceRegistry" : {
          "href" : "http://10.10.2.180:8099/resourceRegistries/10"
        }
      }
    }, {
      "id" : 11,
      "createdDate" : "2025-10-06T12:34:57.952+00:00",
      "isRemoved" : false,
      "resourceName" : "Vikram Iyer",
      "label" : "Priya Menon",
      "resourceValue" : "Vikram Menon",
      "_links" : {
        "self" : {
          "href" : "http://10.10.2.180:8099/resourceRegistries/11"
        },
        "resourceRegistry" : {
          "href" : "http://10.10.2.180:8099/resourceRegistries/11"
        }
      }
    }, {
      "id" : 12,
      "createdDate" : "2025-10-06T12:37:22.349+00:00",
      "isRemoved" : false,
      "resourceName" : "Vikram Kapoor",
      "label" : "Vikram Kapoor",
      "resourceValue" : "Vikram Kapoor",
      "_links" : {
        "self" : {
          "href" : "http://10.10.2.180:8099/resourceRegistries/12"
        },
        "resourceRegistry" : {
          "href" : "http://10.10.2.180:8099/resourceRegistries/12"
        }
      }
    }, {
      "id" : 13,
      "createdDate" : "2025-10-06T12:45:26.764+00:00",
      "isRemoved" : false,
      "resourceName" : "Meera Nair",
      "label" : "Meera Nair",
      "resourceValue" : "Meera Nair",
      "_links" : {
        "self" : {
          "href" : "http://10.10.2.180:8099/resourceRegistries/13"
        },
        "resourceRegistry" : {
          "href" : "http://10.10.2.180:8099/resourceRegistries/13"
        }
      }
    }, {
      "id" : 14,
      "createdDate" : "2025-10-06T12:45:30.671+00:00",
      "isRemoved" : false,
      "resourceName" : "Arjun Das",
      "label" : "Arjun Das",
      "resourceValue" : "Arjun Das",
      "_links" : {
        "self" : {
          "href" : "http://10.10.2.180:8099/resourceRegistries/14"
        },
        "resourceRegistry" : {
          "href" : "http://10.10.2.180:8099/resourceRegistries/14"
        }
      }
    }, {
      "id" : 15,
      "createdDate" : "2025-10-06T12:46:29.694+00:00",
      "isRemoved" : false,
      "resourceName" : "Arjun Das",
      "label" : "Arjun Das",
      "resourceValue" : "Arjun Das",
      "_links" : {
        "self" : {
          "href" : "http://10.10.2.180:8099/resourceRegistries/15"
        },
        "resourceRegistry" : {
          "href" : "http://10.10.2.180:8099/resourceRegistries/15"
        }
      }
    }, {
      "id" : 16,
      "createdDate" : "2025-10-06T12:48:23.365+00:00",
      "isRemoved" : false,
      "resourceName" : "Arjun Nair",
      "label" : "Arjun Nair",
      "resourceValue" : "Arjun Nair",
      "_links" : {
        "self" : {
          "href" : "http://10.10.2.180:8099/resourceRegistries/16"
        },
        "resourceRegistry" : {
          "href" : "http://10.10.2.180:8099/resourceRegistries/16"
        }
      }
    }, {
      "id" : 17,
      "createdDate" : "2025-10-06T12:50:37.024+00:00",
      "isRemoved" : false,
      "resourceName" : "Karan Das",
      "label" : "Karan Das",
      "resourceValue" : "Karan Das",
      "_links" : {
        "self" : {
          "href" : "http://10.10.2.180:8099/resourceRegistries/17"
        },
        "resourceRegistry" : {
          "href" : "http://10.10.2.180:8099/resourceRegistries/17"
        }
      }
    }, {
      "id" : 18,
      "createdDate" : "2025-10-06T15:20:15.579+00:00",
      "isRemoved" : false,
      "resourceName" : "Rohan Kapoor",
      "label" : "Rohan Kapoor",
      "resourceValue" : "Rohan Kapoor",
      "_links" : {
        "self" : {
          "href" : "http://10.10.2.180:8099/resourceRegistries/18"
        },
        "resourceRegistry" : {
          "href" : "http://10.10.2.180:8099/resourceRegistries/18"
        }
      }
    }, {
      "id" : 19,
      "createdDate" : "2025-10-06T15:23:09.185+00:00",
      "isRemoved" : false,
      "resourceName" : "Vikram Iyer",
      "label" : "Vikram Iyer",
      "resourceValue" : "Vikram Iyer",
      "_links" : {
        "self" : {
          "href" : "http://10.10.2.180:8099/resourceRegistries/19"
        },
        "resourceRegistry" : {
          "href" : "http://10.10.2.180:8099/resourceRegistries/19"
        }
      }
    }, {
      "id" : 20,
      "createdDate" : "2025-10-06T15:26:20.965+00:00",
      "isRemoved" : false,
      "resourceName" : "Kevin Thomas",
      "label" : "Kevin Thomas",
      "resourceValue" : "Kevin Thomas",
      "_links" : {
        "self" : {
          "href" : "http://10.10.2.180:8099/resourceRegistries/20"
        },
        "resourceRegistry" : {
          "href" : "http://10.10.2.180:8099/resourceRegistries/20"
        }
      }
    }, {
      "id" : 21,
      "createdDate" : "2025-10-06T16:01:35.632+00:00",
      "isRemoved" : false,
      "resourceName" : "Kevin Iyer",
      "label" : "Kevin Iyer",
      "resourceValue" : "Kevin Iyer",
      "_links" : {
        "self" : {
          "href" : "http://10.10.2.180:8099/resourceRegistries/21"
        },
        "resourceRegistry" : {
          "href" : "http://10.10.2.180:8099/resourceRegistries/21"
        }
      }
    }, {
      "id" : 22,
      "createdDate" : "2025-10-07T06:55:57.282+00:00",
      "isRemoved" : false,
      "resourceName" : "Arjun Das",
      "label" : "Arjun Das",
      "resourceValue" : "Arjun Das",
      "_links" : {
        "self" : {
          "href" : "http://10.10.2.180:8099/resourceRegistries/22"
        },
        "resourceRegistry" : {
          "href" : "http://10.10.2.180:8099/resourceRegistries/22"
        }
      }
    }, {
      "id" : 23,
      "createdDate" : "2025-10-07T13:06:08.827+00:00",
      "isRemoved" : false,
      "resourceName" : "Meera Thomas",
      "label" : "Meera Thomas",
      "resourceValue" : "Meera Thomas",
      "_links" : {
        "self" : {
          "href" : "http://10.10.2.180:8099/resourceRegistries/23"
        },
        "resourceRegistry" : {
          "href" : "http://10.10.2.180:8099/resourceRegistries/23"
        }
      }
    } ]
  },
  "_links" : {
    "first" : {
      "href" : "http://10.10.2.180:8099/resourceRegistries?page=0&size=20"
    },
    "self" : {
      "href" : "http://10.10.2.180:8099/resourceRegistries?page=0&size=20"
    },
    "next" : {
      "href" : "http://10.10.2.180:8099/resourceRegistries?page=1&size=20"
    },
    "last" : {
      "href" : "http://10.10.2.180:8099/resourceRegistries?page=2&size=20"
    },
    "profile" : {
      "href" : "http://10.10.2.180:8099/profile/resourceRegistries"
    },
    "search" : {
      "href" : "http://10.10.2.180:8099/resourceRegistries/search"
    }
  },
  "page" : {
    "size" : 20,
    "totalElements" : 55,
    "totalPages" : 3,
    "number" : 0
  }
}
Status Code: 200
  When Fetch All ResourceRegistriesID Details                    # social_comments.ResourceRegistries.Fetch_All_resourceregistriesid_Details()
  Then The ResourceRegistries response status code should be 200 # social_comments.ResourceRegistries.the_resource_registries_response_status_code_should_be(java.lang.Integer)
  And The ResourceRegistries response should contain "id"        # social_comments.ResourceRegistries.the_resource_registries_response_should_contain(java.lang.String)
]]></system-out>
  </testcase>
  <testcase name="Get ResourceRegistriesID Details with ID" classname="End-to-end ResourceGraph and ResourceRegistries CRUD flow" time="0.743">
    <system-out><![CDATA[
@Resource_Registries
Scenario: Get ResourceRegistriesID Details with ID               # src/test/resources/features/End_to_End_social_comments_flow.feature:133
Response Body:
{
  "id" : 197,
  "resourceGraph" : {
    "id" : 289,
    "resourceId" : "Akshay Sharma"
  },
  "createdDate" : "2025-10-16T09:55:47.003+00:00",
  "isRemoved" : false,
  "resourceName" : "Rohan Thomas",
  "label" : "Rohan Thomas",
  "resourceValue" : "Rohan Thomas"
}
Status Code: 200
  When Fetch ResourceRegistriesID Details with ID                # social_comments.ResourceRegistries.Fetch_resourceID_Details_with_ID()
  Then The ResourceRegistries response status code should be 200 # social_comments.ResourceRegistries.the_resource_registries_response_status_code_should_be(java.lang.Integer)
]]></system-out>
  </testcase>
  <testcase name="Updating PUT ResourceRegistriry Details with ID #1" classname="End-to-end ResourceGraph and ResourceRegistries CRUD flow" time="3.758">
    <system-out><![CDATA[
@Resource_Registries
Scenario: Updating PUT ResourceRegistriry Details with ID        # src/test/resources/features/End_to_End_social_comments_flow.feature:139
PUT Response Body:
{
  "id" : 197,
  "resourceGraph" : {
    "id" : 289,
    "resourceId" : "Akshay Sharma"
  },
  "createdDate" : "2025-10-16T09:55:47.003+00:00",
  "isRemoved" : false,
  "resourceName" : "Meera Mirji",
  "label" : "Meera Mirji",
  "resourceValue" : "Meera Mirji"
}
Status Code: 200
  When Update ResourceRegistryID                                 # social_comments.ResourceRegistries.Update_ResourceRegistryID()
  Then The ResourceRegistries response status code should be 200 # social_comments.ResourceRegistries.the_resource_registries_response_status_code_should_be(java.lang.Integer)
]]></system-out>
  </testcase>
  <testcase name="Updating Patch ResourceRegistries request" classname="End-to-end ResourceGraph and ResourceRegistries CRUD flow" time="3.688">
    <system-out><![CDATA[
@Resource_Registries
Scenario: Updating Patch ResourceRegistries request              # src/test/resources/features/End_to_End_social_comments_flow.feature:145
PATCH Request Body:
{
  "resourceGraph": {
    "id": 289
  },
  "createdDate": "",
  "resourceName": "Dilip Nag",
  "label": "Dilip Nag",
  "resourceValue": "Dilip Nag"
}
PATCH Response Body:
{
  "id" : 197,
  "resourceGraph" : {
    "id" : 289,
    "resourceId" : "Akshay Sharma"
  },
  "createdDate" : "2025-10-16T09:55:47.003+00:00",
  "isRemoved" : false,
  "resourceName" : "Dilip Nag",
  "label" : "Dilip Nag",
  "resourceValue" : "Dilip Nag"
}
Status Code: 200
  When Update Patch ResourceRegistriesID                         # social_comments.ResourceRegistries.Update_Patch_ResourceRegistriesID()
  Then The ResourceRegistries response status code should be 200 # social_comments.ResourceRegistries.the_resource_registries_response_status_code_should_be(java.lang.Integer)
]]></system-out>
  </testcase>
  <testcase name="Fetching all Message" classname="End-to-end ResourceGraph and ResourceRegistries CRUD flow" time="1.534">
    <system-out><![CDATA[
@Message
Scenario: Fetching all Message                       # src/test/resources/features/End_to_End_social_comments_flow.feature:150
Response Body:
{
  "_embedded" : {
    "messages" : [ {
      "id" : 3,
      "hasCustomTemplate" : true,
      "decoratorLayer" : "ester",
      "hasUserRecipient" : true,
      "hasChildren" : true,
      "isEdited" : true,
      "updatedDate" : "2025-08-07T00:00:00.000+00:00",
      "content" : "dcontentddd",
      "hasAttachment" : true,
      "isRemoved" : true,
      "messageType" : "REPLY_TICKLER",
      "messagePrivacy" : "ROLE",
      "caseId" : "2508askd",
      "userId" : "ravi-tester",
      "rootMessageId" : 325,
      "parentId" : 875,
      "externalIdentifiers" : "dddd",
      "resourceGraph" : {
        "id" : 10,
        "resourceId" : "resource-tester"
      },
      "createdDate" : "2025-07-24T00:00:00.000+00:00",
      "flagStatus" : "flaggg",
      "roleName" : "src",
      "hasCustomElement" : true,
      "hasReaction" : true,
      "hasCustomTag" : true,
      "_links" : {
        "self" : {
          "href" : "http://10.10.2.180:8099/messages/3"
        },
        "message" : {
          "href" : "http://10.10.2.180:8099/messages/3"
        }
      }
    }, {
      "id" : 4,
      "hasCustomTemplate" : true,
      "decoratorLayer" : "aaaa",
      "hasUserRecipient" : true,
      "hasChildren" : true,
      "isEdited" : true,
      "updatedDate" : "2025-07-11T00:00:00.000+00:00",
      "content" : "dddd",
      "hasAttachment" : false,
      "isRemoved" : true,
      "messageType" : "REPLY_TICKLER",
      "messagePrivacy" : "ROLE",
      "caseId" : "dddd",
      "userId" : "ravi",
      "rootMessageId" : 325,
      "parentId" : 875,
      "externalIdentifiers" : "dddd",
      "resourceGraph" : {
        "id" : 1,
        "resourceId" : "kiran"
      },
      "createdDate" : "2025-07-10T00:00:00.000+00:00",
      "flagStatus" : "dddd",
      "roleName" : "dddd",
      "hasCustomElement" : true,
      "hasReaction" : true,
      "hasCustomTag" : true,
      "_links" : {
        "self" : {
          "href" : "http://10.10.2.180:8099/messages/4"
        },
        "message" : {
          "href" : "http://10.10.2.180:8099/messages/4"
        }
      }
    }, {
      "id" : 5,
      "hasCustomTemplate" : false,
      "decoratorLayer" : "aaaa",
      "hasUserRecipient" : false,
      "hasChildren" : true,
      "isEdited" : true,
      "updatedDate" : "2025-07-11T00:00:00.000+00:00",
      "content" : "dddd",
      "hasAttachment" : false,
      "isRemoved" : true,
      "messageType" : "REPLY_TICKLER",
      "messagePrivacy" : "ROLE",
      "caseId" : "dddd",
      "userId" : "ravi",
      "rootMessageId" : 325,
      "parentId" : 875,
      "externalIdentifiers" : "dddd",
      "resourceGraph" : {
        "id" : 1,
        "resourceId" : "kiran"
      },
      "createdDate" : "2025-07-10T00:00:00.000+00:00",
      "flagStatus" : "dddd",
      "roleName" : "dddd",
      "hasCustomElement" : false,
      "hasReaction" : false,
      "hasCustomTag" : false,
      "_links" : {
        "self" : {
          "href" : "http://10.10.2.180:8099/messages/5"
        },
        "message" : {
          "href" : "http://10.10.2.180:8099/messages/5"
        }
      }
    }, {
      "id" : 6,
      "hasCustomTemplate" : false,
      "decoratorLayer" : "aaaa",
      "hasUserRecipient" : false,
      "hasChildren" : false,
      "isEdited" : true,
      "updatedDate" : "2025-07-11T00:00:00.000+00:00",
      "content" : "dddd",
      "hasAttachment" : false,
      "isRemoved" : true,
      "messageType" : "REPLY_TICKLER",
      "messagePrivacy" : "ROLE",
      "caseId" : "dddd",
      "userId" : "ravi",
      "rootMessageId" : 325,
      "parentId" : 875,
      "externalIdentifiers" : "dddd",
      "resourceGraph" : {
        "id" : 1,
        "resourceId" : "kiran"
      },
      "createdDate" : "2025-07-10T00:00:00.000+00:00",
      "flagStatus" : "dddd",
      "roleName" : "dddd",
      "hasCustomElement" : false,
      "hasReaction" : false,
      "hasCustomTag" : false,
      "_links" : {
        "self" : {
          "href" : "http://10.10.2.180:8099/messages/6"
        },
        "message" : {
          "href" : "http://10.10.2.180:8099/messages/6"
        }
      }
    }, {
      "id" : 7,
      "hasCustomTemplate" : true,
      "decoratorLayer" : "WARNING",
      "hasUserRecipient" : true,
      "hasChildren" : true,
      "isEdited" : true,
      "updatedDate" : "2025-10-16T08:54:22.412+00:00",
      "content" : "Please review the updated task and provide",
      "hasAttachment" : true,
      "isRemoved" : false,
      "messageType" : "DOODLE_TICKLER",
      "messagePrivacy" : "USER",
      "caseId" : "CASE5678",
      "userId" : "78234",
      "rootMessageId" : 88888,
      "parentId" : 77777,
      "externalIdentifiers" : "EXT-789012",
      "resourceGraph" : {
        "id" : 12,
        "resourceId" : "iron"
      },
      "createdDate" : "2025-08-06T08:15:00.000+00:00",
      "flagStatus" : "URGENT",
      "roleName" : "Approver",
      "hasCustomElement" : false,
      "hasReaction" : true,
      "hasCustomTag" : true,
      "_links" : {
        "self" : {
          "href" : "http://10.10.2.180:8099/messages/7"
        },
        "message" : {
          "href" : "http://10.10.2.180:8099/messages/7"
        }
      }
    }, {
      "id" : 8,
      "hasCustomTemplate" : false,
      "decoratorLayer" : "aaaa",
      "hasUserRecipient" : false,
      "hasChildren" : false,
      "isEdited" : true,
      "updatedDate" : "2025-07-11T00:00:00.000+00:00",
      "content" : "dddd",
      "hasAttachment" : false,
      "isRemoved" : false,
      "messageType" : "REPLY_TICKLER",
      "messagePrivacy" : "ROLE",
      "caseId" : "dddd",
      "userId" : "ravi",
      "rootMessageId" : 325,
      "parentId" : 875,
      "externalIdentifiers" : "dddd",
      "resourceGraph" : {
        "id" : 11,
        "resourceId" : "Chetan Patil"
      },
      "createdDate" : "2025-07-10T00:00:00.000+00:00",
      "flagStatus" : "dddd",
      "roleName" : "dddd",
      "hasCustomElement" : false,
      "hasReaction" : false,
      "hasCustomTag" : false,
      "_links" : {
        "self" : {
          "href" : "http://10.10.2.180:8099/messages/8"
        },
        "message" : {
          "href" : "http://10.10.2.180:8099/messages/8"
        }
      }
    }, {
      "id" : 14,
      "hasCustomTemplate" : true,
      "decoratorLayer" : "WARNING",
      "hasUserRecipient" : true,
      "hasChildren" : true,
      "isEdited" : true,
      "updatedDate" : "2025-08-06T09:30:00.000+00:00",
      "content" : "Please review the updated task and provide feedback.",
      "hasAttachment" : true,
      "isRemoved" : false,
      "messageType" : "DOODLE_TICKLER",
      "messagePrivacy" : "USER",
      "caseId" : "CASE5678",
      "userId" : "78235",
      "rootMessageId" : 88889,
      "parentId" : 77779,
      "externalIdentifiers" : "EXT-789012",
      "resourceGraph" : {
        "id" : 11,
        "resourceId" : "Chetan Patil"
      },
      "createdDate" : "2025-08-06T08:15:00.000+00:00",
      "flagStatus" : "URGENT",
      "roleName" : "Approver",
      "hasCustomElement" : true,
      "hasReaction" : true,
      "hasCustomTag" : true,
      "_links" : {
        "self" : {
          "href" : "http://10.10.2.180:8099/messages/14"
        },
        "message" : {
          "href" : "http://10.10.2.180:8099/messages/14"
        }
      }
    }, {
      "id" : 15,
      "hasCustomTemplate" : true,
      "decoratorLayer" : "WARNING",
      "hasUserRecipient" : true,
      "hasChildren" : true,
      "isEdited" : true,
      "updatedDate" : "2025-08-06T09:30:00.000+00:00",
      "content" : "Please review the updated task.",
      "hasAttachment" : true,
      "isRemoved" : false,
      "messageType" : "SOURCE_CODE",
      "messagePrivacy" : "ONLY_ME",
      "caseId" : "479515",
      "userId" : "78235",
      "rootMessageId" : 74896,
      "parentId" : 79697,
      "externalIdentifiers" : "789012",
      "resourceGraph" : {
        "id" : 13,
        "resourceId" : "Aarav Kapoor"
      },
      "createdDate" : "2025-08-06T08:15:00.000+00:00",
      "flagStatus" : "URGENT",
      "roleName" : "Approver",
      "hasCustomElement" : true,
      "hasReaction" : true,
      "hasCustomTag" : true,
      "_links" : {
        "self" : {
          "href" : "http://10.10.2.180:8099/messages/15"
        },
        "message" : {
          "href" : "http://10.10.2.180:8099/messages/15"
        }
      }
    }, {
      "id" : 23,
      "hasCustomTemplate" : false,
      "decoratorLayer" : "WARNING",
      "hasUserRecipient" : false,
      "hasChildren" : false,
      "isEdited" : false,
      "updatedDate" : "2025-08-07T00:00:00.000+00:00",
      "content" : "Please review the update the task.",
      "hasAttachment" : false,
      "isRemoved" : false,
      "messageType" : "DEFAULT",
      "messagePrivacy" : "PUBLIC",
      "caseId" : "479516",
      "userId" : "78243",
      "rootMessageId" : 7489,
      "parentId" : 7967,
      "externalIdentifiers" : "78907",
      "resourceGraph" : {
        "id" : 11,
        "resourceId" : "Chetan Patil"
      },
      "createdDate" : "2025-08-07T00:00:00.000+00:00",
      "flagStatus" : "URGENT",
      "roleName" : "Approver",
      "hasCustomElement" : false,
      "hasReaction" : false,
      "hasCustomTag" : false,
      "_links" : {
        "self" : {
          "href" : "http://10.10.2.180:8099/messages/23"
        },
        "message" : {
          "href" : "http://10.10.2.180:8099/messages/23"
        }
      }
    }, {
      "id" : 24,
      "hasCustomTemplate" : false,
      "decoratorLayer" : "WARNING",
      "hasUserRecipient" : false,
      "hasChildren" : false,
      "isEdited" : false,
      "updatedDate" : "2025-08-07T00:00:00.000+00:00",
      "content" : "Please review the update the task.",
      "hasAttachment" : false,
      "isRemoved" : false,
      "messageType" : "DEFAULT",
      "messagePrivacy" : "PUBLIC",
      "caseId" : "479517",
      "userId" : "78244",
      "rootMessageId" : 7490,
      "parentId" : 7996,
      "externalIdentifiers" : "78909",
      "resourceGraph" : {
        "id" : 11,
        "resourceId" : "Chetan Patil"
      },
      "createdDate" : "2025-08-07T00:00:00.000+00:00",
      "flagStatus" : "URGENT",
      "roleName" : "Approver",
      "hasCustomElement" : false,
      "hasReaction" : false,
      "hasCustomTag" : false,
      "_links" : {
        "self" : {
          "href" : "http://10.10.2.180:8099/messages/24"
        },
        "message" : {
          "href" : "http://10.10.2.180:8099/messages/24"
        }
      }
    }, {
      "id" : 25,
      "hasCustomTemplate" : false,
      "hasUserRecipient" : false,
      "hasChildren" : false,
      "isEdited" : false,
      "hasAttachment" : false,
      "isRemoved" : false,
      "messageType" : "DEFAULT",
      "messagePrivacy" : "PUBLIC",
      "userId" : "78244",
      "rootMessageId" : 0,
      "parentId" : 0,
      "createdDate" : "2025-08-07T00:00:00.000+00:00",
      "hasCustomElement" : false,
      "hasReaction" : false,
      "hasCustomTag" : false,
      "_links" : {
        "self" : {
          "href" : "http://10.10.2.180:8099/messages/25"
        },
        "message" : {
          "href" : "http://10.10.2.180:8099/messages/25"
        }
      }
    }, {
      "id" : 26,
      "hasCustomTemplate" : false,
      "decoratorLayer" : "WARNING",
      "hasUserRecipient" : false,
      "hasChildren" : false,
      "isEdited" : false,
      "updatedDate" : "2025-08-07T00:00:00.000+00:00",
      "content" : "Please review the update the task.",
      "hasAttachment" : true,
      "isRemoved" : false,
      "messageType" : "DEFAULT",
      "messagePrivacy" : "PUBLIC",
      "caseId" : "479518",
      "userId" : "78245",
      "rootMessageId" : 7491,
      "parentId" : 7997,
      "externalIdentifiers" : "78910",
      "resourceGraph" : {
        "id" : 11,
        "resourceId" : "Chetan Patil"
      },
      "createdDate" : "2025-08-07T00:00:00.000+00:00",
      "flagStatus" : "URGENT",
      "roleName" : "Approver",
      "hasCustomElement" : false,
      "hasReaction" : false,
      "hasCustomTag" : false,
      "_links" : {
        "self" : {
          "href" : "http://10.10.2.180:8099/messages/26"
        },
        "message" : {
          "href" : "http://10.10.2.180:8099/messages/26"
        }
      }
    }, {
      "id" : 28,
      "hasCustomTemplate" : false,
      "decoratorLayer" : "WARNING",
      "hasUserRecipient" : false,
      "hasChildren" : false,
      "isEdited" : false,
      "updatedDate" : "2025-08-22T00:00:00.000+00:00",
      "content" : "Please review the update the task.",
      "hasAttachment" : true,
      "isRemoved" : false,
      "messageType" : "TOODLE_THEMES",
      "messagePrivacy" : "ROLE",
      "caseId" : "479523",
      "userId" : "78252",
      "rootMessageId" : 7496,
      "parentId" : 8002,
      "externalIdentifiers" : "78915",
      "resourceGraph" : {
        "id" : 11,
        "resourceId" : "Chetan Patil"
      },
      "createdDate" : "2025-08-22T00:00:00.000+00:00",
      "flagStatus" : "URGENT",
      "roleName" : "Approver",
      "hasCustomElement" : false,
      "hasReaction" : false,
      "hasCustomTag" : false,
      "_links" : {
        "self" : {
          "href" : "http://10.10.2.180:8099/messages/28"
        },
        "message" : {
          "href" : "http://10.10.2.180:8099/messages/28"
        }
      }
    }, {
      "id" : 29,
      "hasCustomTemplate" : false,
      "decoratorLayer" : "ERROR",
      "hasUserRecipient" : false,
      "hasChildren" : false,
      "isEdited" : true,
      "updatedDate" : "2025-10-03T00:00:00.000+00:00",
      "content" : "System maintenance will occur tonight between 2:00 AM and 3:00 AM.",
      "hasAttachment" : true,
      "isRemoved" : true,
      "messageType" : "SOURCE_CODE",
      "messagePrivacy" : "PUBLIC",
      "caseId" : "CASE-9119-Q1",
      "userId" : "USR-93368",
      "rootMessageId" : 118334,
      "parentId" : 106218,
      "externalIdentifiers" : "EXT-3096",
      "createdDate" : "2025-10-19T00:00:00.000+00:00",
      "flagStatus" : "MEDIUM",
      "roleName" : "System Admin",
      "hasCustomElement" : false,
      "hasReaction" : true,
      "hasCustomTag" : false,
      "_links" : {
        "self" : {
          "href" : "http://10.10.2.180:8099/messages/29"
        },
        "message" : {
          "href" : "http://10.10.2.180:8099/messages/29"
        }
      }
    }, {
      "id" : 30,
      "hasCustomTemplate" : false,
      "decoratorLayer" : "SUCCESS",
      "hasUserRecipient" : true,
      "hasChildren" : true,
      "isEdited" : false,
      "updatedDate" : "2025-10-19T00:00:00.000+00:00",
      "content" : "Quarterly performance appraisal results are available on the HR dashboard.",
      "hasAttachment" : false,
      "isRemoved" : true,
      "messageType" : "TOODLE_LABELS",
      "messagePrivacy" : "ONLY_ME",
      "caseId" : "CASE-5123-Q4",
      "userId" : "USR-66754",
      "rootMessageId" : 64613,
      "parentId" : 16578,
      "externalIdentifiers" : "EXT-10897",
      "createdDate" : "2025-10-18T00:00:00.000+00:00",
      "flagStatus" : "MEDIUM",
      "roleName" : "System Admin",
      "hasCustomElement" : false,
      "hasReaction" : true,
      "hasCustomTag" : true,
      "_links" : {
        "self" : {
          "href" : "http://10.10.2.180:8099/messages/30"
        },
        "message" : {
          "href" : "http://10.10.2.180:8099/messages/30"
        }
      }
    }, {
      "id" : 31,
      "hasCustomTemplate" : false,
      "decoratorLayer" : "INFO",
      "hasUserRecipient" : true,
      "hasChildren" : false,
      "isEdited" : false,
      "updatedDate" : "2025-10-15T00:00:00.000+00:00",
      "content" : "Project alpha milestones have been successfully completed this week.",
      "hasAttachment" : true,
      "isRemoved" : false,
      "messageType" : "DEFAULT",
      "messagePrivacy" : "ROLE",
      "caseId" : "CASE-4164-Q1",
      "userId" : "USR-51966",
      "rootMessageId" : 178803,
      "parentId" : 52383,
      "externalIdentifiers" : "EXT-3559",
      "createdDate" : "2025-10-21T00:00:00.000+00:00",
      "flagStatus" : "LOW",
      "roleName" : "HR Executive",
      "hasCustomElement" : false,
      "hasReaction" : false,
      "hasCustomTag" : false,
      "_links" : {
        "self" : {
          "href" : "http://10.10.2.180:8099/messages/31"
        },
        "message" : {
          "href" : "http://10.10.2.180:8099/messages/31"
        }
      }
    }, {
      "id" : 32,
      "hasCustomTemplate" : false,
      "decoratorLayer" : "INFO",
      "hasUserRecipient" : true,
      "hasChildren" : false,
      "isEdited" : true,
      "updatedDate" : "2025-10-16T00:00:00.000+00:00",
      "content" : "Employee engagement survey closes this Friday — don’t forget to participate.",
      "hasAttachment" : true,
      "isRemoved" : false,
      "messageType" : "DEFAULT",
      "messagePrivacy" : "PUBLIC",
      "caseId" : "CASE-8116-Q3",
      "userId" : "USR-26287",
      "rootMessageId" : 26710,
      "parentId" : 124490,
      "externalIdentifiers" : "EXT-2364",
      "createdDate" : "2025-09-29T00:00:00.000+00:00",
      "flagStatus" : "HIGH",
      "roleName" : "QA Manager",
      "hasCustomElement" : false,
      "hasReaction" : true,
      "hasCustomTag" : true,
      "_links" : {
        "self" : {
          "href" : "http://10.10.2.180:8099/messages/32"
        },
        "message" : {
          "href" : "http://10.10.2.180:8099/messages/32"
        }
      }
    }, {
      "id" : 33,
      "hasCustomTemplate" : true,
      "decoratorLayer" : "INFO",
      "hasUserRecipient" : true,
      "hasChildren" : true,
      "isEdited" : true,
      "updatedDate" : "2025-10-15T00:00:00.000+00:00",
      "content" : "System maintenance will occur tonight between 2:00 AM and 3:00 AM.",
      "hasAttachment" : false,
      "isRemoved" : false,
      "messageType" : "TOODLE_NOFIES",
      "messagePrivacy" : "ONLY_ME",
      "caseId" : "CASE-9422-Q1",
      "userId" : "USR-83808",
      "rootMessageId" : 120644,
      "parentId" : 25009,
      "externalIdentifiers" : "EXT-3804",
      "createdDate" : "2025-10-16T00:00:00.000+00:00",
      "flagStatus" : "MEDIUM",
      "roleName" : "HR Executive",
      "hasCustomElement" : true,
      "hasReaction" : true,
      "hasCustomTag" : true,
      "_links" : {
        "self" : {
          "href" : "http://10.10.2.180:8099/messages/33"
        },
        "message" : {
          "href" : "http://10.10.2.180:8099/messages/33"
        }
      }
    }, {
      "id" : 34,
      "hasCustomTemplate" : false,
      "decoratorLayer" : "INFO",
      "hasUserRecipient" : true,
      "hasChildren" : true,
      "isEdited" : false,
      "updatedDate" : "2025-10-06T00:00:00.000+00:00",
      "content" : "Employee engagement survey closes this Friday — don’t forget to participate.",
      "hasAttachment" : true,
      "isRemoved" : false,
      "messageType" : "SOURCE_CODE",
      "messagePrivacy" : "PUBLIC",
      "caseId" : "CASE-3312-Q1",
      "userId" : "USR-61829",
      "rootMessageId" : 190747,
      "parentId" : 143445,
      "externalIdentifiers" : "EXT-4191",
      "createdDate" : "2025-10-04T00:00:00.000+00:00",
      "flagStatus" : "HIGH",
      "roleName" : "Team Coordinator",
      "hasCustomElement" : true,
      "hasReaction" : false,
      "hasCustomTag" : false,
      "_links" : {
        "self" : {
          "href" : "http://10.10.2.180:8099/messages/34"
        },
        "message" : {
          "href" : "http://10.10.2.180:8099/messages/34"
        }
      }
    }, {
      "id" : 35,
      "hasCustomTemplate" : true,
      "decoratorLayer" : "ERROR",
      "hasUserRecipient" : true,
      "hasChildren" : true,
      "isEdited" : true,
      "updatedDate" : "2025-10-17T00:00:00.000+00:00",
      "content" : "Quarterly performance appraisal results are available on the HR dashboard.",
      "hasAttachment" : true,
      "isRemoved" : false,
      "messageType" : "REPLY_TICKLER",
      "messagePrivacy" : "USER",
      "caseId" : "CASE-9166-Q2",
      "userId" : "USR-11740",
      "rootMessageId" : 193099,
      "parentId" : 11796,
      "externalIdentifiers" : "EXT-3772",
      "createdDate" : "2025-10-05T00:00:00.000+00:00",
      "flagStatus" : "HIGH",
      "roleName" : "Team Coordinator",
      "hasCustomElement" : true,
      "hasReaction" : false,
      "hasCustomTag" : false,
      "_links" : {
        "self" : {
          "href" : "http://10.10.2.180:8099/messages/35"
        },
        "message" : {
          "href" : "http://10.10.2.180:8099/messages/35"
        }
      }
    } ]
  },
  "_links" : {
    "first" : {
      "href" : "http://10.10.2.180:8099/messages?page=0&size=20"
    },
    "self" : {
      "href" : "http://10.10.2.180:8099/messages?page=0&size=20"
    },
    "next" : {
      "href" : "http://10.10.2.180:8099/messages?page=1&size=20"
    },
    "last" : {
      "href" : "http://10.10.2.180:8099/messages?page=2&size=20"
    },
    "profile" : {
      "href" : "http://10.10.2.180:8099/profile/messages"
    }
  },
  "page" : {
    "size" : 20,
    "totalElements" : 49,
    "totalPages" : 3,
    "number" : 0
  }
}
Status Code: 200
  When Fetch All Message Details                     # social_comments.Message.Fetch_All_message_Details()
  Then The Message response should contain "id"      # social_comments.Message.the_message_response_should_contain(java.lang.String)
  And The Message response status code should be 200 # social_comments.Message.the_message_response_status_code_should_be(java.lang.Integer)
]]></system-out>
  </testcase>
  <testcase name="Get Message Details with ID" classname="End-to-end ResourceGraph and ResourceRegistries CRUD flow" time="0.711">
    <system-out><![CDATA[
@Message
Scenario: Get Message Details with ID                 # src/test/resources/features/End_to_End_social_comments_flow.feature:156
Response Body:
{
  "id" : 160,
  "hasCustomTemplate" : true,
  "decoratorLayer" : "INFO",
  "hasUserRecipient" : false,
  "hasChildren" : false,
  "isEdited" : true,
  "content" : "New login security features are now active across all systems.",
  "hasAttachment" : false,
  "isRemoved" : false,
  "messageType" : "EDIT_TICKLER",
  "messagePrivacy" : "ROLE",
  "caseId" : "CASE-7804-Q1",
  "userId" : "USR-20960",
  "parentId" : 25319,
  "externalIdentifiers" : "EXT-3412",
  "resourceGraph" : {
    "id" : 289,
    "resourceId" : "Akshay Sharma"
  },
  "createdDate" : "2025-10-29T00:00:00.000+00:00",
  "flagStatus" : "LOW",
  "roleName" : "QA Manager",
  "hasCustomElement" : true,
  "hasReaction" : true,
  "hasCustomTag" : false
}
Status Code: 200
  When Fetch Message Details with ID                  # social_comments.Message.Fetch_message_Details_with_ID()
  Then The Message response status code should be 200 # social_comments.Message.the_message_response_status_code_should_be(java.lang.Integer)
]]></system-out>
  </testcase>
  <testcase name="Updating PUT Message #1" classname="End-to-end ResourceGraph and ResourceRegistries CRUD flow" time="3.895">
    <system-out><![CDATA[
@Message
Scenario: Updating PUT Message                        # src/test/resources/features/End_to_End_social_comments_flow.feature:161
PUT Response Body:
{
  "id" : 160,
  "hasCustomTemplate" : false,
  "decoratorLayer" : "ERROR",
  "hasUserRecipient" : true,
  "hasChildren" : true,
  "isEdited" : false,
  "updatedDate" : "2025-10-16T09:56:49.882+00:00",
  "content" : "System maintenance will occur tonight between 2:00 AM and 3:00 AM.",
  "hasAttachment" : true,
  "isRemoved" : false,
  "messageType" : "TOODLE_NOFIES",
  "messagePrivacy" : "ONLY_ME",
  "caseId" : "CASE-7848-Q2",
  "userId" : "USR-98656",
  "parentId" : 57392,
  "externalIdentifiers" : "EXT-1695",
  "resourceGraph" : {
    "id" : 289,
    "resourceId" : "Akshay Sharma"
  },
  "createdDate" : "2025-10-19T00:00:00.000+00:00",
  "flagStatus" : "MEDIUM",
  "roleName" : "Finance Manager",
  "hasCustomElement" : true,
  "hasReaction" : false,
  "hasCustomTag" : true
}
Status Code: 200
  When Update Message                                 # social_comments.Message.Update_message()
  Then The Message response status code should be 200 # social_comments.Message.the_message_response_status_code_should_be(java.lang.Integer)
  And The Message response should contain "id"        # social_comments.Message.the_message_response_should_contain(java.lang.String)
]]></system-out>
  </testcase>
  <testcase name="Updating Patch Message request" classname="End-to-end ResourceGraph and ResourceRegistries CRUD flow" time="3.715">
    <system-out><![CDATA[
@Message
Scenario: Updating Patch Message request              # src/test/resources/features/End_to_End_social_comments_flow.feature:167
PATCH Request Body:
{
  "createdDate": "2025-10-19",
  "messagePrivacy": "PUBLIC",
  "messageType": "TOODLE_THEMES",
  "userId": "USR-93434",
  "hasCustomTemplate": true,
  "decoratorLayer": "WARNING",
  "hasUserRecipient": true,
  "hasChildren": true,
  "isEdited": false,
  "content": "A reminder: team feedback sessions will begin next Monday.",
  "hasAttachment": true,
  "isRemoved": true,
  "caseId": "CASE-6229-Q1",
  "rootMessageId":"",
  "parentId": 170809,
  "externalIdentifiers": "EXT-1385",
  "resourceGraph": {
    "id": "289"
  },
  "flagStatus": "HIGH",
  "roleName": "QA Manager",
  "hasCustomElement": false,
  "hasReaction": false,
  "hasCustomTag": true
}
PATCH Response Body:
{
  "id" : 160,
  "hasCustomTemplate" : true,
  "decoratorLayer" : "WARNING",
  "hasUserRecipient" : true,
  "hasChildren" : true,
  "isEdited" : false,
  "updatedDate" : "2025-10-16T09:56:53.775+00:00",
  "content" : "A reminder: team feedback sessions will begin next Monday.",
  "hasAttachment" : true,
  "isRemoved" : true,
  "messageType" : "TOODLE_THEMES",
  "messagePrivacy" : "PUBLIC",
  "caseId" : "CASE-6229-Q1",
  "userId" : "USR-93434",
  "parentId" : 170809,
  "externalIdentifiers" : "EXT-1385",
  "resourceGraph" : {
    "id" : 289,
    "resourceId" : "Akshay Sharma"
  },
  "createdDate" : "2025-10-19T00:00:00.000+00:00",
  "flagStatus" : "HIGH",
  "roleName" : "QA Manager",
  "hasCustomElement" : false,
  "hasReaction" : false,
  "hasCustomTag" : true
}
Status Code: 200
  When Update Patch Message                           # social_comments.Message.Update_Patch_Message()
  Then The Message response status code should be 200 # social_comments.Message.the_message_response_status_code_should_be(java.lang.Integer)
]]></system-out>
  </testcase>
  <testcase name="Fetching all Attchments" classname="End-to-end ResourceGraph and ResourceRegistries CRUD flow" time="1.09">
    <system-out><![CDATA[
@Attachment
Scenario: Fetching all Attchments                       # src/test/resources/features/End_to_End_social_comments_flow.feature:172
Response Body:
{
  "_embedded" : {
    "attachments" : [ {
      "id" : 15,
      "versionId" : 789017,
      "createdDate" : "2025-08-11T05:58:47.178+00:00",
      "isRemoved" : false,
      "documentId" : 8,
      "_links" : {
        "self" : {
          "href" : "http://10.10.2.180:8099/attachments/15"
        },
        "attachment" : {
          "href" : "http://10.10.2.180:8099/attachments/15"
        }
      }
    }, {
      "id" : 16,
      "versionId" : 789017,
      "createdDate" : "2025-08-11T07:08:19.961+00:00",
      "isRemoved" : false,
      "documentId" : 8,
      "_links" : {
        "self" : {
          "href" : "http://10.10.2.180:8099/attachments/16"
        },
        "attachment" : {
          "href" : "http://10.10.2.180:8099/attachments/16"
        }
      }
    }, {
      "id" : 17,
      "versionId" : 789017,
      "createdDate" : "2025-08-11T07:33:05.836+00:00",
      "isRemoved" : false,
      "documentId" : 8,
      "_links" : {
        "self" : {
          "href" : "http://10.10.2.180:8099/attachments/17"
        },
        "attachment" : {
          "href" : "http://10.10.2.180:8099/attachments/17"
        }
      }
    }, {
      "id" : 18,
      "versionId" : 789022,
      "createdDate" : "2025-08-22T00:00:00.000+00:00",
      "isRemoved" : false,
      "documentId" : 5,
      "_links" : {
        "self" : {
          "href" : "http://10.10.2.180:8099/attachments/18"
        },
        "attachment" : {
          "href" : "http://10.10.2.180:8099/attachments/18"
        }
      }
    }, {
      "id" : 19,
      "versionId" : 789023,
      "createdDate" : "2025-08-22T00:00:00.000+00:00",
      "isRemoved" : false,
      "documentId" : 8,
      "_links" : {
        "self" : {
          "href" : "http://10.10.2.180:8099/attachments/19"
        },
        "attachment" : {
          "href" : "http://10.10.2.180:8099/attachments/19"
        }
      }
    }, {
      "id" : 20,
      "versionId" : 789024,
      "createdDate" : "2025-08-22T00:00:00.000+00:00",
      "isRemoved" : false,
      "documentId" : 9,
      "message" : {
        "id" : 28,
        "hasCustomTemplate" : false,
        "decoratorLayer" : "WARNING",
        "hasUserRecipient" : false,
        "hasChildren" : false,
        "isEdited" : false,
        "updatedDate" : "2025-08-22T00:00:00.000+00:00",
        "content" : "Please review the update the task.",
        "hasAttachment" : true,
        "isRemoved" : false,
        "messageType" : "TOODLE_THEMES",
        "messagePrivacy" : "ROLE",
        "caseId" : "479523",
        "userId" : "78252",
        "rootMessageId" : 7496,
        "parentId" : 8002,
        "externalIdentifiers" : "78915",
        "resourceGraph" : {
          "id" : 11,
          "resourceId" : "Chetan Patil"
        },
        "createdDate" : "2025-08-22T00:00:00.000+00:00",
        "flagStatus" : "URGENT",
        "roleName" : "Approver",
        "hasCustomElement" : false,
        "hasReaction" : false,
        "hasCustomTag" : false
      },
      "_links" : {
        "self" : {
          "href" : "http://10.10.2.180:8099/attachments/20"
        },
        "attachment" : {
          "href" : "http://10.10.2.180:8099/attachments/20"
        }
      }
    }, {
      "id" : 21,
      "versionId" : 789023,
      "createdDate" : "2025-08-22T00:00:00.000+00:00",
      "documentId" : 4,
      "_links" : {
        "self" : {
          "href" : "http://10.10.2.180:8099/attachments/21"
        },
        "attachment" : {
          "href" : "http://10.10.2.180:8099/attachments/21"
        }
      }
    }, {
      "id" : 22,
      "versionId" : 705621,
      "createdDate" : "2025-10-08T08:34:32.023+00:00",
      "isRemoved" : false,
      "documentId" : 24,
      "_links" : {
        "self" : {
          "href" : "http://10.10.2.180:8099/attachments/22"
        },
        "attachment" : {
          "href" : "http://10.10.2.180:8099/attachments/22"
        }
      }
    }, {
      "id" : 58,
      "versionId" : 761645,
      "createdDate" : "2025-10-13T08:33:55.999+00:00",
      "isRemoved" : false,
      "documentId" : 16,
      "message" : {
        "id" : 92,
        "hasCustomTemplate" : false,
        "decoratorLayer" : "WARNING",
        "hasUserRecipient" : true,
        "hasChildren" : true,
        "isEdited" : false,
        "updatedDate" : "2025-10-21T00:00:00.000+00:00",
        "content" : "Employee engagement survey closes this Friday — don’t forget to participate.",
        "hasAttachment" : true,
        "isRemoved" : true,
        "messageType" : "TOODLE_THEMES",
        "messagePrivacy" : "USER",
        "caseId" : "CASE-4140-Q2",
        "userId" : "USR-34610",
        "rootMessageId" : 110023,
        "parentId" : 4424,
        "externalIdentifiers" : "EXT-1927",
        "resourceGraph" : {
          "id" : 158,
          "resourceId" : "Kevin Das"
        },
        "createdDate" : "2025-10-13T00:00:00.000+00:00",
        "flagStatus" : "MEDIUM",
        "roleName" : "Team Coordinator",
        "hasCustomElement" : false,
        "hasReaction" : true,
        "hasCustomTag" : true
      },
      "_links" : {
        "self" : {
          "href" : "http://10.10.2.180:8099/attachments/58"
        },
        "attachment" : {
          "href" : "http://10.10.2.180:8099/attachments/58"
        }
      }
    }, {
      "id" : 87,
      "versionId" : 759370,
      "createdDate" : "2025-10-14T08:13:48.101+00:00",
      "isRemoved" : false,
      "documentId" : 9,
      "message" : {
        "id" : 121,
        "hasCustomTemplate" : true,
        "decoratorLayer" : "INFO",
        "hasUserRecipient" : false,
        "hasChildren" : false,
        "isEdited" : false,
        "updatedDate" : "2025-10-24T00:00:00.000+00:00",
        "content" : "New security guidelines have been issued — please review them on the company portal.",
        "hasAttachment" : false,
        "isRemoved" : true,
        "messageType" : "TOODLE_LABELS",
        "messagePrivacy" : "PUBLIC",
        "caseId" : "CASE-3081-Q2",
        "userId" : "USR-73357",
        "rootMessageId" : 31448,
        "parentId" : 107144,
        "externalIdentifiers" : "EXT-3857",
        "resourceGraph" : {
          "id" : 200,
          "resourceId" : "Dilip Dodda"
        },
        "createdDate" : "2025-10-07T00:00:00.000+00:00",
        "flagStatus" : "HIGH",
        "roleName" : "HR Executive",
        "hasCustomElement" : false,
        "hasReaction" : true,
        "hasCustomTag" : false
      },
      "_links" : {
        "self" : {
          "href" : "http://10.10.2.180:8099/attachments/87"
        },
        "attachment" : {
          "href" : "http://10.10.2.180:8099/attachments/87"
        }
      }
    }, {
      "id" : 114,
      "versionId" : 789025,
      "createdDate" : "2025-10-16T08:45:54.539+00:00",
      "isRemoved" : false,
      "documentId" : 11,
      "message" : {
        "id" : 8,
        "hasCustomTemplate" : false,
        "decoratorLayer" : "aaaa",
        "hasUserRecipient" : false,
        "hasChildren" : false,
        "isEdited" : true,
        "updatedDate" : "2025-07-11T00:00:00.000+00:00",
        "content" : "dddd",
        "hasAttachment" : false,
        "isRemoved" : false,
        "messageType" : "REPLY_TICKLER",
        "messagePrivacy" : "ROLE",
        "caseId" : "dddd",
        "userId" : "ravi",
        "rootMessageId" : 325,
        "parentId" : 875,
        "externalIdentifiers" : "dddd",
        "resourceGraph" : {
          "id" : 11,
          "resourceId" : "Chetan Patil"
        },
        "createdDate" : "2025-07-10T00:00:00.000+00:00",
        "flagStatus" : "dddd",
        "roleName" : "dddd",
        "hasCustomElement" : false,
        "hasReaction" : false,
        "hasCustomTag" : false
      },
      "_links" : {
        "self" : {
          "href" : "http://10.10.2.180:8099/attachments/114"
        },
        "attachment" : {
          "href" : "http://10.10.2.180:8099/attachments/114"
        }
      }
    }, {
      "id" : 115,
      "versionId" : 789025,
      "createdDate" : "2025-10-16T08:55:46.302+00:00",
      "isRemoved" : false,
      "documentId" : 11,
      "message" : {
        "id" : 8,
        "hasCustomTemplate" : false,
        "decoratorLayer" : "aaaa",
        "hasUserRecipient" : false,
        "hasChildren" : false,
        "isEdited" : true,
        "updatedDate" : "2025-07-11T00:00:00.000+00:00",
        "content" : "dddd",
        "hasAttachment" : false,
        "isRemoved" : false,
        "messageType" : "REPLY_TICKLER",
        "messagePrivacy" : "ROLE",
        "caseId" : "dddd",
        "userId" : "ravi",
        "rootMessageId" : 325,
        "parentId" : 875,
        "externalIdentifiers" : "dddd",
        "resourceGraph" : {
          "id" : 11,
          "resourceId" : "Chetan Patil"
        },
        "createdDate" : "2025-07-10T00:00:00.000+00:00",
        "flagStatus" : "dddd",
        "roleName" : "dddd",
        "hasCustomElement" : false,
        "hasReaction" : false,
        "hasCustomTag" : false
      },
      "_links" : {
        "self" : {
          "href" : "http://10.10.2.180:8099/attachments/115"
        },
        "attachment" : {
          "href" : "http://10.10.2.180:8099/attachments/115"
        }
      }
    }, {
      "id" : 116,
      "versionId" : 789025,
      "createdDate" : "2025-10-16T08:55:54.676+00:00",
      "isRemoved" : false,
      "documentId" : 11,
      "message" : {
        "id" : 8,
        "hasCustomTemplate" : false,
        "decoratorLayer" : "aaaa",
        "hasUserRecipient" : false,
        "hasChildren" : false,
        "isEdited" : true,
        "updatedDate" : "2025-07-11T00:00:00.000+00:00",
        "content" : "dddd",
        "hasAttachment" : false,
        "isRemoved" : false,
        "messageType" : "REPLY_TICKLER",
        "messagePrivacy" : "ROLE",
        "caseId" : "dddd",
        "userId" : "ravi",
        "rootMessageId" : 325,
        "parentId" : 875,
        "externalIdentifiers" : "dddd",
        "resourceGraph" : {
          "id" : 11,
          "resourceId" : "Chetan Patil"
        },
        "createdDate" : "2025-07-10T00:00:00.000+00:00",
        "flagStatus" : "dddd",
        "roleName" : "dddd",
        "hasCustomElement" : false,
        "hasReaction" : false,
        "hasCustomTag" : false
      },
      "_links" : {
        "self" : {
          "href" : "http://10.10.2.180:8099/attachments/116"
        },
        "attachment" : {
          "href" : "http://10.10.2.180:8099/attachments/116"
        }
      }
    }, {
      "id" : 117,
      "versionId" : 729553,
      "createdDate" : "2025-10-16T09:06:04.262+00:00",
      "isRemoved" : false,
      "documentId" : 14,
      "message" : {
        "id" : 3,
        "hasCustomTemplate" : true,
        "decoratorLayer" : "ester",
        "hasUserRecipient" : true,
        "hasChildren" : true,
        "isEdited" : true,
        "updatedDate" : "2025-08-07T00:00:00.000+00:00",
        "content" : "dcontentddd",
        "hasAttachment" : true,
        "isRemoved" : true,
        "messageType" : "REPLY_TICKLER",
        "messagePrivacy" : "ROLE",
        "caseId" : "2508askd",
        "userId" : "ravi-tester",
        "rootMessageId" : 325,
        "parentId" : 875,
        "externalIdentifiers" : "dddd",
        "resourceGraph" : {
          "id" : 10,
          "resourceId" : "resource-tester"
        },
        "createdDate" : "2025-07-24T00:00:00.000+00:00",
        "flagStatus" : "flaggg",
        "roleName" : "src",
        "hasCustomElement" : true,
        "hasReaction" : true,
        "hasCustomTag" : true
      },
      "_links" : {
        "self" : {
          "href" : "http://10.10.2.180:8099/attachments/117"
        },
        "attachment" : {
          "href" : "http://10.10.2.180:8099/attachments/117"
        }
      }
    }, {
      "id" : 118,
      "versionId" : 761173,
      "createdDate" : "2025-10-16T09:11:19.616+00:00",
      "isRemoved" : false,
      "documentId" : 63,
      "message" : {
        "id" : 156,
        "hasCustomTemplate" : true,
        "decoratorLayer" : "SUCCESS",
        "hasUserRecipient" : false,
        "hasChildren" : true,
        "isEdited" : false,
        "updatedDate" : "2025-10-20T00:00:00.000+00:00",
        "content" : "A reminder: team feedback sessions will begin next Monday.",
        "hasAttachment" : false,
        "isRemoved" : true,
        "messageType" : "EDIT_TICKLER",
        "messagePrivacy" : "ROLE",
        "caseId" : "CASE-8691-Q4",
        "userId" : "USR-60404",
        "rootMessageId" : 126432,
        "parentId" : 165113,
        "externalIdentifiers" : "EXT-3804",
        "resourceGraph" : {
          "id" : 276,
          "resourceId" : "Dilip Nair"
        },
        "createdDate" : "2025-10-10T00:00:00.000+00:00",
        "flagStatus" : "MEDIUM",
        "roleName" : "System Admin",
        "hasCustomElement" : false,
        "hasReaction" : false,
        "hasCustomTag" : false
      },
      "_links" : {
        "self" : {
          "href" : "http://10.10.2.180:8099/attachments/118"
        },
        "attachment" : {
          "href" : "http://10.10.2.180:8099/attachments/118"
        }
      }
    }, {
      "id" : 121,
      "versionId" : 764609,
      "createdDate" : "2025-10-16T09:55:55.414+00:00",
      "isRemoved" : false,
      "documentId" : 26,
      "message" : {
        "id" : 160,
        "hasCustomTemplate" : true,
        "decoratorLayer" : "WARNING",
        "hasUserRecipient" : true,
        "hasChildren" : true,
        "isEdited" : false,
        "updatedDate" : "2025-10-16T09:56:53.775+00:00",
        "content" : "A reminder: team feedback sessions will begin next Monday.",
        "hasAttachment" : true,
        "isRemoved" : true,
        "messageType" : "TOODLE_THEMES",
        "messagePrivacy" : "PUBLIC",
        "caseId" : "CASE-6229-Q1",
        "userId" : "USR-93434",
        "parentId" : 170809,
        "externalIdentifiers" : "EXT-1385",
        "resourceGraph" : {
          "id" : 289,
          "resourceId" : "Akshay Sharma"
        },
        "createdDate" : "2025-10-19T00:00:00.000+00:00",
        "flagStatus" : "HIGH",
        "roleName" : "QA Manager",
        "hasCustomElement" : false,
        "hasReaction" : false,
        "hasCustomTag" : true
      },
      "_links" : {
        "self" : {
          "href" : "http://10.10.2.180:8099/attachments/121"
        },
        "attachment" : {
          "href" : "http://10.10.2.180:8099/attachments/121"
        }
      }
    } ]
  },
  "_links" : {
    "self" : {
      "href" : "http://10.10.2.180:8099/attachments?page=0&size=20"
    },
    "profile" : {
      "href" : "http://10.10.2.180:8099/profile/attachments"
    },
    "search" : {
      "href" : "http://10.10.2.180:8099/attachments/search"
    }
  },
  "page" : {
    "size" : 20,
    "totalElements" : 16,
    "totalPages" : 1,
    "number" : 0
  }
}
Status Code: 200
  When Fetch All Attachment Details                     # social_comments.Attachement.Fetch_All_attachment_Details()
  Then The Attachment response should contain "id"      # social_comments.Attachement.the_attachment_response_should_contain(java.lang.String)
  And The Attachment response status code should be 200 # social_comments.Attachement.the_attachment_response_status_code_should_be(java.lang.Integer)
]]></system-out>
  </testcase>
  <testcase name="Get Attachment details with ID" classname="End-to-end ResourceGraph and ResourceRegistries CRUD flow" time="0.686">
    <system-out><![CDATA[
@Attachment
Scenario: Get Attachment details with ID                 # src/test/resources/features/End_to_End_social_comments_flow.feature:178
Response Body:
{
  "id" : 121,
  "versionId" : 764609,
  "createdDate" : "2025-10-16T09:55:55.414+00:00",
  "isRemoved" : false,
  "documentId" : 26,
  "message" : {
    "id" : 160,
    "hasCustomTemplate" : true,
    "decoratorLayer" : "WARNING",
    "hasUserRecipient" : true,
    "hasChildren" : true,
    "isEdited" : false,
    "updatedDate" : "2025-10-16T09:56:53.775+00:00",
    "content" : "A reminder: team feedback sessions will begin next Monday.",
    "hasAttachment" : true,
    "isRemoved" : true,
    "messageType" : "TOODLE_THEMES",
    "messagePrivacy" : "PUBLIC",
    "caseId" : "CASE-6229-Q1",
    "userId" : "USR-93434",
    "parentId" : 170809,
    "externalIdentifiers" : "EXT-1385",
    "resourceGraph" : {
      "id" : 289,
      "resourceId" : "Akshay Sharma"
    },
    "createdDate" : "2025-10-19T00:00:00.000+00:00",
    "flagStatus" : "HIGH",
    "roleName" : "QA Manager",
    "hasCustomElement" : false,
    "hasReaction" : false,
    "hasCustomTag" : true
  }
}
Status Code: 200
  When Fetch Attachment Details with ID                  # social_comments.Attachement.Fetch_attchment_Details_with_ID()
  Then The Attachment response status code should be 200 # social_comments.Attachement.the_attachment_response_status_code_should_be(java.lang.Integer)
]]></system-out>
  </testcase>
  <testcase name="Updating Put Attachment #1" classname="End-to-end ResourceGraph and ResourceRegistries CRUD flow" time="3.631">
    <system-out><![CDATA[
@Attachment
Scenario: Updating Put Attachment                        # src/test/resources/features/End_to_End_social_comments_flow.feature:183
PUT Response Body:
{
  "id" : 121,
  "versionId" : 730876,
  "createdDate" : "2025-10-16T09:55:55.414+00:00",
  "isRemoved" : false,
  "documentId" : 87,
  "message" : {
    "id" : 160,
    "hasCustomTemplate" : true,
    "decoratorLayer" : "WARNING",
    "hasUserRecipient" : true,
    "hasChildren" : true,
    "isEdited" : false,
    "updatedDate" : "2025-10-16T09:56:53.775+00:00",
    "content" : "A reminder: team feedback sessions will begin next Monday.",
    "hasAttachment" : true,
    "isRemoved" : true,
    "messageType" : "TOODLE_THEMES",
    "messagePrivacy" : "PUBLIC",
    "caseId" : "CASE-6229-Q1",
    "userId" : "USR-93434",
    "parentId" : 170809,
    "externalIdentifiers" : "EXT-1385",
    "resourceGraph" : {
      "id" : 289,
      "resourceId" : "Akshay Sharma"
    },
    "createdDate" : "2025-10-19T00:00:00.000+00:00",
    "flagStatus" : "HIGH",
    "roleName" : "QA Manager",
    "hasCustomElement" : false,
    "hasReaction" : false,
    "hasCustomTag" : true
  }
}
Status Code: 200
  When Update Attachment                                 # social_comments.Attachement.Update_attchment()
  Then The Attachment response status code should be 200 # social_comments.Attachement.the_attachment_response_status_code_should_be(java.lang.Integer)
  And The Attachment response should contain "id"        # social_comments.Attachement.the_attachment_response_should_contain(java.lang.String)
]]></system-out>
  </testcase>
  <testcase name="Updating Patch Attachment" classname="End-to-end ResourceGraph and ResourceRegistries CRUD flow" time="3.799">
    <system-out><![CDATA[
@Attachment
Scenario: Updating Patch Attachment                      # src/test/resources/features/End_to_End_social_comments_flow.feature:189
PATCH Request Body:
{
  "documentId": 31,
  "versionId": 752930,
  "attachments": [
    {
      "value": "C:\\Users\\cpatil\\Downloads\\document.docx"
    }
  ],
  "message": {
    "id": 160
  }
}
PATCH Response Body:
{
  "id" : 121,
  "versionId" : 752930,
  "createdDate" : "2025-10-16T09:55:55.414+00:00",
  "isRemoved" : false,
  "documentId" : 31,
  "message" : {
    "id" : 160,
    "hasCustomTemplate" : true,
    "decoratorLayer" : "WARNING",
    "hasUserRecipient" : true,
    "hasChildren" : true,
    "isEdited" : false,
    "updatedDate" : "2025-10-16T09:56:53.775+00:00",
    "content" : "A reminder: team feedback sessions will begin next Monday.",
    "hasAttachment" : true,
    "isRemoved" : true,
    "messageType" : "TOODLE_THEMES",
    "messagePrivacy" : "PUBLIC",
    "caseId" : "CASE-6229-Q1",
    "userId" : "USR-93434",
    "parentId" : 170809,
    "externalIdentifiers" : "EXT-1385",
    "resourceGraph" : {
      "id" : 289,
      "resourceId" : "Akshay Sharma"
    },
    "createdDate" : "2025-10-19T00:00:00.000+00:00",
    "flagStatus" : "HIGH",
    "roleName" : "QA Manager",
    "hasCustomElement" : false,
    "hasReaction" : false,
    "hasCustomTag" : true
  }
}
Status Code: 200
  When Update Patch Attachment                           # social_comments.Attachement.Update_Patch_Attachment()
  Then The Attachment response status code should be 200 # social_comments.Attachement.the_attachment_response_status_code_should_be(java.lang.Integer)
]]></system-out>
  </testcase>
  <testcase name="Fetching all CustomElement" classname="End-to-end ResourceGraph and ResourceRegistries CRUD flow" time="1.259">
    <system-out><![CDATA[
@CustomElement
Scenario: Fetching all CustomElement                       # src/test/resources/features/End_to_End_social_comments_flow.feature:194
Response Body:
{
  "_embedded" : {
    "customElements" : [ {
      "id" : 2,
      "createdDate" : "2025-10-08T09:47:15.413+00:00",
      "isRemoved" : false,
      "payload" : "Invoice#2001-PDF",
      "name" : "order_summary",
      "type" : "DOCUMENTS_INFO",
      "_links" : {
        "self" : {
          "href" : "http://10.10.2.180:8099/customElements/2"
        },
        "customElement" : {
          "href" : "http://10.10.2.180:8099/customElements/2"
        }
      }
    }, {
      "id" : 36,
      "createdDate" : "2025-10-13T08:33:59.508+00:00",
      "isRemoved" : false,
      "payload" : "Invoice#2038-PDF",
      "name" : "order_summary",
      "type" : "THUMBNAIL_INFO",
      "message" : {
        "id" : 92,
        "hasCustomTemplate" : false,
        "decoratorLayer" : "WARNING",
        "hasUserRecipient" : true,
        "hasChildren" : true,
        "isEdited" : false,
        "updatedDate" : "2025-10-21T00:00:00.000+00:00",
        "content" : "Employee engagement survey closes this Friday — don’t forget to participate.",
        "hasAttachment" : true,
        "isRemoved" : true,
        "messageType" : "TOODLE_THEMES",
        "messagePrivacy" : "USER",
        "caseId" : "CASE-4140-Q2",
        "userId" : "USR-34610",
        "rootMessageId" : 110023,
        "parentId" : 4424,
        "externalIdentifiers" : "EXT-1927",
        "resourceGraph" : {
          "id" : 158,
          "resourceId" : "Kevin Das"
        },
        "createdDate" : "2025-10-13T00:00:00.000+00:00",
        "flagStatus" : "MEDIUM",
        "roleName" : "Team Coordinator",
        "hasCustomElement" : false,
        "hasReaction" : true,
        "hasCustomTag" : true
      },
      "_links" : {
        "self" : {
          "href" : "http://10.10.2.180:8099/customElements/36"
        },
        "customElement" : {
          "href" : "http://10.10.2.180:8099/customElements/36"
        }
      }
    }, {
      "id" : 65,
      "createdDate" : "2025-10-14T08:13:51.680+00:00",
      "isRemoved" : false,
      "payload" : "Invoice#2982-PDF",
      "name" : "tax_report",
      "type" : "CONFIRMATION",
      "message" : {
        "id" : 121,
        "hasCustomTemplate" : true,
        "decoratorLayer" : "INFO",
        "hasUserRecipient" : false,
        "hasChildren" : false,
        "isEdited" : false,
        "updatedDate" : "2025-10-24T00:00:00.000+00:00",
        "content" : "New security guidelines have been issued — please review them on the company portal.",
        "hasAttachment" : false,
        "isRemoved" : true,
        "messageType" : "TOODLE_LABELS",
        "messagePrivacy" : "PUBLIC",
        "caseId" : "CASE-3081-Q2",
        "userId" : "USR-73357",
        "rootMessageId" : 31448,
        "parentId" : 107144,
        "externalIdentifiers" : "EXT-3857",
        "resourceGraph" : {
          "id" : 200,
          "resourceId" : "Dilip Dodda"
        },
        "createdDate" : "2025-10-07T00:00:00.000+00:00",
        "flagStatus" : "HIGH",
        "roleName" : "HR Executive",
        "hasCustomElement" : false,
        "hasReaction" : true,
        "hasCustomTag" : false
      },
      "_links" : {
        "self" : {
          "href" : "http://10.10.2.180:8099/customElements/65"
        },
        "customElement" : {
          "href" : "http://10.10.2.180:8099/customElements/65"
        }
      }
    }, {
      "id" : 93,
      "createdDate" : "2025-10-16T08:47:01.783+00:00",
      "isRemoved" : false,
      "payload" : "Invoice#2388-PDF",
      "name" : "order_summary",
      "type" : "PERSONALITY",
      "message" : {
        "id" : 150,
        "hasCustomTemplate" : true,
        "decoratorLayer" : "WARNING",
        "hasUserRecipient" : true,
        "hasChildren" : false,
        "isEdited" : false,
        "content" : "System maintenance will occur tonight between 2:00 AM and 3:00 AM.",
        "hasAttachment" : false,
        "isRemoved" : true,
        "messageType" : "ACTION_TICKLER",
        "messagePrivacy" : "ONLY_ME",
        "caseId" : "CASE-8488-Q3",
        "userId" : "USR-84143",
        "rootMessageId" : 28612,
        "parentId" : 121139,
        "externalIdentifiers" : "EXT-7732",
        "resourceGraph" : {
          "id" : 263,
          "resourceId" : "Vikram Biradar"
        },
        "createdDate" : "2025-10-14T00:00:00.000+00:00",
        "flagStatus" : "HIGH",
        "roleName" : "Team Coordinator",
        "hasCustomElement" : false,
        "hasReaction" : false,
        "hasCustomTag" : true
      },
      "_links" : {
        "self" : {
          "href" : "http://10.10.2.180:8099/customElements/93"
        },
        "customElement" : {
          "href" : "http://10.10.2.180:8099/customElements/93"
        }
      }
    }, {
      "id" : 95,
      "createdDate" : "2025-10-16T08:58:17.883+00:00",
      "isRemoved" : false,
      "payload" : "Invoice#2146-PDF",
      "name" : "invoice_doc",
      "type" : "SUGGESTION",
      "message" : {
        "id" : 152,
        "hasCustomTemplate" : false,
        "decoratorLayer" : "INFO",
        "hasUserRecipient" : true,
        "hasChildren" : false,
        "isEdited" : true,
        "content" : "A reminder: team feedback sessions will begin next Monday.",
        "hasAttachment" : false,
        "isRemoved" : true,
        "messageType" : "ACTION_TICKLER",
        "messagePrivacy" : "PUBLIC",
        "caseId" : "CASE-6524-Q1",
        "userId" : "USR-98938",
        "rootMessageId" : 122518,
        "parentId" : 74653,
        "externalIdentifiers" : "EXT-3516",
        "resourceGraph" : {
          "id" : 269,
          "resourceId" : "Rohan Iyer"
        },
        "createdDate" : "2025-10-25T00:00:00.000+00:00",
        "flagStatus" : "HIGH",
        "roleName" : "Finance Manager",
        "hasCustomElement" : false,
        "hasReaction" : true,
        "hasCustomTag" : true
      },
      "_links" : {
        "self" : {
          "href" : "http://10.10.2.180:8099/customElements/95"
        },
        "customElement" : {
          "href" : "http://10.10.2.180:8099/customElements/95"
        }
      }
    }, {
      "id" : 96,
      "createdDate" : "2025-10-16T09:00:15.742+00:00",
      "isRemoved" : false,
      "payload" : "Invoice#2242-PDF",
      "name" : "invoice_doc",
      "type" : "SUGGESTION",
      "message" : {
        "id" : 153,
        "hasCustomTemplate" : true,
        "decoratorLayer" : "SUCCESS",
        "hasUserRecipient" : true,
        "hasChildren" : true,
        "isEdited" : false,
        "content" : "The finance department has updated the reimbursement policy for Q4.",
        "hasAttachment" : false,
        "isRemoved" : false,
        "messageType" : "TOODLE_NOFIES",
        "messagePrivacy" : "ONLY_ME",
        "caseId" : "CASE-7238-Q1",
        "userId" : "USR-40862",
        "rootMessageId" : 187392,
        "parentId" : 177551,
        "externalIdentifiers" : "EXT-1197",
        "resourceGraph" : {
          "id" : 270,
          "resourceId" : "Manjunath Nair"
        },
        "createdDate" : "2025-10-05T00:00:00.000+00:00",
        "flagStatus" : "MEDIUM",
        "roleName" : "QA Manager",
        "hasCustomElement" : true,
        "hasReaction" : false,
        "hasCustomTag" : false
      },
      "_links" : {
        "self" : {
          "href" : "http://10.10.2.180:8099/customElements/96"
        },
        "customElement" : {
          "href" : "http://10.10.2.180:8099/customElements/96"
        }
      }
    }, {
      "id" : 97,
      "createdDate" : "2025-10-16T09:01:27.147+00:00",
      "isRemoved" : false,
      "payload" : "Invoice#2502-PDF",
      "name" : "invoice_doc",
      "type" : "PERSONALITY",
      "message" : {
        "id" : 154,
        "hasCustomTemplate" : false,
        "decoratorLayer" : "INFO",
        "hasUserRecipient" : true,
        "hasChildren" : false,
        "isEdited" : true,
        "content" : "The finance department has updated the reimbursement policy for Q4.",
        "hasAttachment" : false,
        "isRemoved" : false,
        "messageType" : "DOODLE_TICKLER",
        "messagePrivacy" : "PUBLIC",
        "caseId" : "CASE-5595-Q2",
        "userId" : "USR-35429",
        "rootMessageId" : 111775,
        "parentId" : 122445,
        "externalIdentifiers" : "EXT-8927",
        "resourceGraph" : {
          "id" : 271,
          "resourceId" : "Manjunath Nag"
        },
        "createdDate" : "2025-10-10T00:00:00.000+00:00",
        "flagStatus" : "MEDIUM",
        "roleName" : "Finance Manager",
        "hasCustomElement" : true,
        "hasReaction" : false,
        "hasCustomTag" : false
      },
      "_links" : {
        "self" : {
          "href" : "http://10.10.2.180:8099/customElements/97"
        },
        "customElement" : {
          "href" : "http://10.10.2.180:8099/customElements/97"
        }
      }
    }, {
      "id" : 98,
      "createdDate" : "2025-10-16T09:03:27.303+00:00",
      "isRemoved" : false,
      "payload" : "Invoice#2125-PDF",
      "name" : "invoice_doc",
      "type" : "SUGGESTION",
      "message" : {
        "id" : 155,
        "hasCustomTemplate" : true,
        "decoratorLayer" : "WARNING",
        "hasUserRecipient" : true,
        "hasChildren" : false,
        "isEdited" : false,
        "content" : "Quarterly performance appraisal results are available on the HR dashboard.",
        "hasAttachment" : false,
        "isRemoved" : false,
        "messageType" : "SOURCE_CODE",
        "messagePrivacy" : "PUBLIC",
        "caseId" : "CASE-7345-Q2",
        "userId" : "USR-79940",
        "rootMessageId" : 120952,
        "parentId" : 21924,
        "externalIdentifiers" : "EXT-2011",
        "resourceGraph" : {
          "id" : 272,
          "resourceId" : "Naveen Das"
        },
        "createdDate" : "2025-10-03T00:00:00.000+00:00",
        "flagStatus" : "HIGH",
        "roleName" : "Finance Manager",
        "hasCustomElement" : false,
        "hasReaction" : false,
        "hasCustomTag" : false
      },
      "_links" : {
        "self" : {
          "href" : "http://10.10.2.180:8099/customElements/98"
        },
        "customElement" : {
          "href" : "http://10.10.2.180:8099/customElements/98"
        }
      }
    }, {
      "id" : 99,
      "createdDate" : "2025-10-16T09:11:22.951+00:00",
      "isRemoved" : false,
      "payload" : "Invoice#2700-PDF",
      "name" : "credit_note",
      "type" : "DOCUMENTS_INFO",
      "message" : {
        "id" : 156,
        "hasCustomTemplate" : true,
        "decoratorLayer" : "SUCCESS",
        "hasUserRecipient" : false,
        "hasChildren" : true,
        "isEdited" : false,
        "updatedDate" : "2025-10-20T00:00:00.000+00:00",
        "content" : "A reminder: team feedback sessions will begin next Monday.",
        "hasAttachment" : false,
        "isRemoved" : true,
        "messageType" : "EDIT_TICKLER",
        "messagePrivacy" : "ROLE",
        "caseId" : "CASE-8691-Q4",
        "userId" : "USR-60404",
        "rootMessageId" : 126432,
        "parentId" : 165113,
        "externalIdentifiers" : "EXT-3804",
        "resourceGraph" : {
          "id" : 276,
          "resourceId" : "Dilip Nair"
        },
        "createdDate" : "2025-10-10T00:00:00.000+00:00",
        "flagStatus" : "MEDIUM",
        "roleName" : "System Admin",
        "hasCustomElement" : false,
        "hasReaction" : false,
        "hasCustomTag" : false
      },
      "_links" : {
        "self" : {
          "href" : "http://10.10.2.180:8099/customElements/99"
        },
        "customElement" : {
          "href" : "http://10.10.2.180:8099/customElements/99"
        }
      }
    }, {
      "id" : 100,
      "createdDate" : "2025-10-16T09:13:15.666+00:00",
      "isRemoved" : false,
      "payload" : "Invoice#2026-PDF",
      "name" : "invoice_doc",
      "type" : "SUGGESTION",
      "_links" : {
        "self" : {
          "href" : "http://10.10.2.180:8099/customElements/100"
        },
        "customElement" : {
          "href" : "http://10.10.2.180:8099/customElements/100"
        }
      }
    }, {
      "id" : 103,
      "createdDate" : "2025-10-16T09:55:59.513+00:00",
      "isRemoved" : false,
      "payload" : "Invoice#2148-PDF",
      "name" : "payment_doc",
      "type" : "THUMBNAIL_INFO",
      "message" : {
        "id" : 160,
        "hasCustomTemplate" : true,
        "decoratorLayer" : "WARNING",
        "hasUserRecipient" : true,
        "hasChildren" : true,
        "isEdited" : false,
        "updatedDate" : "2025-10-16T09:56:53.775+00:00",
        "content" : "A reminder: team feedback sessions will begin next Monday.",
        "hasAttachment" : true,
        "isRemoved" : true,
        "messageType" : "TOODLE_THEMES",
        "messagePrivacy" : "PUBLIC",
        "caseId" : "CASE-6229-Q1",
        "userId" : "USR-93434",
        "parentId" : 170809,
        "externalIdentifiers" : "EXT-1385",
        "resourceGraph" : {
          "id" : 289,
          "resourceId" : "Akshay Sharma"
        },
        "createdDate" : "2025-10-19T00:00:00.000+00:00",
        "flagStatus" : "HIGH",
        "roleName" : "QA Manager",
        "hasCustomElement" : false,
        "hasReaction" : false,
        "hasCustomTag" : true
      },
      "_links" : {
        "self" : {
          "href" : "http://10.10.2.180:8099/customElements/103"
        },
        "customElement" : {
          "href" : "http://10.10.2.180:8099/customElements/103"
        }
      }
    } ]
  },
  "_links" : {
    "self" : {
      "href" : "http://10.10.2.180:8099/customElements?page=0&size=20"
    },
    "profile" : {
      "href" : "http://10.10.2.180:8099/profile/customElements"
    },
    "search" : {
      "href" : "http://10.10.2.180:8099/customElements/search"
    }
  },
  "page" : {
    "size" : 20,
    "totalElements" : 11,
    "totalPages" : 1,
    "number" : 0
  }
}
Status Code: 200
  When Fetch All CustomElement Details                     # social_comments.CustomElement.Fetch_All_customelement_Details()
  Then The CustomElement response should contain "id"      # social_comments.CustomElement.the_resource_registries_response_should_contain(java.lang.String)
  And The CustomElement response status code should be 200 # social_comments.CustomElement.the_customelement_response_status_code_should_be(java.lang.Integer)
]]></system-out>
  </testcase>
  <testcase name="Get CustomElement details with ID" classname="End-to-end ResourceGraph and ResourceRegistries CRUD flow" time="0.658">
    <system-out><![CDATA[
@CustomElement
Scenario: Get CustomElement details with ID                # src/test/resources/features/End_to_End_social_comments_flow.feature:200
Response Body:
{
  "id" : 103,
  "createdDate" : "2025-10-16T09:55:59.513+00:00",
  "isRemoved" : false,
  "payload" : "Invoice#2148-PDF",
  "name" : "payment_doc",
  "type" : "THUMBNAIL_INFO",
  "message" : {
    "id" : 160,
    "hasCustomTemplate" : true,
    "decoratorLayer" : "WARNING",
    "hasUserRecipient" : true,
    "hasChildren" : true,
    "isEdited" : false,
    "updatedDate" : "2025-10-16T09:56:53.775+00:00",
    "content" : "A reminder: team feedback sessions will begin next Monday.",
    "hasAttachment" : true,
    "isRemoved" : true,
    "messageType" : "TOODLE_THEMES",
    "messagePrivacy" : "PUBLIC",
    "caseId" : "CASE-6229-Q1",
    "userId" : "USR-93434",
    "parentId" : 170809,
    "externalIdentifiers" : "EXT-1385",
    "resourceGraph" : {
      "id" : 289,
      "resourceId" : "Akshay Sharma"
    },
    "createdDate" : "2025-10-19T00:00:00.000+00:00",
    "flagStatus" : "HIGH",
    "roleName" : "QA Manager",
    "hasCustomElement" : false,
    "hasReaction" : false,
    "hasCustomTag" : true
  }
}
Status Code: 200
  When Fetch CustomElement Details with ID                 # social_comments.CustomElement.Fetch_customelement_Details_with_ID()
  And The CustomElement response status code should be 200 # social_comments.CustomElement.the_customelement_response_status_code_should_be(java.lang.Integer)
]]></system-out>
  </testcase>
  <testcase name="Updating Put CustomElement #1" classname="End-to-end ResourceGraph and ResourceRegistries CRUD flow" time="3.812">
    <system-out><![CDATA[
@CustomElement
Scenario: Updating Put CustomElement                       # src/test/resources/features/End_to_End_social_comments_flow.feature:205
PUT Response Body:
{
  "id" : 103,
  "createdDate" : "2025-10-16T09:55:59.513+00:00",
  "isRemoved" : false,
  "payload" : "Invoice#2534-PDF",
  "name" : "invoice_doc",
  "type" : "DOCUMENTS_INFO",
  "message" : {
    "id" : 160,
    "hasCustomTemplate" : true,
    "decoratorLayer" : "WARNING",
    "hasUserRecipient" : true,
    "hasChildren" : true,
    "isEdited" : false,
    "updatedDate" : "2025-10-16T09:56:53.775+00:00",
    "content" : "A reminder: team feedback sessions will begin next Monday.",
    "hasAttachment" : true,
    "isRemoved" : true,
    "messageType" : "TOODLE_THEMES",
    "messagePrivacy" : "PUBLIC",
    "caseId" : "CASE-6229-Q1",
    "userId" : "USR-93434",
    "parentId" : 170809,
    "externalIdentifiers" : "EXT-1385",
    "resourceGraph" : {
      "id" : 289,
      "resourceId" : "Akshay Sharma"
    },
    "createdDate" : "2025-10-19T00:00:00.000+00:00",
    "flagStatus" : "HIGH",
    "roleName" : "QA Manager",
    "hasCustomElement" : false,
    "hasReaction" : false,
    "hasCustomTag" : true
  }
}
Status Code: 200
  When Update CustomElement                                # social_comments.CustomElement.Update_attchment()
  And The CustomElement response status code should be 200 # social_comments.CustomElement.the_customelement_response_status_code_should_be(java.lang.Integer)
  And The CustomElement response should contain "id"       # social_comments.CustomElement.the_resource_registries_response_should_contain(java.lang.String)
]]></system-out>
  </testcase>
  <testcase name="Updating Patch CustomElement" classname="End-to-end ResourceGraph and ResourceRegistries CRUD flow" time="3.644">
    <system-out><![CDATA[
@CustomElement
Scenario: Updating Patch CustomElement                     # src/test/resources/features/End_to_End_social_comments_flow.feature:211
PATCH Request Body:
{
  "name": "tax_report",
  "type": "DOCUMENTS_INFO",
  "payload": "Invoice#2664-PDF",
  "message": {
    "id": "160"
  }
}
PATCH Response Body:
{
  "id" : 103,
  "createdDate" : "2025-10-16T09:55:59.513+00:00",
  "isRemoved" : false,
  "payload" : "Invoice#2664-PDF",
  "name" : "tax_report",
  "type" : "DOCUMENTS_INFO",
  "message" : {
    "id" : 160,
    "hasCustomTemplate" : true,
    "decoratorLayer" : "WARNING",
    "hasUserRecipient" : true,
    "hasChildren" : true,
    "isEdited" : false,
    "updatedDate" : "2025-10-16T09:56:53.775+00:00",
    "content" : "A reminder: team feedback sessions will begin next Monday.",
    "hasAttachment" : true,
    "isRemoved" : true,
    "messageType" : "TOODLE_THEMES",
    "messagePrivacy" : "PUBLIC",
    "caseId" : "CASE-6229-Q1",
    "userId" : "USR-93434",
    "parentId" : 170809,
    "externalIdentifiers" : "EXT-1385",
    "resourceGraph" : {
      "id" : 289,
      "resourceId" : "Akshay Sharma"
    },
    "createdDate" : "2025-10-19T00:00:00.000+00:00",
    "flagStatus" : "HIGH",
    "roleName" : "QA Manager",
    "hasCustomElement" : false,
    "hasReaction" : false,
    "hasCustomTag" : true
  }
}
Status Code: 200
  When Update Patch CustomElement                          # social_comments.CustomElement.Update_Patch_customelement()
  And The CustomElement response status code should be 200 # social_comments.CustomElement.the_customelement_response_status_code_should_be(java.lang.Integer)
]]></system-out>
  </testcase>
  <testcase name="Fetching All Reaction" classname="End-to-end ResourceGraph and ResourceRegistries CRUD flow" time="1.204">
    <system-out><![CDATA[
@Reaction
Scenario: Fetching All Reaction                       # src/test/resources/features/End_to_End_social_comments_flow.feature:216
Response Body:
{
  "_embedded" : {
    "reactions" : [ {
      "id" : 4,
      "createdDate" : "2025-08-13T10:15:30.000+00:00",
      "reactionType" : "LIKE",
      "roleName" : "ADMIN",
      "updatedDate" : "2025-08-13T12:45:10.000+00:00",
      "message" : {
        "id" : 26,
        "hasCustomTemplate" : false,
        "decoratorLayer" : "WARNING",
        "hasUserRecipient" : false,
        "hasChildren" : false,
        "isEdited" : false,
        "updatedDate" : "2025-08-07T00:00:00.000+00:00",
        "content" : "Please review the update the task.",
        "hasAttachment" : true,
        "isRemoved" : false,
        "messageType" : "DEFAULT",
        "messagePrivacy" : "PUBLIC",
        "caseId" : "479518",
        "userId" : "78245",
        "rootMessageId" : 7491,
        "parentId" : 7997,
        "externalIdentifiers" : "78910",
        "resourceGraph" : {
          "id" : 11,
          "resourceId" : "Chetan Patil"
        },
        "createdDate" : "2025-08-07T00:00:00.000+00:00",
        "flagStatus" : "URGENT",
        "roleName" : "Approver",
        "hasCustomElement" : false,
        "hasReaction" : false,
        "hasCustomTag" : false
      },
      "userId" : "user_1025",
      "_links" : {
        "self" : {
          "href" : "http://10.10.2.180:8099/reactions/4"
        },
        "reaction" : {
          "href" : "http://10.10.2.180:8099/reactions/4"
        }
      }
    }, {
      "id" : 5,
      "createdDate" : "2025-07-25T08:22:45.000+00:00",
      "reactionType" : "LOVE",
      "roleName" : "MODERATOR",
      "updatedDate" : "2025-07-25T09:50:15.000+00:00",
      "message" : {
        "id" : 26,
        "hasCustomTemplate" : false,
        "decoratorLayer" : "WARNING",
        "hasUserRecipient" : false,
        "hasChildren" : false,
        "isEdited" : false,
        "updatedDate" : "2025-08-07T00:00:00.000+00:00",
        "content" : "Please review the update the task.",
        "hasAttachment" : true,
        "isRemoved" : false,
        "messageType" : "DEFAULT",
        "messagePrivacy" : "PUBLIC",
        "caseId" : "479518",
        "userId" : "78245",
        "rootMessageId" : 7491,
        "parentId" : 7997,
        "externalIdentifiers" : "78910",
        "resourceGraph" : {
          "id" : 11,
          "resourceId" : "Chetan Patil"
        },
        "createdDate" : "2025-08-07T00:00:00.000+00:00",
        "flagStatus" : "URGENT",
        "roleName" : "Approver",
        "hasCustomElement" : false,
        "hasReaction" : false,
        "hasCustomTag" : false
      },
      "userId" : "user_2098",
      "_links" : {
        "self" : {
          "href" : "http://10.10.2.180:8099/reactions/5"
        },
        "reaction" : {
          "href" : "http://10.10.2.180:8099/reactions/5"
        }
      }
    }, {
      "id" : 37,
      "createdDate" : "2025-10-12T00:00:00.000+00:00",
      "reactionType" : "LOVE",
      "roleName" : "USER",
      "updatedDate" : "2025-10-01T00:00:00.000+00:00",
      "message" : {
        "id" : 92,
        "hasCustomTemplate" : false,
        "decoratorLayer" : "WARNING",
        "hasUserRecipient" : true,
        "hasChildren" : true,
        "isEdited" : false,
        "updatedDate" : "2025-10-21T00:00:00.000+00:00",
        "content" : "Employee engagement survey closes this Friday — don’t forget to participate.",
        "hasAttachment" : true,
        "isRemoved" : true,
        "messageType" : "TOODLE_THEMES",
        "messagePrivacy" : "USER",
        "caseId" : "CASE-4140-Q2",
        "userId" : "USR-34610",
        "rootMessageId" : 110023,
        "parentId" : 4424,
        "externalIdentifiers" : "EXT-1927",
        "resourceGraph" : {
          "id" : 158,
          "resourceId" : "Kevin Das"
        },
        "createdDate" : "2025-10-13T00:00:00.000+00:00",
        "flagStatus" : "MEDIUM",
        "roleName" : "Team Coordinator",
        "hasCustomElement" : false,
        "hasReaction" : true,
        "hasCustomTag" : true
      },
      "userId" : "user_4983",
      "_links" : {
        "self" : {
          "href" : "http://10.10.2.180:8099/reactions/37"
        },
        "reaction" : {
          "href" : "http://10.10.2.180:8099/reactions/37"
        }
      }
    }, {
      "id" : 66,
      "createdDate" : "2025-10-23T00:00:00.000+00:00",
      "reactionType" : "LIKE",
      "roleName" : "SYSTEM",
      "updatedDate" : "2025-10-14T00:00:00.000+00:00",
      "message" : {
        "id" : 121,
        "hasCustomTemplate" : true,
        "decoratorLayer" : "INFO",
        "hasUserRecipient" : false,
        "hasChildren" : false,
        "isEdited" : false,
        "updatedDate" : "2025-10-24T00:00:00.000+00:00",
        "content" : "New security guidelines have been issued — please review them on the company portal.",
        "hasAttachment" : false,
        "isRemoved" : true,
        "messageType" : "TOODLE_LABELS",
        "messagePrivacy" : "PUBLIC",
        "caseId" : "CASE-3081-Q2",
        "userId" : "USR-73357",
        "rootMessageId" : 31448,
        "parentId" : 107144,
        "externalIdentifiers" : "EXT-3857",
        "resourceGraph" : {
          "id" : 200,
          "resourceId" : "Dilip Dodda"
        },
        "createdDate" : "2025-10-07T00:00:00.000+00:00",
        "flagStatus" : "HIGH",
        "roleName" : "HR Executive",
        "hasCustomElement" : false,
        "hasReaction" : true,
        "hasCustomTag" : false
      },
      "userId" : "user_8650",
      "_links" : {
        "self" : {
          "href" : "http://10.10.2.180:8099/reactions/66"
        },
        "reaction" : {
          "href" : "http://10.10.2.180:8099/reactions/66"
        }
      }
    }, {
      "id" : 93,
      "createdDate" : "2025-05-12T00:00:00.000+00:00",
      "reactionType" : "MODERATOR",
      "roleName" : "LIKE",
      "message" : {
        "id" : 4,
        "hasCustomTemplate" : true,
        "decoratorLayer" : "aaaa",
        "hasUserRecipient" : true,
        "hasChildren" : true,
        "isEdited" : true,
        "updatedDate" : "2025-07-11T00:00:00.000+00:00",
        "content" : "dddd",
        "hasAttachment" : false,
        "isRemoved" : true,
        "messageType" : "REPLY_TICKLER",
        "messagePrivacy" : "ROLE",
        "caseId" : "dddd",
        "userId" : "ravi",
        "rootMessageId" : 325,
        "parentId" : 875,
        "externalIdentifiers" : "dddd",
        "resourceGraph" : {
          "id" : 1,
          "resourceId" : "kiran"
        },
        "createdDate" : "2025-07-10T00:00:00.000+00:00",
        "flagStatus" : "dddd",
        "roleName" : "dddd",
        "hasCustomElement" : true,
        "hasReaction" : true,
        "hasCustomTag" : true
      },
      "userId" : "user_2098",
      "_links" : {
        "self" : {
          "href" : "http://10.10.2.180:8099/reactions/93"
        },
        "reaction" : {
          "href" : "http://10.10.2.180:8099/reactions/93"
        }
      }
    }, {
      "id" : 94,
      "createdDate" : "2025-10-27T00:00:00.000+00:00",
      "reactionType" : "APPROVE",
      "roleName" : "MODERATOR",
      "updatedDate" : "2025-10-09T00:00:00.000+00:00",
      "message" : {
        "id" : 150,
        "hasCustomTemplate" : true,
        "decoratorLayer" : "WARNING",
        "hasUserRecipient" : true,
        "hasChildren" : false,
        "isEdited" : false,
        "content" : "System maintenance will occur tonight between 2:00 AM and 3:00 AM.",
        "hasAttachment" : false,
        "isRemoved" : true,
        "messageType" : "ACTION_TICKLER",
        "messagePrivacy" : "ONLY_ME",
        "caseId" : "CASE-8488-Q3",
        "userId" : "USR-84143",
        "rootMessageId" : 28612,
        "parentId" : 121139,
        "externalIdentifiers" : "EXT-7732",
        "resourceGraph" : {
          "id" : 263,
          "resourceId" : "Vikram Biradar"
        },
        "createdDate" : "2025-10-14T00:00:00.000+00:00",
        "flagStatus" : "HIGH",
        "roleName" : "Team Coordinator",
        "hasCustomElement" : false,
        "hasReaction" : false,
        "hasCustomTag" : true
      },
      "userId" : "user_1546",
      "_links" : {
        "self" : {
          "href" : "http://10.10.2.180:8099/reactions/94"
        },
        "reaction" : {
          "href" : "http://10.10.2.180:8099/reactions/94"
        }
      }
    }, {
      "id" : 96,
      "createdDate" : "2025-10-03T00:00:00.000+00:00",
      "reactionType" : "CLAP",
      "roleName" : "MODERATOR",
      "updatedDate" : "2025-10-29T00:00:00.000+00:00",
      "message" : {
        "id" : 156,
        "hasCustomTemplate" : true,
        "decoratorLayer" : "SUCCESS",
        "hasUserRecipient" : false,
        "hasChildren" : true,
        "isEdited" : false,
        "updatedDate" : "2025-10-20T00:00:00.000+00:00",
        "content" : "A reminder: team feedback sessions will begin next Monday.",
        "hasAttachment" : false,
        "isRemoved" : true,
        "messageType" : "EDIT_TICKLER",
        "messagePrivacy" : "ROLE",
        "caseId" : "CASE-8691-Q4",
        "userId" : "USR-60404",
        "rootMessageId" : 126432,
        "parentId" : 165113,
        "externalIdentifiers" : "EXT-3804",
        "resourceGraph" : {
          "id" : 276,
          "resourceId" : "Dilip Nair"
        },
        "createdDate" : "2025-10-10T00:00:00.000+00:00",
        "flagStatus" : "MEDIUM",
        "roleName" : "System Admin",
        "hasCustomElement" : false,
        "hasReaction" : false,
        "hasCustomTag" : false
      },
      "userId" : "user_3643",
      "_links" : {
        "self" : {
          "href" : "http://10.10.2.180:8099/reactions/96"
        },
        "reaction" : {
          "href" : "http://10.10.2.180:8099/reactions/96"
        }
      }
    }, {
      "id" : 97,
      "createdDate" : "2025-05-12T00:00:00.000+00:00",
      "reactionType" : "MODERATOR",
      "roleName" : "LIKE",
      "message" : {
        "id" : 4,
        "hasCustomTemplate" : true,
        "decoratorLayer" : "aaaa",
        "hasUserRecipient" : true,
        "hasChildren" : true,
        "isEdited" : true,
        "updatedDate" : "2025-07-11T00:00:00.000+00:00",
        "content" : "dddd",
        "hasAttachment" : false,
        "isRemoved" : true,
        "messageType" : "REPLY_TICKLER",
        "messagePrivacy" : "ROLE",
        "caseId" : "dddd",
        "userId" : "ravi",
        "rootMessageId" : 325,
        "parentId" : 875,
        "externalIdentifiers" : "dddd",
        "resourceGraph" : {
          "id" : 1,
          "resourceId" : "kiran"
        },
        "createdDate" : "2025-07-10T00:00:00.000+00:00",
        "flagStatus" : "dddd",
        "roleName" : "dddd",
        "hasCustomElement" : true,
        "hasReaction" : true,
        "hasCustomTag" : true
      },
      "userId" : "user_2098",
      "_links" : {
        "self" : {
          "href" : "http://10.10.2.180:8099/reactions/97"
        },
        "reaction" : {
          "href" : "http://10.10.2.180:8099/reactions/97"
        }
      }
    }, {
      "id" : 100,
      "createdDate" : "2025-10-02T00:00:00.000+00:00",
      "reactionType" : "APPROVE",
      "roleName" : "ADMIN",
      "message" : {
        "id" : 160,
        "hasCustomTemplate" : true,
        "decoratorLayer" : "WARNING",
        "hasUserRecipient" : true,
        "hasChildren" : true,
        "isEdited" : false,
        "updatedDate" : "2025-10-16T09:56:53.775+00:00",
        "content" : "A reminder: team feedback sessions will begin next Monday.",
        "hasAttachment" : true,
        "isRemoved" : true,
        "messageType" : "TOODLE_THEMES",
        "messagePrivacy" : "PUBLIC",
        "caseId" : "CASE-6229-Q1",
        "userId" : "USR-93434",
        "parentId" : 170809,
        "externalIdentifiers" : "EXT-1385",
        "resourceGraph" : {
          "id" : 289,
          "resourceId" : "Akshay Sharma"
        },
        "createdDate" : "2025-10-19T00:00:00.000+00:00",
        "flagStatus" : "HIGH",
        "roleName" : "QA Manager",
        "hasCustomElement" : false,
        "hasReaction" : false,
        "hasCustomTag" : true
      },
      "userId" : "user_1257",
      "_links" : {
        "self" : {
          "href" : "http://10.10.2.180:8099/reactions/100"
        },
        "reaction" : {
          "href" : "http://10.10.2.180:8099/reactions/100"
        }
      }
    } ]
  },
  "_links" : {
    "self" : {
      "href" : "http://10.10.2.180:8099/reactions?page=0&size=20"
    },
    "profile" : {
      "href" : "http://10.10.2.180:8099/profile/reactions"
    },
    "search" : {
      "href" : "http://10.10.2.180:8099/reactions/search"
    }
  },
  "page" : {
    "size" : 20,
    "totalElements" : 9,
    "totalPages" : 1,
    "number" : 0
  }
}
Status Code: 200
  When Fetch All Reaction Details                     # social_comments.Reaction.Fetch_All_reaction_Details()
  Then The Reaction response should contain "id"      # social_comments.Reaction.the_reaction_response_should_contain(java.lang.String)
  And The Reaction response status code should be 200 # social_comments.Reaction.the_reaction_response_status_code_should_be(java.lang.Integer)
]]></system-out>
  </testcase>
  <testcase name="Get Reaction details with ID" classname="End-to-end ResourceGraph and ResourceRegistries CRUD flow" time="0.842">
    <system-out><![CDATA[
@Reaction
Scenario: Get Reaction details with ID                 # src/test/resources/features/End_to_End_social_comments_flow.feature:222
Response Body:
{
  "id" : 100,
  "createdDate" : "2025-10-02T00:00:00.000+00:00",
  "reactionType" : "APPROVE",
  "roleName" : "ADMIN",
  "message" : {
    "id" : 160,
    "hasCustomTemplate" : true,
    "decoratorLayer" : "WARNING",
    "hasUserRecipient" : true,
    "hasChildren" : true,
    "isEdited" : false,
    "updatedDate" : "2025-10-16T09:56:53.775+00:00",
    "content" : "A reminder: team feedback sessions will begin next Monday.",
    "hasAttachment" : true,
    "isRemoved" : true,
    "messageType" : "TOODLE_THEMES",
    "messagePrivacy" : "PUBLIC",
    "caseId" : "CASE-6229-Q1",
    "userId" : "USR-93434",
    "parentId" : 170809,
    "externalIdentifiers" : "EXT-1385",
    "resourceGraph" : {
      "id" : 289,
      "resourceId" : "Akshay Sharma"
    },
    "createdDate" : "2025-10-19T00:00:00.000+00:00",
    "flagStatus" : "HIGH",
    "roleName" : "QA Manager",
    "hasCustomElement" : false,
    "hasReaction" : false,
    "hasCustomTag" : true
  },
  "userId" : "user_1257"
}
Status Code: 200
  When Fetch Reaction Details with ID                  # social_comments.Reaction.Fetch_reaction_Details_with_ID()
  Then The Reaction response status code should be 200 # social_comments.Reaction.the_reaction_response_status_code_should_be(java.lang.Integer)
]]></system-out>
  </testcase>
  <testcase name="Updating Put Reaction #1" classname="End-to-end ResourceGraph and ResourceRegistries CRUD flow" time="4.644">
    <system-out><![CDATA[
@Reaction
Scenario: Updating Put Reaction                       # src/test/resources/features/End_to_End_social_comments_flow.feature:227
PUT Response Body:
{
  "id" : 100,
  "createdDate" : "2025-10-09T00:00:00.000+00:00",
  "reactionType" : "DISLIKE",
  "roleName" : "SYSTEM",
  "updatedDate" : "2025-10-16T09:57:18.355+00:00",
  "message" : {
    "id" : 160,
    "hasCustomTemplate" : true,
    "decoratorLayer" : "WARNING",
    "hasUserRecipient" : true,
    "hasChildren" : true,
    "isEdited" : false,
    "updatedDate" : "2025-10-16T09:56:53.775+00:00",
    "content" : "A reminder: team feedback sessions will begin next Monday.",
    "hasAttachment" : true,
    "isRemoved" : true,
    "messageType" : "TOODLE_THEMES",
    "messagePrivacy" : "PUBLIC",
    "caseId" : "CASE-6229-Q1",
    "userId" : "USR-93434",
    "parentId" : 170809,
    "externalIdentifiers" : "EXT-1385",
    "resourceGraph" : {
      "id" : 289,
      "resourceId" : "Akshay Sharma"
    },
    "createdDate" : "2025-10-19T00:00:00.000+00:00",
    "flagStatus" : "HIGH",
    "roleName" : "QA Manager",
    "hasCustomElement" : false,
    "hasReaction" : false,
    "hasCustomTag" : true
  },
  "userId" : "user_1778"
}
Status Code: 200
  When Update Reaction                                # social_comments.Reaction.Update_reaction()
  Then The Reaction response should contain "id"      # social_comments.Reaction.the_reaction_response_should_contain(java.lang.String)
  And The Reaction response status code should be 200 # social_comments.Reaction.the_reaction_response_status_code_should_be(java.lang.Integer)
]]></system-out>
  </testcase>
  <testcase name="Updating Patch Reaction" classname="End-to-end ResourceGraph and ResourceRegistries CRUD flow" time="4.568">
    <system-out><![CDATA[
@Reaction
Scenario: Updating Patch Reaction                      # src/test/resources/features/End_to_End_social_comments_flow.feature:233
PATCH Request Body:
{
  "createdDate": "2025-10-28",
  "reactionType": "CLAP",
  "roleName": "MODERATOR",
  "userId": "user_2193",
  "message": {
    "id": 160
  }
}
PATCH Response Body:
{
  "id" : 100,
  "createdDate" : "2025-10-28T00:00:00.000+00:00",
  "reactionType" : "CLAP",
  "roleName" : "MODERATOR",
  "updatedDate" : "2025-10-16T09:57:22.855+00:00",
  "message" : {
    "id" : 160,
    "hasCustomTemplate" : true,
    "decoratorLayer" : "WARNING",
    "hasUserRecipient" : true,
    "hasChildren" : true,
    "isEdited" : false,
    "updatedDate" : "2025-10-16T09:56:53.775+00:00",
    "content" : "A reminder: team feedback sessions will begin next Monday.",
    "hasAttachment" : true,
    "isRemoved" : true,
    "messageType" : "TOODLE_THEMES",
    "messagePrivacy" : "PUBLIC",
    "caseId" : "CASE-6229-Q1",
    "userId" : "USR-93434",
    "parentId" : 170809,
    "externalIdentifiers" : "EXT-1385",
    "resourceGraph" : {
      "id" : 289,
      "resourceId" : "Akshay Sharma"
    },
    "createdDate" : "2025-10-19T00:00:00.000+00:00",
    "flagStatus" : "HIGH",
    "roleName" : "QA Manager",
    "hasCustomElement" : false,
    "hasReaction" : false,
    "hasCustomTag" : true
  },
  "userId" : "user_2193"
}
Status Code: 200
  When Update Patch Reaction                           # social_comments.Reaction.Update_Patch_Reaction()
  Then The Reaction response status code should be 200 # social_comments.Reaction.the_reaction_response_status_code_should_be(java.lang.Integer)
]]></system-out>
  </testcase>
  <testcase name="Fetching All BaseUserMessage" classname="End-to-end ResourceGraph and ResourceRegistries CRUD flow" time="1.124">
    <system-out><![CDATA[
@BaseUserMessage
Scenario: Fetching All BaseUserMessage                       # src/test/resources/features/End_to_End_social_comments_flow.feature:238
Response Body:
{
  "_embedded" : {
    "baseUserMessages" : [ {
      "id" : 1,
      "createdDate" : "2025-08-04T11:01:23.736+00:00",
      "isRemoved" : false,
      "updatedDate" : "2025-08-04T11:01:23.736+00:00",
      "userId" : "zara.hussain",
      "_links" : {
        "self" : {
          "href" : "http://10.10.2.180:8099/baseUserMessages/1"
        },
        "baseUserMessage" : {
          "href" : "http://10.10.2.180:8099/baseUserMessages/1"
        }
      }
    }, {
      "id" : 4,
      "createdDate" : "2025-08-04T11:03:16.744+00:00",
      "isRemoved" : false,
      "roleName" : "Admin",
      "updatedDate" : "2025-08-04T11:03:16.744+00:00",
      "userId" : "hussain",
      "_links" : {
        "self" : {
          "href" : "http://10.10.2.180:8099/baseUserMessages/4"
        },
        "baseUserMessage" : {
          "href" : "http://10.10.2.180:8099/baseUserMessages/4"
        }
      }
    }, {
      "id" : 5,
      "createdDate" : "2025-08-04T11:04:51.693+00:00",
      "isRemoved" : false,
      "roleName" : "Admin",
      "updatedDate" : "2025-08-04T11:04:51.693+00:00",
      "userId" : "Chetan",
      "_links" : {
        "self" : {
          "href" : "http://10.10.2.180:8099/baseUserMessages/5"
        },
        "baseUserMessage" : {
          "href" : "http://10.10.2.180:8099/baseUserMessages/5"
        }
      }
    }, {
      "id" : 7,
      "createdDate" : "2025-08-07T07:56:22.169+00:00",
      "isRemoved" : false,
      "roleName" : "QA Engineer",
      "updatedDate" : "2025-08-07T07:56:22.169+00:00",
      "userId" : "124799",
      "_links" : {
        "self" : {
          "href" : "http://10.10.2.180:8099/baseUserMessages/7"
        },
        "baseUserMessage" : {
          "href" : "http://10.10.2.180:8099/baseUserMessages/7"
        }
      }
    }, {
      "id" : 9,
      "createdDate" : "2025-10-09T10:39:51.490+00:00",
      "isRemoved" : false,
      "roleName" : "Software Developer",
      "updatedDate" : "2025-10-09T10:39:51.490+00:00",
      "userId" : "102345",
      "_links" : {
        "self" : {
          "href" : "http://10.10.2.180:8099/baseUserMessages/9"
        },
        "baseUserMessage" : {
          "href" : "http://10.10.2.180:8099/baseUserMessages/9"
        }
      }
    }, {
      "id" : 10,
      "createdDate" : "2025-10-09T10:58:37.379+00:00",
      "isRemoved" : false,
      "roleName" : "UX Designer",
      "updatedDate" : "2025-10-09T10:58:37.379+00:00",
      "userId" : "11064",
      "_links" : {
        "self" : {
          "href" : "http://10.10.2.180:8099/baseUserMessages/10"
        },
        "baseUserMessage" : {
          "href" : "http://10.10.2.180:8099/baseUserMessages/10"
        }
      }
    }, {
      "id" : 38,
      "createdDate" : "2025-10-13T08:34:07.401+00:00",
      "isRemoved" : false,
      "roleName" : "QA Manager",
      "updatedDate" : "2025-10-13T08:34:07.401+00:00",
      "message" : {
        "id" : 92,
        "hasCustomTemplate" : false,
        "decoratorLayer" : "WARNING",
        "hasUserRecipient" : true,
        "hasChildren" : true,
        "isEdited" : false,
        "updatedDate" : "2025-10-21T00:00:00.000+00:00",
        "content" : "Employee engagement survey closes this Friday — don’t forget to participate.",
        "hasAttachment" : true,
        "isRemoved" : true,
        "messageType" : "TOODLE_THEMES",
        "messagePrivacy" : "USER",
        "caseId" : "CASE-4140-Q2",
        "userId" : "USR-34610",
        "rootMessageId" : 110023,
        "parentId" : 4424,
        "externalIdentifiers" : "EXT-1927",
        "resourceGraph" : {
          "id" : 158,
          "resourceId" : "Kevin Das"
        },
        "createdDate" : "2025-10-13T00:00:00.000+00:00",
        "flagStatus" : "MEDIUM",
        "roleName" : "Team Coordinator",
        "hasCustomElement" : false,
        "hasReaction" : true,
        "hasCustomTag" : true
      },
      "userId" : "75983",
      "_links" : {
        "self" : {
          "href" : "http://10.10.2.180:8099/baseUserMessages/38"
        },
        "baseUserMessage" : {
          "href" : "http://10.10.2.180:8099/baseUserMessages/38"
        }
      }
    }, {
      "id" : 67,
      "createdDate" : "2025-10-14T08:13:58.580+00:00",
      "isRemoved" : false,
      "roleName" : "Software Developer",
      "updatedDate" : "2025-10-14T08:13:58.580+00:00",
      "message" : {
        "id" : 121,
        "hasCustomTemplate" : true,
        "decoratorLayer" : "INFO",
        "hasUserRecipient" : false,
        "hasChildren" : false,
        "isEdited" : false,
        "updatedDate" : "2025-10-24T00:00:00.000+00:00",
        "content" : "New security guidelines have been issued — please review them on the company portal.",
        "hasAttachment" : false,
        "isRemoved" : true,
        "messageType" : "TOODLE_LABELS",
        "messagePrivacy" : "PUBLIC",
        "caseId" : "CASE-3081-Q2",
        "userId" : "USR-73357",
        "rootMessageId" : 31448,
        "parentId" : 107144,
        "externalIdentifiers" : "EXT-3857",
        "resourceGraph" : {
          "id" : 200,
          "resourceId" : "Dilip Dodda"
        },
        "createdDate" : "2025-10-07T00:00:00.000+00:00",
        "flagStatus" : "HIGH",
        "roleName" : "HR Executive",
        "hasCustomElement" : false,
        "hasReaction" : true,
        "hasCustomTag" : false
      },
      "userId" : "52947",
      "_links" : {
        "self" : {
          "href" : "http://10.10.2.180:8099/baseUserMessages/67"
        },
        "baseUserMessage" : {
          "href" : "http://10.10.2.180:8099/baseUserMessages/67"
        }
      }
    }, {
      "id" : 95,
      "createdDate" : "2025-10-16T08:47:08.603+00:00",
      "isRemoved" : false,
      "roleName" : "Software Test Engineer",
      "updatedDate" : "2025-10-16T08:47:08.603+00:00",
      "message" : {
        "id" : 150,
        "hasCustomTemplate" : true,
        "decoratorLayer" : "WARNING",
        "hasUserRecipient" : true,
        "hasChildren" : false,
        "isEdited" : false,
        "content" : "System maintenance will occur tonight between 2:00 AM and 3:00 AM.",
        "hasAttachment" : false,
        "isRemoved" : true,
        "messageType" : "ACTION_TICKLER",
        "messagePrivacy" : "ONLY_ME",
        "caseId" : "CASE-8488-Q3",
        "userId" : "USR-84143",
        "rootMessageId" : 28612,
        "parentId" : 121139,
        "externalIdentifiers" : "EXT-7732",
        "resourceGraph" : {
          "id" : 263,
          "resourceId" : "Vikram Biradar"
        },
        "createdDate" : "2025-10-14T00:00:00.000+00:00",
        "flagStatus" : "HIGH",
        "roleName" : "Team Coordinator",
        "hasCustomElement" : false,
        "hasReaction" : false,
        "hasCustomTag" : true
      },
      "userId" : "30872",
      "_links" : {
        "self" : {
          "href" : "http://10.10.2.180:8099/baseUserMessages/95"
        },
        "baseUserMessage" : {
          "href" : "http://10.10.2.180:8099/baseUserMessages/95"
        }
      }
    }, {
      "id" : 97,
      "createdDate" : "2025-10-16T09:15:26.703+00:00",
      "isRemoved" : false,
      "roleName" : "Software Developer",
      "updatedDate" : "2025-10-16T09:15:26.703+00:00",
      "userId" : "102345",
      "_links" : {
        "self" : {
          "href" : "http://10.10.2.180:8099/baseUserMessages/97"
        },
        "baseUserMessage" : {
          "href" : "http://10.10.2.180:8099/baseUserMessages/97"
        }
      }
    }, {
      "id" : 98,
      "createdDate" : "2025-10-16T09:15:34.682+00:00",
      "isRemoved" : false,
      "roleName" : "Software Developer",
      "updatedDate" : "2025-10-16T09:15:34.682+00:00",
      "userId" : "102345",
      "_links" : {
        "self" : {
          "href" : "http://10.10.2.180:8099/baseUserMessages/98"
        },
        "baseUserMessage" : {
          "href" : "http://10.10.2.180:8099/baseUserMessages/98"
        }
      }
    }, {
      "id" : 101,
      "createdDate" : "2025-10-16T09:56:08.133+00:00",
      "isRemoved" : false,
      "roleName" : "Software Test Engineer",
      "updatedDate" : "2025-10-16T09:56:08.133+00:00",
      "message" : {
        "id" : 160,
        "hasCustomTemplate" : true,
        "decoratorLayer" : "WARNING",
        "hasUserRecipient" : true,
        "hasChildren" : true,
        "isEdited" : false,
        "updatedDate" : "2025-10-16T09:56:53.775+00:00",
        "content" : "A reminder: team feedback sessions will begin next Monday.",
        "hasAttachment" : true,
        "isRemoved" : true,
        "messageType" : "TOODLE_THEMES",
        "messagePrivacy" : "PUBLIC",
        "caseId" : "CASE-6229-Q1",
        "userId" : "USR-93434",
        "parentId" : 170809,
        "externalIdentifiers" : "EXT-1385",
        "resourceGraph" : {
          "id" : 289,
          "resourceId" : "Akshay Sharma"
        },
        "createdDate" : "2025-10-19T00:00:00.000+00:00",
        "flagStatus" : "HIGH",
        "roleName" : "QA Manager",
        "hasCustomElement" : false,
        "hasReaction" : false,
        "hasCustomTag" : true
      },
      "userId" : "17321",
      "_links" : {
        "self" : {
          "href" : "http://10.10.2.180:8099/baseUserMessages/101"
        },
        "baseUserMessage" : {
          "href" : "http://10.10.2.180:8099/baseUserMessages/101"
        }
      }
    } ]
  },
  "_links" : {
    "self" : {
      "href" : "http://10.10.2.180:8099/baseUserMessages?page=0&size=20"
    },
    "profile" : {
      "href" : "http://10.10.2.180:8099/profile/baseUserMessages"
    },
    "search" : {
      "href" : "http://10.10.2.180:8099/baseUserMessages/search"
    }
  },
  "page" : {
    "size" : 20,
    "totalElements" : 12,
    "totalPages" : 1,
    "number" : 0
  }
}
Status Code: 200
  When Fetch All BaseUserMessage Details                     # social_comments.BaseUserMessage.Fetch_All_baseusermessage_Details()
  Then The BaseUserMessage response should contain "id"      # social_comments.BaseUserMessage.the_baseusermessage_response_should_contain(java.lang.String)
  And The BaseUserMessage response status code should be 200 # social_comments.BaseUserMessage.the_baseusermessage_response_status_code_should_be(java.lang.Integer)
]]></system-out>
  </testcase>
  <testcase name="Get BaseUserMessage details with ID" classname="End-to-end ResourceGraph and ResourceRegistries CRUD flow" time="0.762">
    <system-out><![CDATA[
@BaseUserMessage
Scenario: Get BaseUserMessage details with ID                 # src/test/resources/features/End_to_End_social_comments_flow.feature:244
Response Body:
{
  "id" : 101,
  "createdDate" : "2025-10-16T09:56:08.133+00:00",
  "isRemoved" : false,
  "roleName" : "Software Test Engineer",
  "updatedDate" : "2025-10-16T09:56:08.133+00:00",
  "message" : {
    "id" : 160,
    "hasCustomTemplate" : true,
    "decoratorLayer" : "WARNING",
    "hasUserRecipient" : true,
    "hasChildren" : true,
    "isEdited" : false,
    "updatedDate" : "2025-10-16T09:56:53.775+00:00",
    "content" : "A reminder: team feedback sessions will begin next Monday.",
    "hasAttachment" : true,
    "isRemoved" : true,
    "messageType" : "TOODLE_THEMES",
    "messagePrivacy" : "PUBLIC",
    "caseId" : "CASE-6229-Q1",
    "userId" : "USR-93434",
    "parentId" : 170809,
    "externalIdentifiers" : "EXT-1385",
    "resourceGraph" : {
      "id" : 289,
      "resourceId" : "Akshay Sharma"
    },
    "createdDate" : "2025-10-19T00:00:00.000+00:00",
    "flagStatus" : "HIGH",
    "roleName" : "QA Manager",
    "hasCustomElement" : false,
    "hasReaction" : false,
    "hasCustomTag" : true
  },
  "userId" : "17321"
}
Status Code: 200
  When Fetch BaseUserMessage Details with ID                  # social_comments.BaseUserMessage.Fetch_baseusermessage_Details_with_ID()
  Then The BaseUserMessage response status code should be 200 # social_comments.BaseUserMessage.the_baseusermessage_response_status_code_should_be(java.lang.Integer)
]]></system-out>
  </testcase>
  <testcase name="Updating Put BaseUserMessage #1" classname="End-to-end ResourceGraph and ResourceRegistries CRUD flow" time="3.469">
    <system-out><![CDATA[
@BaseUserMessage
Scenario: Updating Put BaseUserMessage                       # src/test/resources/features/End_to_End_social_comments_flow.feature:249
PUT Response Body:
{
  "id" : 101,
  "createdDate" : "2025-10-16T09:56:08.133+00:00",
  "isRemoved" : false,
  "roleName" : "QA Engineer",
  "updatedDate" : "2025-10-16T09:57:29.194+00:00",
  "message" : {
    "id" : 160,
    "hasCustomTemplate" : true,
    "decoratorLayer" : "WARNING",
    "hasUserRecipient" : true,
    "hasChildren" : true,
    "isEdited" : false,
    "updatedDate" : "2025-10-16T09:56:53.775+00:00",
    "content" : "A reminder: team feedback sessions will begin next Monday.",
    "hasAttachment" : true,
    "isRemoved" : true,
    "messageType" : "TOODLE_THEMES",
    "messagePrivacy" : "PUBLIC",
    "caseId" : "CASE-6229-Q1",
    "userId" : "USR-93434",
    "parentId" : 170809,
    "externalIdentifiers" : "EXT-1385",
    "resourceGraph" : {
      "id" : 289,
      "resourceId" : "Akshay Sharma"
    },
    "createdDate" : "2025-10-19T00:00:00.000+00:00",
    "flagStatus" : "HIGH",
    "roleName" : "QA Manager",
    "hasCustomElement" : false,
    "hasReaction" : false,
    "hasCustomTag" : true
  },
  "userId" : "53669"
}
Status Code: 200
  When Update BaseUserMessage                                # social_comments.BaseUserMessage.Update_baseusermessage()
  Then The BaseUserMessage response should contain "id"      # social_comments.BaseUserMessage.the_baseusermessage_response_should_contain(java.lang.String)
  And The BaseUserMessage response status code should be 200 # social_comments.BaseUserMessage.the_baseusermessage_response_status_code_should_be(java.lang.Integer)
]]></system-out>
  </testcase>
  <testcase name="Updating Patch BaseUserMessage" classname="End-to-end ResourceGraph and ResourceRegistries CRUD flow" time="3.872">
    <system-out><![CDATA[
@BaseUserMessage
Scenario: Updating Patch BaseUserMessage                      # src/test/resources/features/End_to_End_social_comments_flow.feature:255
PATCH Request Body:
{
  "roleName": "UX Designer",
  "message": {
    "id": "160"
  },
  "userId": "39498"
}
PATCH Response Body:
{
  "id" : 101,
  "createdDate" : "2025-10-16T09:56:08.133+00:00",
  "isRemoved" : false,
  "roleName" : "UX Designer",
  "updatedDate" : "2025-10-16T09:57:32.796+00:00",
  "message" : {
    "id" : 160,
    "hasCustomTemplate" : true,
    "decoratorLayer" : "WARNING",
    "hasUserRecipient" : true,
    "hasChildren" : true,
    "isEdited" : false,
    "updatedDate" : "2025-10-16T09:56:53.775+00:00",
    "content" : "A reminder: team feedback sessions will begin next Monday.",
    "hasAttachment" : true,
    "isRemoved" : true,
    "messageType" : "TOODLE_THEMES",
    "messagePrivacy" : "PUBLIC",
    "caseId" : "CASE-6229-Q1",
    "userId" : "USR-93434",
    "parentId" : 170809,
    "externalIdentifiers" : "EXT-1385",
    "resourceGraph" : {
      "id" : 289,
      "resourceId" : "Akshay Sharma"
    },
    "createdDate" : "2025-10-19T00:00:00.000+00:00",
    "flagStatus" : "HIGH",
    "roleName" : "QA Manager",
    "hasCustomElement" : false,
    "hasReaction" : false,
    "hasCustomTag" : true
  },
  "userId" : "39498"
}
Status Code: 200
  When Update Patch BaseUserMessage                           # social_comments.BaseUserMessage.Update_Patch_BaseUserMessage()
  Then The BaseUserMessage response status code should be 200 # social_comments.BaseUserMessage.the_baseusermessage_response_status_code_should_be(java.lang.Integer)
]]></system-out>
  </testcase>
  <testcase name="Fetching All CustomTag" classname="End-to-end ResourceGraph and ResourceRegistries CRUD flow" time="0.702">
    <system-out><![CDATA[
@CustomTag
Scenario: Fetching All CustomTag                       # src/test/resources/features/End_to_End_social_comments_flow.feature:260
Response Body:
{
  "_embedded" : {
    "customTags" : [ {
      "id" : 1,
      "createdDate" : "2025-10-10T09:44:10.557+00:00",
      "isRemoved" : false,
      "payload" : "Great job on the project!",
      "type" : "HASH",
      "message" : {
        "id" : 4,
        "hasCustomTemplate" : true,
        "decoratorLayer" : "aaaa",
        "hasUserRecipient" : true,
        "hasChildren" : true,
        "isEdited" : true,
        "updatedDate" : "2025-07-11T00:00:00.000+00:00",
        "content" : "dddd",
        "hasAttachment" : false,
        "isRemoved" : true,
        "messageType" : "REPLY_TICKLER",
        "messagePrivacy" : "ROLE",
        "caseId" : "dddd",
        "userId" : "ravi",
        "rootMessageId" : 325,
        "parentId" : 875,
        "externalIdentifiers" : "dddd",
        "resourceGraph" : {
          "id" : 1,
          "resourceId" : "kiran"
        },
        "createdDate" : "2025-07-10T00:00:00.000+00:00",
        "flagStatus" : "dddd",
        "roleName" : "dddd",
        "hasCustomElement" : true,
        "hasReaction" : true,
        "hasCustomTag" : true
      },
      "referenceId" : "COMM-REF-002",
      "content" : "Comment added on post",
      "_links" : {
        "self" : {
          "href" : "http://10.10.2.180:8099/customTags/1"
        },
        "customTag" : {
          "href" : "http://10.10.2.180:8099/customTags/1"
        }
      }
    }, {
      "id" : 65,
      "createdDate" : "2025-10-16T08:47:11.903+00:00",
      "isRemoved" : false,
      "payload" : "Please check",
      "type" : "REFERENCE",
      "message" : {
        "id" : 150,
        "hasCustomTemplate" : true,
        "decoratorLayer" : "WARNING",
        "hasUserRecipient" : true,
        "hasChildren" : false,
        "isEdited" : false,
        "content" : "System maintenance will occur tonight between 2:00 AM and 3:00 AM.",
        "hasAttachment" : false,
        "isRemoved" : true,
        "messageType" : "ACTION_TICKLER",
        "messagePrivacy" : "ONLY_ME",
        "caseId" : "CASE-8488-Q3",
        "userId" : "USR-84143",
        "rootMessageId" : 28612,
        "parentId" : 121139,
        "externalIdentifiers" : "EXT-7732",
        "resourceGraph" : {
          "id" : 263,
          "resourceId" : "Vikram Biradar"
        },
        "createdDate" : "2025-10-14T00:00:00.000+00:00",
        "flagStatus" : "HIGH",
        "roleName" : "Team Coordinator",
        "hasCustomElement" : false,
        "hasReaction" : false,
        "hasCustomTag" : true
      },
      "referenceId" : "COMM-REF-294",
      "content" : "Nice work!",
      "_links" : {
        "self" : {
          "href" : "http://10.10.2.180:8099/customTags/65"
        },
        "customTag" : {
          "href" : "http://10.10.2.180:8099/customTags/65"
        }
      }
    }, {
      "id" : 67,
      "createdDate" : "2025-10-16T09:16:35.101+00:00",
      "isRemoved" : false,
      "payload" : "Great job on the project!",
      "type" : "HASH",
      "message" : {
        "id" : 4,
        "hasCustomTemplate" : true,
        "decoratorLayer" : "aaaa",
        "hasUserRecipient" : true,
        "hasChildren" : true,
        "isEdited" : true,
        "updatedDate" : "2025-07-11T00:00:00.000+00:00",
        "content" : "dddd",
        "hasAttachment" : false,
        "isRemoved" : true,
        "messageType" : "REPLY_TICKLER",
        "messagePrivacy" : "ROLE",
        "caseId" : "dddd",
        "userId" : "ravi",
        "rootMessageId" : 325,
        "parentId" : 875,
        "externalIdentifiers" : "dddd",
        "resourceGraph" : {
          "id" : 1,
          "resourceId" : "kiran"
        },
        "createdDate" : "2025-07-10T00:00:00.000+00:00",
        "flagStatus" : "dddd",
        "roleName" : "dddd",
        "hasCustomElement" : true,
        "hasReaction" : true,
        "hasCustomTag" : true
      },
      "referenceId" : "COMM-REF-002",
      "content" : "Comment added on post",
      "_links" : {
        "self" : {
          "href" : "http://10.10.2.180:8099/customTags/67"
        },
        "customTag" : {
          "href" : "http://10.10.2.180:8099/customTags/67"
        }
      }
    }, {
      "id" : 70,
      "createdDate" : "2025-10-16T09:56:12.113+00:00",
      "isRemoved" : false,
      "payload" : "Needs revision",
      "type" : "HASH",
      "message" : {
        "id" : 160,
        "hasCustomTemplate" : true,
        "decoratorLayer" : "WARNING",
        "hasUserRecipient" : true,
        "hasChildren" : true,
        "isEdited" : false,
        "updatedDate" : "2025-10-16T09:56:53.775+00:00",
        "content" : "A reminder: team feedback sessions will begin next Monday.",
        "hasAttachment" : true,
        "isRemoved" : true,
        "messageType" : "TOODLE_THEMES",
        "messagePrivacy" : "PUBLIC",
        "caseId" : "CASE-6229-Q1",
        "userId" : "USR-93434",
        "parentId" : 170809,
        "externalIdentifiers" : "EXT-1385",
        "resourceGraph" : {
          "id" : 289,
          "resourceId" : "Akshay Sharma"
        },
        "createdDate" : "2025-10-19T00:00:00.000+00:00",
        "flagStatus" : "HIGH",
        "roleName" : "QA Manager",
        "hasCustomElement" : false,
        "hasReaction" : false,
        "hasCustomTag" : true
      },
      "referenceId" : "COMM-REF-686",
      "content" : "Great job on the project!",
      "_links" : {
        "self" : {
          "href" : "http://10.10.2.180:8099/customTags/70"
        },
        "customTag" : {
          "href" : "http://10.10.2.180:8099/customTags/70"
        }
      }
    } ]
  },
  "_links" : {
    "self" : {
      "href" : "http://10.10.2.180:8099/customTags?page=0&size=20"
    },
    "profile" : {
      "href" : "http://10.10.2.180:8099/profile/customTags"
    },
    "search" : {
      "href" : "http://10.10.2.180:8099/customTags/search"
    }
  },
  "page" : {
    "size" : 20,
    "totalElements" : 4,
    "totalPages" : 1,
    "number" : 0
  }
}
Status Code: 200
  When Fetch All CustomTag Details                     # social_comments.CustomTag.Fetch_All_customtag_Details()
  Then The CustomTag response should contain "id"      # social_comments.CustomTag.the_customtag_response_should_contain(java.lang.String)
  And The CustomTag response status code should be 200 # social_comments.CustomTag.the_customtag_response_status_code_should_be(java.lang.Integer)
]]></system-out>
  </testcase>
  <testcase name="Get CustomTag details with ID" classname="End-to-end ResourceGraph and ResourceRegistries CRUD flow" time="0.903">
    <system-out><![CDATA[
@CustomTag
Scenario: Get CustomTag details with ID                 # src/test/resources/features/End_to_End_social_comments_flow.feature:266
Response Body:
{
  "id" : 70,
  "createdDate" : "2025-10-16T09:56:12.113+00:00",
  "isRemoved" : false,
  "payload" : "Needs revision",
  "type" : "HASH",
  "message" : {
    "id" : 160,
    "hasCustomTemplate" : true,
    "decoratorLayer" : "WARNING",
    "hasUserRecipient" : true,
    "hasChildren" : true,
    "isEdited" : false,
    "updatedDate" : "2025-10-16T09:56:53.775+00:00",
    "content" : "A reminder: team feedback sessions will begin next Monday.",
    "hasAttachment" : true,
    "isRemoved" : true,
    "messageType" : "TOODLE_THEMES",
    "messagePrivacy" : "PUBLIC",
    "caseId" : "CASE-6229-Q1",
    "userId" : "USR-93434",
    "parentId" : 170809,
    "externalIdentifiers" : "EXT-1385",
    "resourceGraph" : {
      "id" : 289,
      "resourceId" : "Akshay Sharma"
    },
    "createdDate" : "2025-10-19T00:00:00.000+00:00",
    "flagStatus" : "HIGH",
    "roleName" : "QA Manager",
    "hasCustomElement" : false,
    "hasReaction" : false,
    "hasCustomTag" : true
  },
  "referenceId" : "COMM-REF-686",
  "content" : "Great job on the project!"
}
Status Code: 200
  When Fetch CustomTag Details with ID                  # social_comments.CustomTag.Fetch_customtag_Details_with_ID()
  Then The CustomTag response status code should be 200 # social_comments.CustomTag.the_customtag_response_status_code_should_be(java.lang.Integer)
]]></system-out>
  </testcase>
  <testcase name="Updating Put CustomTag #1" classname="End-to-end ResourceGraph and ResourceRegistries CRUD flow" time="4.281">
    <system-out><![CDATA[
@CustomTag
Scenario: Updating Put CustomTag                       # src/test/resources/features/End_to_End_social_comments_flow.feature:271
PUT Response Body:
{
  "id" : 70,
  "createdDate" : "2025-10-16T09:56:12.113+00:00",
  "isRemoved" : false,
  "payload" : "Great job on the project!",
  "type" : "ACTION",
  "message" : {
    "id" : 160,
    "hasCustomTemplate" : true,
    "decoratorLayer" : "WARNING",
    "hasUserRecipient" : true,
    "hasChildren" : true,
    "isEdited" : false,
    "updatedDate" : "2025-10-16T09:56:53.775+00:00",
    "content" : "A reminder: team feedback sessions will begin next Monday.",
    "hasAttachment" : true,
    "isRemoved" : true,
    "messageType" : "TOODLE_THEMES",
    "messagePrivacy" : "PUBLIC",
    "caseId" : "CASE-6229-Q1",
    "userId" : "USR-93434",
    "parentId" : 170809,
    "externalIdentifiers" : "EXT-1385",
    "resourceGraph" : {
      "id" : 289,
      "resourceId" : "Akshay Sharma"
    },
    "createdDate" : "2025-10-19T00:00:00.000+00:00",
    "flagStatus" : "HIGH",
    "roleName" : "QA Manager",
    "hasCustomElement" : false,
    "hasReaction" : false,
    "hasCustomTag" : true
  },
  "referenceId" : "COMM-REF-860",
  "content" : "Comment added on post"
}
Status Code: 200
  When Update CustomTag                                # social_comments.CustomTag.Update_customtag()
  Then The CustomTag response should contain "id"      # social_comments.CustomTag.the_customtag_response_should_contain(java.lang.String)
  And The CustomTag response status code should be 200 # social_comments.CustomTag.the_customtag_response_status_code_should_be(java.lang.Integer)
]]></system-out>
  </testcase>
  <testcase name="Updating Patch CustomTag" classname="End-to-end ResourceGraph and ResourceRegistries CRUD flow" time="4.425">
    <system-out><![CDATA[
@CustomTag
Scenario: Updating Patch CustomTag                      # src/test/resources/features/End_to_End_social_comments_flow.feature:277
PATCH Request Body:
{
  "content": "Great job on the project!",
  "type": "USER",
  "payload": "Needs revision",
  "message": {
    "id": "160"
  },
  "referenceId": "COMM-REF-228"
}
PATCH Response Body:
{
  "id" : 70,
  "createdDate" : "2025-10-16T09:56:12.113+00:00",
  "isRemoved" : false,
  "payload" : "Needs revision",
  "type" : "USER",
  "message" : {
    "id" : 160,
    "hasCustomTemplate" : true,
    "decoratorLayer" : "WARNING",
    "hasUserRecipient" : true,
    "hasChildren" : true,
    "isEdited" : false,
    "updatedDate" : "2025-10-16T09:56:53.775+00:00",
    "content" : "A reminder: team feedback sessions will begin next Monday.",
    "hasAttachment" : true,
    "isRemoved" : true,
    "messageType" : "TOODLE_THEMES",
    "messagePrivacy" : "PUBLIC",
    "caseId" : "CASE-6229-Q1",
    "userId" : "USR-93434",
    "parentId" : 170809,
    "externalIdentifiers" : "EXT-1385",
    "resourceGraph" : {
      "id" : 289,
      "resourceId" : "Akshay Sharma"
    },
    "createdDate" : "2025-10-19T00:00:00.000+00:00",
    "flagStatus" : "HIGH",
    "roleName" : "QA Manager",
    "hasCustomElement" : false,
    "hasReaction" : false,
    "hasCustomTag" : true
  },
  "referenceId" : "COMM-REF-228",
  "content" : "Great job on the project!"
}
Status Code: 200
  When Update Patch CustomTag                           # social_comments.CustomTag.Update_Patch_customtag()
  Then The CustomTag response status code should be 200 # social_comments.CustomTag.the_customtag_response_status_code_should_be(java.lang.Integer)
]]></system-out>
  </testcase>
  <testcase name="Fetching All CustomTemplate" classname="End-to-end ResourceGraph and ResourceRegistries CRUD flow" time="1.125">
    <system-out><![CDATA[
@CustomTemplate
Scenario: Fetching All CustomTemplate                       # src/test/resources/features/End_to_End_social_comments_flow.feature:282
Response Body:
{
  "_embedded" : {
    "customTemplates" : [ {
      "id" : 1,
      "templateType" : "NANO",
      "largeValue" : "Sample Large Value",
      "isCurrent" : true,
      "smallValue" : "Short Text",
      "isRemoved" : false,
      "createdDate" : "2025-08-06T11:25:34.106+00:00",
      "position" : 1,
      "updatedDate" : "2025-08-06T11:25:34.106+00:00",
      "message" : {
        "id" : 15,
        "hasCustomTemplate" : true,
        "decoratorLayer" : "WARNING",
        "hasUserRecipient" : true,
        "hasChildren" : true,
        "isEdited" : true,
        "updatedDate" : "2025-08-06T09:30:00.000+00:00",
        "content" : "Please review the updated task.",
        "hasAttachment" : true,
        "isRemoved" : false,
        "messageType" : "SOURCE_CODE",
        "messagePrivacy" : "ONLY_ME",
        "caseId" : "479515",
        "userId" : "78235",
        "rootMessageId" : 74896,
        "parentId" : 79697,
        "externalIdentifiers" : "789012",
        "resourceGraph" : {
          "id" : 13,
          "resourceId" : "Aarav Kapoor"
        },
        "createdDate" : "2025-08-06T08:15:00.000+00:00",
        "flagStatus" : "URGENT",
        "roleName" : "Approver",
        "hasCustomElement" : true,
        "hasReaction" : true,
        "hasCustomTag" : true
      },
      "mediumValue" : "This is a medium-length sample value",
      "_links" : {
        "self" : {
          "href" : "http://10.10.2.180:8099/customTemplates/1"
        },
        "customTemplate" : {
          "href" : "http://10.10.2.180:8099/customTemplates/1"
        }
      }
    }, {
      "id" : 2,
      "templateType" : "NANO",
      "largeValue" : "Sample Large Value",
      "isCurrent" : true,
      "smallValue" : "Short Text",
      "isRemoved" : false,
      "createdDate" : "2025-08-06T11:27:31.594+00:00",
      "name" : "chetan",
      "position" : 1,
      "updatedDate" : "2025-08-06T11:27:31.594+00:00",
      "message" : {
        "id" : 15,
        "hasCustomTemplate" : true,
        "decoratorLayer" : "WARNING",
        "hasUserRecipient" : true,
        "hasChildren" : true,
        "isEdited" : true,
        "updatedDate" : "2025-08-06T09:30:00.000+00:00",
        "content" : "Please review the updated task.",
        "hasAttachment" : true,
        "isRemoved" : false,
        "messageType" : "SOURCE_CODE",
        "messagePrivacy" : "ONLY_ME",
        "caseId" : "479515",
        "userId" : "78235",
        "rootMessageId" : 74896,
        "parentId" : 79697,
        "externalIdentifiers" : "789012",
        "resourceGraph" : {
          "id" : 13,
          "resourceId" : "Aarav Kapoor"
        },
        "createdDate" : "2025-08-06T08:15:00.000+00:00",
        "flagStatus" : "URGENT",
        "roleName" : "Approver",
        "hasCustomElement" : true,
        "hasReaction" : true,
        "hasCustomTag" : true
      },
      "mediumValue" : "This is a medium-length sample value",
      "_links" : {
        "self" : {
          "href" : "http://10.10.2.180:8099/customTemplates/2"
        },
        "customTemplate" : {
          "href" : "http://10.10.2.180:8099/customTemplates/2"
        }
      }
    }, {
      "id" : 3,
      "templateType" : "NANO",
      "largeValue" : "Customer Feedback Analysis Report",
      "isCurrent" : false,
      "smallValue" : "Feedback",
      "isRemoved" : true,
      "createdDate" : "2025-08-06T11:29:03.781+00:00",
      "name" : "Patil",
      "position" : 3,
      "updatedDate" : "2025-08-06T11:29:03.781+00:00",
      "message" : {
        "id" : 15,
        "hasCustomTemplate" : true,
        "decoratorLayer" : "WARNING",
        "hasUserRecipient" : true,
        "hasChildren" : true,
        "isEdited" : true,
        "updatedDate" : "2025-08-06T09:30:00.000+00:00",
        "content" : "Please review the updated task.",
        "hasAttachment" : true,
        "isRemoved" : false,
        "messageType" : "SOURCE_CODE",
        "messagePrivacy" : "ONLY_ME",
        "caseId" : "479515",
        "userId" : "78235",
        "rootMessageId" : 74896,
        "parentId" : 79697,
        "externalIdentifiers" : "789012",
        "resourceGraph" : {
          "id" : 13,
          "resourceId" : "Aarav Kapoor"
        },
        "createdDate" : "2025-08-06T08:15:00.000+00:00",
        "flagStatus" : "URGENT",
        "roleName" : "Approver",
        "hasCustomElement" : true,
        "hasReaction" : true,
        "hasCustomTag" : true
      },
      "mediumValue" : "Weekly summary of client reviews and issues",
      "_links" : {
        "self" : {
          "href" : "http://10.10.2.180:8099/customTemplates/3"
        },
        "customTemplate" : {
          "href" : "http://10.10.2.180:8099/customTemplates/3"
        }
      }
    }, {
      "id" : 4,
      "templateType" : "MACRO",
      "largeValue" : "Customer Feedback Analysis Report",
      "isCurrent" : false,
      "smallValue" : "Feedback",
      "isRemoved" : true,
      "createdDate" : "2025-08-06T11:29:48.518+00:00",
      "name" : "Patil",
      "position" : 3,
      "updatedDate" : "2025-08-06T11:29:48.518+00:00",
      "message" : {
        "id" : 15,
        "hasCustomTemplate" : true,
        "decoratorLayer" : "WARNING",
        "hasUserRecipient" : true,
        "hasChildren" : true,
        "isEdited" : true,
        "updatedDate" : "2025-08-06T09:30:00.000+00:00",
        "content" : "Please review the updated task.",
        "hasAttachment" : true,
        "isRemoved" : false,
        "messageType" : "SOURCE_CODE",
        "messagePrivacy" : "ONLY_ME",
        "caseId" : "479515",
        "userId" : "78235",
        "rootMessageId" : 74896,
        "parentId" : 79697,
        "externalIdentifiers" : "789012",
        "resourceGraph" : {
          "id" : 13,
          "resourceId" : "Aarav Kapoor"
        },
        "createdDate" : "2025-08-06T08:15:00.000+00:00",
        "flagStatus" : "URGENT",
        "roleName" : "Approver",
        "hasCustomElement" : true,
        "hasReaction" : true,
        "hasCustomTag" : true
      },
      "mediumValue" : "Weekly summary of client reviews and issues",
      "_links" : {
        "self" : {
          "href" : "http://10.10.2.180:8099/customTemplates/4"
        },
        "customTemplate" : {
          "href" : "http://10.10.2.180:8099/customTemplates/4"
        }
      }
    }, {
      "id" : 64,
      "templateType" : "NANO",
      "largeValue" : "Employee Satisfaction Poll",
      "isCurrent" : true,
      "smallValue" : "Feedback",
      "createdDate" : "2025-10-16T08:47:15.203+00:00",
      "name" : "Sneha",
      "position" : 2,
      "updatedDate" : "2025-10-16T08:47:15.203+00:00",
      "message" : {
        "id" : 150,
        "hasCustomTemplate" : true,
        "decoratorLayer" : "WARNING",
        "hasUserRecipient" : true,
        "hasChildren" : false,
        "isEdited" : false,
        "content" : "System maintenance will occur tonight between 2:00 AM and 3:00 AM.",
        "hasAttachment" : false,
        "isRemoved" : true,
        "messageType" : "ACTION_TICKLER",
        "messagePrivacy" : "ONLY_ME",
        "caseId" : "CASE-8488-Q3",
        "userId" : "USR-84143",
        "rootMessageId" : 28612,
        "parentId" : 121139,
        "externalIdentifiers" : "EXT-7732",
        "resourceGraph" : {
          "id" : 263,
          "resourceId" : "Vikram Biradar"
        },
        "createdDate" : "2025-10-14T00:00:00.000+00:00",
        "flagStatus" : "HIGH",
        "roleName" : "Team Coordinator",
        "hasCustomElement" : false,
        "hasReaction" : false,
        "hasCustomTag" : true
      },
      "mediumValue" : "Evaluation of project delivery and teamwork",
      "_links" : {
        "self" : {
          "href" : "http://10.10.2.180:8099/customTemplates/64"
        },
        "customTemplate" : {
          "href" : "http://10.10.2.180:8099/customTemplates/64"
        }
      }
    }, {
      "id" : 66,
      "templateType" : "NANO",
      "largeValue" : "Employee Engagement Survey",
      "isCurrent" : false,
      "smallValue" : "Survey",
      "isRemoved" : true,
      "createdDate" : "2025-10-16T09:17:13.382+00:00",
      "name" : "Rahul",
      "position" : 5,
      "updatedDate" : "2025-10-16T09:17:13.382+00:00",
      "message" : {
        "id" : 4,
        "hasCustomTemplate" : true,
        "decoratorLayer" : "aaaa",
        "hasUserRecipient" : true,
        "hasChildren" : true,
        "isEdited" : true,
        "updatedDate" : "2025-07-11T00:00:00.000+00:00",
        "content" : "dddd",
        "hasAttachment" : false,
        "isRemoved" : true,
        "messageType" : "REPLY_TICKLER",
        "messagePrivacy" : "ROLE",
        "caseId" : "dddd",
        "userId" : "ravi",
        "rootMessageId" : 325,
        "parentId" : 875,
        "externalIdentifiers" : "dddd",
        "resourceGraph" : {
          "id" : 1,
          "resourceId" : "kiran"
        },
        "createdDate" : "2025-07-10T00:00:00.000+00:00",
        "flagStatus" : "dddd",
        "roleName" : "dddd",
        "hasCustomElement" : true,
        "hasReaction" : true,
        "hasCustomTag" : true
      },
      "mediumValue" : "Analysis of employee feedback regarding workplace culture",
      "_links" : {
        "self" : {
          "href" : "http://10.10.2.180:8099/customTemplates/66"
        },
        "customTemplate" : {
          "href" : "http://10.10.2.180:8099/customTemplates/66"
        }
      }
    }, {
      "id" : 67,
      "templateType" : "NANO",
      "largeValue" : "Employee Engagement Survey",
      "isCurrent" : false,
      "smallValue" : "Survey",
      "isRemoved" : true,
      "createdDate" : "2025-10-16T09:17:42.541+00:00",
      "name" : "Rahul",
      "position" : 5,
      "updatedDate" : "2025-10-16T09:17:42.541+00:00",
      "message" : {
        "id" : 4,
        "hasCustomTemplate" : true,
        "decoratorLayer" : "aaaa",
        "hasUserRecipient" : true,
        "hasChildren" : true,
        "isEdited" : true,
        "updatedDate" : "2025-07-11T00:00:00.000+00:00",
        "content" : "dddd",
        "hasAttachment" : false,
        "isRemoved" : true,
        "messageType" : "REPLY_TICKLER",
        "messagePrivacy" : "ROLE",
        "caseId" : "dddd",
        "userId" : "ravi",
        "rootMessageId" : 325,
        "parentId" : 875,
        "externalIdentifiers" : "dddd",
        "resourceGraph" : {
          "id" : 1,
          "resourceId" : "kiran"
        },
        "createdDate" : "2025-07-10T00:00:00.000+00:00",
        "flagStatus" : "dddd",
        "roleName" : "dddd",
        "hasCustomElement" : true,
        "hasReaction" : true,
        "hasCustomTag" : true
      },
      "mediumValue" : "Analysis of employee feedback regarding workplace culture",
      "_links" : {
        "self" : {
          "href" : "http://10.10.2.180:8099/customTemplates/67"
        },
        "customTemplate" : {
          "href" : "http://10.10.2.180:8099/customTemplates/67"
        }
      }
    }, {
      "id" : 70,
      "templateType" : "MACRO",
      "largeValue" : "Customer Feedback Form",
      "isCurrent" : true,
      "smallValue" : "Feedback",
      "createdDate" : "2025-10-16T09:56:16.193+00:00",
      "name" : "Rahul",
      "position" : 4,
      "updatedDate" : "2025-10-16T09:56:16.193+00:00",
      "message" : {
        "id" : 160,
        "hasCustomTemplate" : true,
        "decoratorLayer" : "WARNING",
        "hasUserRecipient" : true,
        "hasChildren" : true,
        "isEdited" : false,
        "updatedDate" : "2025-10-16T09:56:53.775+00:00",
        "content" : "A reminder: team feedback sessions will begin next Monday.",
        "hasAttachment" : true,
        "isRemoved" : true,
        "messageType" : "TOODLE_THEMES",
        "messagePrivacy" : "PUBLIC",
        "caseId" : "CASE-6229-Q1",
        "userId" : "USR-93434",
        "parentId" : 170809,
        "externalIdentifiers" : "EXT-1385",
        "resourceGraph" : {
          "id" : 289,
          "resourceId" : "Akshay Sharma"
        },
        "createdDate" : "2025-10-19T00:00:00.000+00:00",
        "flagStatus" : "HIGH",
        "roleName" : "QA Manager",
        "hasCustomElement" : false,
        "hasReaction" : false,
        "hasCustomTag" : true
      },
      "mediumValue" : "Detailed analysis of satisfaction trends",
      "_links" : {
        "self" : {
          "href" : "http://10.10.2.180:8099/customTemplates/70"
        },
        "customTemplate" : {
          "href" : "http://10.10.2.180:8099/customTemplates/70"
        }
      }
    } ]
  },
  "_links" : {
    "self" : {
      "href" : "http://10.10.2.180:8099/customTemplates?page=0&size=20"
    },
    "profile" : {
      "href" : "http://10.10.2.180:8099/profile/customTemplates"
    },
    "search" : {
      "href" : "http://10.10.2.180:8099/customTemplates/search"
    }
  },
  "page" : {
    "size" : 20,
    "totalElements" : 8,
    "totalPages" : 1,
    "number" : 0
  }
}
Status Code: 200
  When Fetch All CustomTemplate Details                     # social_comments.CustomTemplate.Fetch_All_customtemplate_Details()
  Then The CustomTemplate response should contain "id"      # social_comments.CustomTemplate.the_customtemplate_response_should_contain(java.lang.String)
  And The CustomTemplate response status code should be 200 # social_comments.CustomTemplate.the_customtemplate_response_status_code_should_be(java.lang.Integer)
]]></system-out>
  </testcase>
  <testcase name="Get CustomTemplate details with ID" classname="End-to-end ResourceGraph and ResourceRegistries CRUD flow" time="0.738">
    <system-out><![CDATA[
@CustomTemplate
Scenario: Get CustomTemplate details with ID                 # src/test/resources/features/End_to_End_social_comments_flow.feature:288
Response Body:
{
  "id" : 70,
  "templateType" : "MACRO",
  "largeValue" : "Customer Feedback Form",
  "isCurrent" : true,
  "smallValue" : "Feedback",
  "createdDate" : "2025-10-16T09:56:16.193+00:00",
  "name" : "Rahul",
  "position" : 4,
  "updatedDate" : "2025-10-16T09:56:16.193+00:00",
  "message" : {
    "id" : 160,
    "hasCustomTemplate" : true,
    "decoratorLayer" : "WARNING",
    "hasUserRecipient" : true,
    "hasChildren" : true,
    "isEdited" : false,
    "updatedDate" : "2025-10-16T09:56:53.775+00:00",
    "content" : "A reminder: team feedback sessions will begin next Monday.",
    "hasAttachment" : true,
    "isRemoved" : true,
    "messageType" : "TOODLE_THEMES",
    "messagePrivacy" : "PUBLIC",
    "caseId" : "CASE-6229-Q1",
    "userId" : "USR-93434",
    "parentId" : 170809,
    "externalIdentifiers" : "EXT-1385",
    "resourceGraph" : {
      "id" : 289,
      "resourceId" : "Akshay Sharma"
    },
    "createdDate" : "2025-10-19T00:00:00.000+00:00",
    "flagStatus" : "HIGH",
    "roleName" : "QA Manager",
    "hasCustomElement" : false,
    "hasReaction" : false,
    "hasCustomTag" : true
  },
  "mediumValue" : "Detailed analysis of satisfaction trends"
}
Status Code: 200
  When Fetch CustomTemplate Details with ID                  # social_comments.CustomTemplate.Fetch_customtemplate_Details_with_ID()
  Then The CustomTemplate response status code should be 200 # social_comments.CustomTemplate.the_customtemplate_response_status_code_should_be(java.lang.Integer)
]]></system-out>
  </testcase>
  <testcase name="Updating Put CustomTemplate #1" classname="End-to-end ResourceGraph and ResourceRegistries CRUD flow" time="4.068">
    <system-out><![CDATA[
@CustomTemplate
Scenario: Updating Put CustomTemplate                       # src/test/resources/features/End_to_End_social_comments_flow.feature:293
PUT Response Body:
{
  "id" : 70,
  "templateType" : "MICRO",
  "largeValue" : "Project Retrospective",
  "isCurrent" : true,
  "smallValue" : "Feedback",
  "createdDate" : "2025-10-16T09:56:16.193+00:00",
  "name" : "Amit",
  "position" : 8,
  "updatedDate" : "2025-10-16T09:57:48.755+00:00",
  "message" : {
    "id" : 160,
    "hasCustomTemplate" : true,
    "decoratorLayer" : "WARNING",
    "hasUserRecipient" : true,
    "hasChildren" : true,
    "isEdited" : false,
    "updatedDate" : "2025-10-16T09:56:53.775+00:00",
    "content" : "A reminder: team feedback sessions will begin next Monday.",
    "hasAttachment" : true,
    "isRemoved" : true,
    "messageType" : "TOODLE_THEMES",
    "messagePrivacy" : "PUBLIC",
    "caseId" : "CASE-6229-Q1",
    "userId" : "USR-93434",
    "parentId" : 170809,
    "externalIdentifiers" : "EXT-1385",
    "resourceGraph" : {
      "id" : 289,
      "resourceId" : "Akshay Sharma"
    },
    "createdDate" : "2025-10-19T00:00:00.000+00:00",
    "flagStatus" : "HIGH",
    "roleName" : "QA Manager",
    "hasCustomElement" : false,
    "hasReaction" : false,
    "hasCustomTag" : true
  },
  "mediumValue" : "Summary of customer experience across all regions"
}
Status Code: 200
  When Update CustomTemplate                                # social_comments.CustomTemplate.Update_customtemplate()
  Then The CustomTemplate response should contain "id"      # social_comments.CustomTemplate.the_customtemplate_response_should_contain(java.lang.String)
  And The CustomTemplate response status code should be 200 # social_comments.CustomTemplate.the_customtemplate_response_status_code_should_be(java.lang.Integer)
]]></system-out>
  </testcase>
  <testcase name="Updating Patch CustomTemplate" classname="End-to-end ResourceGraph and ResourceRegistries CRUD flow" time="4.654">
    <system-out><![CDATA[
@CustomTemplate
Scenario: Updating Patch CustomTemplate                      # src/test/resources/features/End_to_End_social_comments_flow.feature:299
PATCH Request Body:
{
  "largeValue": "Employee Satisfaction Poll",
  "templateType": "NANO",
  "isCurrent": false,
  "smallValue": "Feedback",
  "name": "Priya",
  "position": 10,
  "message": {
    "id": "160"
  },
  "mediumValue": "Analysis of employee feedback regarding workplace culture"
}
PATCH Response Body:
{
  "id" : 70,
  "templateType" : "NANO",
  "largeValue" : "Employee Satisfaction Poll",
  "isCurrent" : false,
  "smallValue" : "Feedback",
  "createdDate" : "2025-10-16T09:56:16.193+00:00",
  "name" : "Priya",
  "position" : 10,
  "updatedDate" : "2025-10-16T09:57:52.975+00:00",
  "message" : {
    "id" : 160,
    "hasCustomTemplate" : true,
    "decoratorLayer" : "WARNING",
    "hasUserRecipient" : true,
    "hasChildren" : true,
    "isEdited" : false,
    "updatedDate" : "2025-10-16T09:56:53.775+00:00",
    "content" : "A reminder: team feedback sessions will begin next Monday.",
    "hasAttachment" : true,
    "isRemoved" : true,
    "messageType" : "TOODLE_THEMES",
    "messagePrivacy" : "PUBLIC",
    "caseId" : "CASE-6229-Q1",
    "userId" : "USR-93434",
    "parentId" : 170809,
    "externalIdentifiers" : "EXT-1385",
    "resourceGraph" : {
      "id" : 289,
      "resourceId" : "Akshay Sharma"
    },
    "createdDate" : "2025-10-19T00:00:00.000+00:00",
    "flagStatus" : "HIGH",
    "roleName" : "QA Manager",
    "hasCustomElement" : false,
    "hasReaction" : false,
    "hasCustomTag" : true
  },
  "mediumValue" : "Analysis of employee feedback regarding workplace culture"
}
Status Code: 200
  When Update Patch CustomTemplate                           # social_comments.CustomTemplate.Update_Patch_customtemplate()
  Then The CustomTemplate response status code should be 200 # social_comments.CustomTemplate.the_customtemplate_response_status_code_should_be(java.lang.Integer)
]]></system-out>
  </testcase>
  <testcase name="Fetching All UserRecipient" classname="End-to-end ResourceGraph and ResourceRegistries CRUD flow" time="0.714">
    <system-out><![CDATA[
@UserRecipient
Scenario: Fetching All UserRecipient                       # src/test/resources/features/End_to_End_social_comments_flow.feature:304
Response Body:
{
  "_embedded" : {
    "userRecipients" : [ {
      "id" : 59,
      "readState" : "UNREAD",
      "roleName" : "Moderator",
      "message" : {
        "id" : 150,
        "hasCustomTemplate" : true,
        "decoratorLayer" : "WARNING",
        "hasUserRecipient" : true,
        "hasChildren" : false,
        "isEdited" : false,
        "content" : "System maintenance will occur tonight between 2:00 AM and 3:00 AM.",
        "hasAttachment" : false,
        "isRemoved" : true,
        "messageType" : "ACTION_TICKLER",
        "messagePrivacy" : "ONLY_ME",
        "caseId" : "CASE-8488-Q3",
        "userId" : "USR-84143",
        "rootMessageId" : 28612,
        "parentId" : 121139,
        "externalIdentifiers" : "EXT-7732",
        "resourceGraph" : {
          "id" : 263,
          "resourceId" : "Vikram Biradar"
        },
        "createdDate" : "2025-10-14T00:00:00.000+00:00",
        "flagStatus" : "HIGH",
        "roleName" : "Team Coordinator",
        "hasCustomElement" : false,
        "hasReaction" : false,
        "hasCustomTag" : true
      },
      "userId" : "user_5236",
      "_links" : {
        "self" : {
          "href" : "http://10.10.2.180:8099/userRecipients/59"
        },
        "userRecipient" : {
          "href" : "http://10.10.2.180:8099/userRecipients/59"
        }
      }
    }, {
      "id" : 63,
      "readState" : "READ",
      "roleName" : "Reviewer",
      "message" : {
        "id" : 160,
        "hasCustomTemplate" : true,
        "decoratorLayer" : "WARNING",
        "hasUserRecipient" : true,
        "hasChildren" : true,
        "isEdited" : false,
        "updatedDate" : "2025-10-16T09:56:53.775+00:00",
        "content" : "A reminder: team feedback sessions will begin next Monday.",
        "hasAttachment" : true,
        "isRemoved" : true,
        "messageType" : "TOODLE_THEMES",
        "messagePrivacy" : "PUBLIC",
        "caseId" : "CASE-6229-Q1",
        "userId" : "USR-93434",
        "parentId" : 170809,
        "externalIdentifiers" : "EXT-1385",
        "resourceGraph" : {
          "id" : 289,
          "resourceId" : "Akshay Sharma"
        },
        "createdDate" : "2025-10-19T00:00:00.000+00:00",
        "flagStatus" : "HIGH",
        "roleName" : "QA Manager",
        "hasCustomElement" : false,
        "hasReaction" : false,
        "hasCustomTag" : true
      },
      "userId" : "user_4244",
      "_links" : {
        "self" : {
          "href" : "http://10.10.2.180:8099/userRecipients/63"
        },
        "userRecipient" : {
          "href" : "http://10.10.2.180:8099/userRecipients/63"
        }
      }
    } ]
  },
  "_links" : {
    "self" : {
      "href" : "http://10.10.2.180:8099/userRecipients?page=0&size=20"
    },
    "profile" : {
      "href" : "http://10.10.2.180:8099/profile/userRecipients"
    },
    "search" : {
      "href" : "http://10.10.2.180:8099/userRecipients/search"
    }
  },
  "page" : {
    "size" : 20,
    "totalElements" : 2,
    "totalPages" : 1,
    "number" : 0
  }
}
Status Code: 200
  When Fetch All UserRecipient Details                     # social_comments.UserRecipient.Fetch_All_userrecipirnt_Details()
  Then The UserRecipient response should contain "id"      # social_comments.UserRecipient.the_userrecipient_response_should_contain(java.lang.String)
  And The UserRecipient response status code should be 200 # social_comments.UserRecipient.the_userrecipient_response_status_code_should_be(java.lang.Integer)
]]></system-out>
  </testcase>
  <testcase name="Get UserRecipient details with ID" classname="End-to-end ResourceGraph and ResourceRegistries CRUD flow" time="0.688">
    <system-out><![CDATA[
@UserRecipient
Scenario: Get UserRecipient details with ID                 # src/test/resources/features/End_to_End_social_comments_flow.feature:310
Response Body:
{
  "id" : 63,
  "readState" : "READ",
  "roleName" : "Reviewer",
  "message" : {
    "id" : 160,
    "hasCustomTemplate" : true,
    "decoratorLayer" : "WARNING",
    "hasUserRecipient" : true,
    "hasChildren" : true,
    "isEdited" : false,
    "updatedDate" : "2025-10-16T09:56:53.775+00:00",
    "content" : "A reminder: team feedback sessions will begin next Monday.",
    "hasAttachment" : true,
    "isRemoved" : true,
    "messageType" : "TOODLE_THEMES",
    "messagePrivacy" : "PUBLIC",
    "caseId" : "CASE-6229-Q1",
    "userId" : "USR-93434",
    "parentId" : 170809,
    "externalIdentifiers" : "EXT-1385",
    "resourceGraph" : {
      "id" : 289,
      "resourceId" : "Akshay Sharma"
    },
    "createdDate" : "2025-10-19T00:00:00.000+00:00",
    "flagStatus" : "HIGH",
    "roleName" : "QA Manager",
    "hasCustomElement" : false,
    "hasReaction" : false,
    "hasCustomTag" : true
  },
  "userId" : "user_4244"
}
Status Code: 200
  When Fetch UserRecipient Details with ID                  # social_comments.UserRecipient.Fetch_userrecipient_Details_with_ID()
  Then The UserRecipient response status code should be 200 # social_comments.UserRecipient.the_userrecipient_response_status_code_should_be(java.lang.Integer)
]]></system-out>
  </testcase>
  <testcase name="Updating Put UserRecipient #1" classname="End-to-end ResourceGraph and ResourceRegistries CRUD flow" time="5.105">
    <system-out><![CDATA[
@UserRecipient
Scenario: Updating Put UserRecipient                       # src/test/resources/features/End_to_End_social_comments_flow.feature:315
PUT Response Body:
{
  "id" : 63,
  "readState" : "UNREAD",
  "roleName" : "Reviewer",
  "message" : {
    "id" : 160,
    "hasCustomTemplate" : true,
    "decoratorLayer" : "WARNING",
    "hasUserRecipient" : true,
    "hasChildren" : true,
    "isEdited" : false,
    "updatedDate" : "2025-10-16T09:56:53.775+00:00",
    "content" : "A reminder: team feedback sessions will begin next Monday.",
    "hasAttachment" : true,
    "isRemoved" : true,
    "messageType" : "TOODLE_THEMES",
    "messagePrivacy" : "PUBLIC",
    "caseId" : "CASE-6229-Q1",
    "userId" : "USR-93434",
    "parentId" : 170809,
    "externalIdentifiers" : "EXT-1385",
    "resourceGraph" : {
      "id" : 289,
      "resourceId" : "Akshay Sharma"
    },
    "createdDate" : "2025-10-19T00:00:00.000+00:00",
    "flagStatus" : "HIGH",
    "roleName" : "QA Manager",
    "hasCustomElement" : false,
    "hasReaction" : false,
    "hasCustomTag" : true
  },
  "userId" : "user_7309"
}
Status Code: 200
  When Update UserRecipient                                # social_comments.UserRecipient.Update_userrecipient()
  Then The UserRecipient response should contain "id"      # social_comments.UserRecipient.the_userrecipient_response_should_contain(java.lang.String)
  And The UserRecipient response status code should be 200 # social_comments.UserRecipient.the_userrecipient_response_status_code_should_be(java.lang.Integer)
]]></system-out>
  </testcase>
  <testcase name="Updating Patch UserRecipient" classname="End-to-end ResourceGraph and ResourceRegistries CRUD flow" time="4.126">
    <system-out><![CDATA[
@UserRecipient
Scenario: Updating Patch UserRecipient                      # src/test/resources/features/End_to_End_social_comments_flow.feature:321
PATCH Request Body:
{
  "readState": "READ",
  "roleName": "Admin",
  "userId": "user_1307",
  "message": {
    "id": 160
  }
}
PATCH Response Body:
{
  "id" : 63,
  "readState" : "READ",
  "roleName" : "Admin",
  "message" : {
    "id" : 160,
    "hasCustomTemplate" : true,
    "decoratorLayer" : "WARNING",
    "hasUserRecipient" : true,
    "hasChildren" : true,
    "isEdited" : false,
    "updatedDate" : "2025-10-16T09:56:53.775+00:00",
    "content" : "A reminder: team feedback sessions will begin next Monday.",
    "hasAttachment" : true,
    "isRemoved" : true,
    "messageType" : "TOODLE_THEMES",
    "messagePrivacy" : "PUBLIC",
    "caseId" : "CASE-6229-Q1",
    "userId" : "USR-93434",
    "parentId" : 170809,
    "externalIdentifiers" : "EXT-1385",
    "resourceGraph" : {
      "id" : 289,
      "resourceId" : "Akshay Sharma"
    },
    "createdDate" : "2025-10-19T00:00:00.000+00:00",
    "flagStatus" : "HIGH",
    "roleName" : "QA Manager",
    "hasCustomElement" : false,
    "hasReaction" : false,
    "hasCustomTag" : true
  },
  "userId" : "user_1307"
}
Status Code: 200
  When Update Patch UserRecipient                           # social_comments.UserRecipient.Update_Patch_UserRecipient()
  Then The UserRecipient response status code should be 200 # social_comments.UserRecipient.the_userrecipient_response_status_code_should_be(java.lang.Integer)
]]></system-out>
  </testcase>
  <testcase name="Deleting UserRecipient #1" classname="End-to-end ResourceGraph and ResourceRegistries CRUD flow" time="4.053">
    <system-out><![CDATA[
@UserRecipient
Scenario: Deleting UserRecipient                            # src/test/resources/features/End_to_End_social_comments_flow.feature:326
Delete Response Body:

Delete Status Code: 204
  When Delete UserRecipient with ID                         # social_comments.UserRecipient.delete_userrecipient_with_ID()
  Then The UserRecipient response status code should be 204 # social_comments.UserRecipient.the_userrecipient_response_status_code_should_be(java.lang.Integer)
]]></system-out>
  </testcase>
  <testcase name="Updating Put UserRecipient #2" classname="End-to-end ResourceGraph and ResourceRegistries CRUD flow" time="4.225">
    <failure message="expected:&lt;200&gt; but was:&lt;404&gt;" type="java.lang.AssertionError"><![CDATA[java.lang.AssertionError: expected:<200> but was:<404>
	at org.junit.Assert.fail(Assert.java:89)
	at org.junit.Assert.failNotEquals(Assert.java:835)
	at org.junit.Assert.assertEquals(Assert.java:647)
	at org.junit.Assert.assertEquals(Assert.java:633)
	at social_comments.UserRecipient.the_userrecipient_response_status_code_should_be(UserRecipient.java:228)
	at ✽.The UserRecipient response status code should be 200(file:///C:/Users/cpatil/eclipse-workspace/social_comments/src/test/resources/features/End_to_End_social_comments_flow.feature:334)
]]></failure>
    <system-out><![CDATA[
@Negative_for_UserRecipient
Scenario: Updating Put UserRecipient                       # src/test/resources/features/End_to_End_social_comments_flow.feature:331
PUT Response Body:
{"appName":"social-comments-model","httpStatus":"NOT_FOUND","statusCode":404,"timestamp":"2025-10-16T09:58:12.215Z","errorDescription":"Entity with id 63 not found","cause":"Entity with id 63 not found","params":{},"path":"uri=/userRecipients/63"}
Status Code: 404
  When Update UserRecipient                                # social_comments.UserRecipient.Update_userrecipient()
  Then The UserRecipient response should contain "id"      # social_comments.UserRecipient.the_userrecipient_response_should_contain(java.lang.String)
  And The UserRecipient response status code should be 200 # social_comments.UserRecipient.the_userrecipient_response_status_code_should_be(java.lang.Integer)
      java.lang.AssertionError: expected:<200> but was:<404>
	at org.junit.Assert.fail(Assert.java:89)
	at org.junit.Assert.failNotEquals(Assert.java:835)
	at org.junit.Assert.assertEquals(Assert.java:647)
	at org.junit.Assert.assertEquals(Assert.java:633)
	at social_comments.UserRecipient.the_userrecipient_response_status_code_should_be(UserRecipient.java:228)
	at ✽.The UserRecipient response status code should be 200(file:///C:/Users/cpatil/eclipse-workspace/social_comments/src/test/resources/features/End_to_End_social_comments_flow.feature:334)

]]></system-out>
  </testcase>
  <testcase name="Deleting UserRecipient #2" classname="End-to-end ResourceGraph and ResourceRegistries CRUD flow" time="3.756">
    <failure message="expected:&lt;204&gt; but was:&lt;404&gt;" type="java.lang.AssertionError"><![CDATA[java.lang.AssertionError: expected:<204> but was:<404>
	at org.junit.Assert.fail(Assert.java:89)
	at org.junit.Assert.failNotEquals(Assert.java:835)
	at org.junit.Assert.assertEquals(Assert.java:647)
	at org.junit.Assert.assertEquals(Assert.java:633)
	at social_comments.UserRecipient.the_userrecipient_response_status_code_should_be(UserRecipient.java:228)
	at ✽.The UserRecipient response status code should be 204(file:///C:/Users/cpatil/eclipse-workspace/social_comments/src/test/resources/features/End_to_End_social_comments_flow.feature:339)
]]></failure>
    <system-out><![CDATA[
@Negative_for_UserRecipient
Scenario: Deleting UserRecipient                            # src/test/resources/features/End_to_End_social_comments_flow.feature:337
Delete Response Body:
{"appName":"social-comments-model","httpStatus":"NOT_FOUND","statusCode":404,"timestamp":"2025-10-16T09:58:16.384Z","errorDescription":"Entity with id 63 not found","cause":"Entity with id 63 not found","params":{},"path":"uri=/userRecipients/63"}
Delete Status Code: 404
  When Delete UserRecipient with ID                         # social_comments.UserRecipient.delete_userrecipient_with_ID()
  Then The UserRecipient response status code should be 204 # social_comments.UserRecipient.the_userrecipient_response_status_code_should_be(java.lang.Integer)
      java.lang.AssertionError: expected:<204> but was:<404>
	at org.junit.Assert.fail(Assert.java:89)
	at org.junit.Assert.failNotEquals(Assert.java:835)
	at org.junit.Assert.assertEquals(Assert.java:647)
	at org.junit.Assert.assertEquals(Assert.java:633)
	at social_comments.UserRecipient.the_userrecipient_response_status_code_should_be(UserRecipient.java:228)
	at ✽.The UserRecipient response status code should be 204(file:///C:/Users/cpatil/eclipse-workspace/social_comments/src/test/resources/features/End_to_End_social_comments_flow.feature:339)

]]></system-out>
  </testcase>
  <testcase name="Fetching All UserCustomTemplate" classname="End-to-end ResourceGraph and ResourceRegistries CRUD flow" time="1.022">
    <system-out><![CDATA[
@UserCustomTemplate
Scenario: Fetching All UserCustomTemplate                       # src/test/resources/features/End_to_End_social_comments_flow.feature:342
Response Body:
{
  "_embedded" : {
    "userCustomTemplates" : [ {
      "id" : 57,
      "createdDate" : "2025-10-16T08:47:18.507+00:00",
      "payload" : "Reminder",
      "type" : "PINNED",
      "userId" : "user_5121",
      "customTemplate" : {
        "id" : 64,
        "templateType" : "NANO",
        "largeValue" : "Employee Satisfaction Poll",
        "isCurrent" : true,
        "smallValue" : "Feedback",
        "createdDate" : "2025-10-16T08:47:15.203+00:00",
        "name" : "Sneha",
        "position" : 2,
        "updatedDate" : "2025-10-16T08:47:15.203+00:00",
        "message" : {
          "id" : 150,
          "hasCustomTemplate" : true,
          "decoratorLayer" : "WARNING",
          "hasUserRecipient" : true,
          "hasChildren" : false,
          "isEdited" : false,
          "content" : "System maintenance will occur tonight between 2:00 AM and 3:00 AM.",
          "hasAttachment" : false,
          "isRemoved" : true,
          "messageType" : "ACTION_TICKLER",
          "messagePrivacy" : "ONLY_ME",
          "caseId" : "CASE-8488-Q3",
          "userId" : "USR-84143",
          "rootMessageId" : 28612,
          "parentId" : 121139,
          "externalIdentifiers" : "EXT-7732",
          "resourceGraph" : {
            "id" : 263,
            "resourceId" : "Vikram Biradar"
          },
          "createdDate" : "2025-10-14T00:00:00.000+00:00",
          "flagStatus" : "HIGH",
          "roleName" : "Team Coordinator",
          "hasCustomElement" : false,
          "hasReaction" : false,
          "hasCustomTag" : true
        },
        "mediumValue" : "Evaluation of project delivery and teamwork"
      },
      "_links" : {
        "self" : {
          "href" : "http://10.10.2.180:8099/userCustomTemplates/57"
        },
        "userCustomTemplate" : {
          "href" : "http://10.10.2.180:8099/userCustomTemplates/57"
        }
      }
    }, {
      "id" : 61,
      "createdDate" : "2025-10-16T09:56:20.179+00:00",
      "payload" : "Reminder",
      "type" : "PINNED",
      "userId" : "user_9894",
      "customTemplate" : {
        "id" : 70,
        "templateType" : "NANO",
        "largeValue" : "Employee Satisfaction Poll",
        "isCurrent" : false,
        "smallValue" : "Feedback",
        "createdDate" : "2025-10-16T09:56:16.193+00:00",
        "name" : "Priya",
        "position" : 10,
        "updatedDate" : "2025-10-16T09:57:52.975+00:00",
        "message" : {
          "id" : 160,
          "hasCustomTemplate" : true,
          "decoratorLayer" : "WARNING",
          "hasUserRecipient" : true,
          "hasChildren" : true,
          "isEdited" : false,
          "updatedDate" : "2025-10-16T09:56:53.775+00:00",
          "content" : "A reminder: team feedback sessions will begin next Monday.",
          "hasAttachment" : true,
          "isRemoved" : true,
          "messageType" : "TOODLE_THEMES",
          "messagePrivacy" : "PUBLIC",
          "caseId" : "CASE-6229-Q1",
          "userId" : "USR-93434",
          "parentId" : 170809,
          "externalIdentifiers" : "EXT-1385",
          "resourceGraph" : {
            "id" : 289,
            "resourceId" : "Akshay Sharma"
          },
          "createdDate" : "2025-10-19T00:00:00.000+00:00",
          "flagStatus" : "HIGH",
          "roleName" : "QA Manager",
          "hasCustomElement" : false,
          "hasReaction" : false,
          "hasCustomTag" : true
        },
        "mediumValue" : "Analysis of employee feedback regarding workplace culture"
      },
      "_links" : {
        "self" : {
          "href" : "http://10.10.2.180:8099/userCustomTemplates/61"
        },
        "userCustomTemplate" : {
          "href" : "http://10.10.2.180:8099/userCustomTemplates/61"
        }
      }
    } ]
  },
  "_links" : {
    "self" : {
      "href" : "http://10.10.2.180:8099/userCustomTemplates?page=0&size=20"
    },
    "profile" : {
      "href" : "http://10.10.2.180:8099/profile/userCustomTemplates"
    },
    "search" : {
      "href" : "http://10.10.2.180:8099/userCustomTemplates/search"
    }
  },
  "page" : {
    "size" : 20,
    "totalElements" : 2,
    "totalPages" : 1,
    "number" : 0
  }
}
Status Code: 200
  When Fetch All UserCustomTemplate Details                     # social_comments.UserCustomTemplate.Fetch_All_usercustomtemplate_Details()
  Then The UserCustomTemplate response should contain "id"      # social_comments.UserCustomTemplate.the_usercustomtemplate_response_should_contain(java.lang.String)
  And The UserCustomTemplate response status code should be 200 # social_comments.UserCustomTemplate.the_usercustomtemplate_response_status_code_should_be(java.lang.Integer)
]]></system-out>
  </testcase>
  <testcase name="Get UserCustomTemplate details with ID" classname="End-to-end ResourceGraph and ResourceRegistries CRUD flow" time="1.019">
    <system-out><![CDATA[
@UserCustomTemplate
Scenario: Get UserCustomTemplate details with ID                 # src/test/resources/features/End_to_End_social_comments_flow.feature:348
Response Body:
{
  "id" : 61,
  "createdDate" : "2025-10-16T09:56:20.179+00:00",
  "payload" : "Reminder",
  "type" : "PINNED",
  "userId" : "user_9894",
  "customTemplate" : {
    "id" : 70,
    "templateType" : "NANO",
    "largeValue" : "Employee Satisfaction Poll",
    "isCurrent" : false,
    "smallValue" : "Feedback",
    "createdDate" : "2025-10-16T09:56:16.193+00:00",
    "name" : "Priya",
    "position" : 10,
    "updatedDate" : "2025-10-16T09:57:52.975+00:00",
    "message" : {
      "id" : 160,
      "hasCustomTemplate" : true,
      "decoratorLayer" : "WARNING",
      "hasUserRecipient" : true,
      "hasChildren" : true,
      "isEdited" : false,
      "updatedDate" : "2025-10-16T09:56:53.775+00:00",
      "content" : "A reminder: team feedback sessions will begin next Monday.",
      "hasAttachment" : true,
      "isRemoved" : true,
      "messageType" : "TOODLE_THEMES",
      "messagePrivacy" : "PUBLIC",
      "caseId" : "CASE-6229-Q1",
      "userId" : "USR-93434",
      "parentId" : 170809,
      "externalIdentifiers" : "EXT-1385",
      "resourceGraph" : {
        "id" : 289,
        "resourceId" : "Akshay Sharma"
      },
      "createdDate" : "2025-10-19T00:00:00.000+00:00",
      "flagStatus" : "HIGH",
      "roleName" : "QA Manager",
      "hasCustomElement" : false,
      "hasReaction" : false,
      "hasCustomTag" : true
    },
    "mediumValue" : "Analysis of employee feedback regarding workplace culture"
  }
}
Status Code: 200
  When Fetch UserCustomTemplate Details with ID                  # social_comments.UserCustomTemplate.Fetch_usercustomtemplate_Details_with_ID()
  Then The UserCustomTemplate response status code should be 200 # social_comments.UserCustomTemplate.the_usercustomtemplate_response_status_code_should_be(java.lang.Integer)
]]></system-out>
  </testcase>
  <testcase name="Updating Put UserCustomTemplate #1" classname="End-to-end ResourceGraph and ResourceRegistries CRUD flow" time="4.225">
    <system-out><![CDATA[
@UserCustomTemplate
Scenario: Updating Put UserCustomTemplate                       # src/test/resources/features/End_to_End_social_comments_flow.feature:353
PUT Response Body:
{
  "id" : 61,
  "createdDate" : "2025-10-16T09:56:20.179+00:00",
  "payload" : "Important notice",
  "type" : "PINNED",
  "userId" : "user_3566",
  "customTemplate" : {
    "id" : 70,
    "templateType" : "NANO",
    "largeValue" : "Employee Satisfaction Poll",
    "isCurrent" : false,
    "smallValue" : "Feedback",
    "createdDate" : "2025-10-16T09:56:16.193+00:00",
    "name" : "Priya",
    "position" : 10,
    "updatedDate" : "2025-10-16T09:57:52.975+00:00",
    "message" : {
      "id" : 160,
      "hasCustomTemplate" : true,
      "decoratorLayer" : "WARNING",
      "hasUserRecipient" : true,
      "hasChildren" : true,
      "isEdited" : false,
      "updatedDate" : "2025-10-16T09:56:53.775+00:00",
      "content" : "A reminder: team feedback sessions will begin next Monday.",
      "hasAttachment" : true,
      "isRemoved" : true,
      "messageType" : "TOODLE_THEMES",
      "messagePrivacy" : "PUBLIC",
      "caseId" : "CASE-6229-Q1",
      "userId" : "USR-93434",
      "parentId" : 170809,
      "externalIdentifiers" : "EXT-1385",
      "resourceGraph" : {
        "id" : 289,
        "resourceId" : "Akshay Sharma"
      },
      "createdDate" : "2025-10-19T00:00:00.000+00:00",
      "flagStatus" : "HIGH",
      "roleName" : "QA Manager",
      "hasCustomElement" : false,
      "hasReaction" : false,
      "hasCustomTag" : true
    },
    "mediumValue" : "Analysis of employee feedback regarding workplace culture"
  }
}
Status Code: 200
  When Update UserCustomTemplate                                # social_comments.UserCustomTemplate.Update_usercustomtemplate()
  Then The UserCustomTemplate response should contain "id"      # social_comments.UserCustomTemplate.the_usercustomtemplate_response_should_contain(java.lang.String)
  And The UserCustomTemplate response status code should be 200 # social_comments.UserCustomTemplate.the_usercustomtemplate_response_status_code_should_be(java.lang.Integer)
]]></system-out>
  </testcase>
  <testcase name="Updating Patch UserCustomTemplate" classname="End-to-end ResourceGraph and ResourceRegistries CRUD flow" time="3.958">
    <system-out><![CDATA[
@UserCustomTemplate
Scenario: Updating Patch UserCustomTemplate                      # src/test/resources/features/End_to_End_social_comments_flow.feature:359
PATCH Request Body:
{
  "payload": "Pinned update",
  "type": "PINNED",
  "userId": "user_4447",
  "customTemplate": {
    "id": 70
  }
}
PATCH Response Body:
{
  "id" : 61,
  "createdDate" : "2025-10-16T09:56:20.179+00:00",
  "payload" : "Pinned update",
  "type" : "PINNED",
  "userId" : "user_4447",
  "customTemplate" : {
    "id" : 70,
    "templateType" : "NANO",
    "largeValue" : "Employee Satisfaction Poll",
    "isCurrent" : false,
    "smallValue" : "Feedback",
    "createdDate" : "2025-10-16T09:56:16.193+00:00",
    "name" : "Priya",
    "position" : 10,
    "updatedDate" : "2025-10-16T09:57:52.975+00:00",
    "message" : {
      "id" : 160,
      "hasCustomTemplate" : true,
      "decoratorLayer" : "WARNING",
      "hasUserRecipient" : true,
      "hasChildren" : true,
      "isEdited" : false,
      "updatedDate" : "2025-10-16T09:56:53.775+00:00",
      "content" : "A reminder: team feedback sessions will begin next Monday.",
      "hasAttachment" : true,
      "isRemoved" : true,
      "messageType" : "TOODLE_THEMES",
      "messagePrivacy" : "PUBLIC",
      "caseId" : "CASE-6229-Q1",
      "userId" : "USR-93434",
      "parentId" : 170809,
      "externalIdentifiers" : "EXT-1385",
      "resourceGraph" : {
        "id" : 289,
        "resourceId" : "Akshay Sharma"
      },
      "createdDate" : "2025-10-19T00:00:00.000+00:00",
      "flagStatus" : "HIGH",
      "roleName" : "QA Manager",
      "hasCustomElement" : false,
      "hasReaction" : false,
      "hasCustomTag" : true
    },
    "mediumValue" : "Analysis of employee feedback regarding workplace culture"
  }
}
Status Code: 200
  When Update Patch UserCustomTemplate                           # social_comments.UserCustomTemplate.Update_Patch_usercustomtemplate()
  Then The UserCustomTemplate response status code should be 200 # social_comments.UserCustomTemplate.the_usercustomtemplate_response_status_code_should_be(java.lang.Integer)
]]></system-out>
  </testcase>
  <testcase name="Deleting UserCustomTemplate #1" classname="End-to-end ResourceGraph and ResourceRegistries CRUD flow" time="3.449">
    <system-out><![CDATA[
@UserCustomTemplate
Scenario: Deleting UserCustomTemplate                            # src/test/resources/features/End_to_End_social_comments_flow.feature:364
Delete Response Body:

Delete Status Code: 204
  When Delete UserCustomTemplate with ID                         # social_comments.UserCustomTemplate.delete_usercustomtemplate_with_ID()
  Then The UserCustomTemplate response status code should be 204 # social_comments.UserCustomTemplate.the_usercustomtemplate_response_status_code_should_be(java.lang.Integer)
]]></system-out>
  </testcase>
  <testcase name="Updating Put UserCustomTemplate #2" classname="End-to-end ResourceGraph and ResourceRegistries CRUD flow" time="3.472">
    <failure message="expected:&lt;200&gt; but was:&lt;404&gt;" type="java.lang.AssertionError"><![CDATA[java.lang.AssertionError: expected:<200> but was:<404>
	at org.junit.Assert.fail(Assert.java:89)
	at org.junit.Assert.failNotEquals(Assert.java:835)
	at org.junit.Assert.assertEquals(Assert.java:647)
	at org.junit.Assert.assertEquals(Assert.java:633)
	at social_comments.UserCustomTemplate.the_usercustomtemplate_response_status_code_should_be(UserCustomTemplate.java:226)
	at ✽.The UserCustomTemplate response status code should be 200(file:///C:/Users/cpatil/eclipse-workspace/social_comments/src/test/resources/features/End_to_End_social_comments_flow.feature:372)
]]></failure>
    <system-out><![CDATA[
@Negative_for_UserCustomTemplate
Scenario: Updating Put UserCustomTemplate                       # src/test/resources/features/End_to_End_social_comments_flow.feature:369
PUT Response Body:
{"appName":"social-comments-model","httpStatus":"NOT_FOUND","statusCode":404,"timestamp":"2025-10-16T09:58:33.826Z","errorDescription":"Entity with id 61 not found","cause":"Entity with id 61 not found","params":{},"path":"uri=/userCustomTemplates/61"}
Status Code: 404
  When Update UserCustomTemplate                                # social_comments.UserCustomTemplate.Update_usercustomtemplate()
  Then The UserCustomTemplate response should contain "id"      # social_comments.UserCustomTemplate.the_usercustomtemplate_response_should_contain(java.lang.String)
  And The UserCustomTemplate response status code should be 200 # social_comments.UserCustomTemplate.the_usercustomtemplate_response_status_code_should_be(java.lang.Integer)
      java.lang.AssertionError: expected:<200> but was:<404>
	at org.junit.Assert.fail(Assert.java:89)
	at org.junit.Assert.failNotEquals(Assert.java:835)
	at org.junit.Assert.assertEquals(Assert.java:647)
	at org.junit.Assert.assertEquals(Assert.java:633)
	at social_comments.UserCustomTemplate.the_usercustomtemplate_response_status_code_should_be(UserCustomTemplate.java:226)
	at ✽.The UserCustomTemplate response status code should be 200(file:///C:/Users/cpatil/eclipse-workspace/social_comments/src/test/resources/features/End_to_End_social_comments_flow.feature:372)

]]></system-out>
  </testcase>
  <testcase name="Deleting UserCustomTemplate #2" classname="End-to-end ResourceGraph and ResourceRegistries CRUD flow" time="3.449">
    <failure message="expected:&lt;204&gt; but was:&lt;404&gt;" type="java.lang.AssertionError"><![CDATA[java.lang.AssertionError: expected:<204> but was:<404>
	at org.junit.Assert.fail(Assert.java:89)
	at org.junit.Assert.failNotEquals(Assert.java:835)
	at org.junit.Assert.assertEquals(Assert.java:647)
	at org.junit.Assert.assertEquals(Assert.java:633)
	at social_comments.UserCustomTemplate.the_usercustomtemplate_response_status_code_should_be(UserCustomTemplate.java:226)
	at ✽.The UserCustomTemplate response status code should be 204(file:///C:/Users/cpatil/eclipse-workspace/social_comments/src/test/resources/features/End_to_End_social_comments_flow.feature:377)
]]></failure>
    <system-out><![CDATA[
@Negative_for_UserCustomTemplate
Scenario: Deleting UserCustomTemplate                            # src/test/resources/features/End_to_End_social_comments_flow.feature:375
Delete Response Body:
{"appName":"social-comments-model","httpStatus":"NOT_FOUND","statusCode":404,"timestamp":"2025-10-16T09:58:37.290Z","errorDescription":"Entity with id 61 not found","cause":"Entity with id 61 not found","params":{},"path":"uri=/userCustomTemplates/61"}
Delete Status Code: 404
  When Delete UserCustomTemplate with ID                         # social_comments.UserCustomTemplate.delete_usercustomtemplate_with_ID()
  Then The UserCustomTemplate response status code should be 204 # social_comments.UserCustomTemplate.the_usercustomtemplate_response_status_code_should_be(java.lang.Integer)
      java.lang.AssertionError: expected:<204> but was:<404>
	at org.junit.Assert.fail(Assert.java:89)
	at org.junit.Assert.failNotEquals(Assert.java:835)
	at org.junit.Assert.assertEquals(Assert.java:647)
	at org.junit.Assert.assertEquals(Assert.java:633)
	at social_comments.UserCustomTemplate.the_usercustomtemplate_response_status_code_should_be(UserCustomTemplate.java:226)
	at ✽.The UserCustomTemplate response status code should be 204(file:///C:/Users/cpatil/eclipse-workspace/social_comments/src/test/resources/features/End_to_End_social_comments_flow.feature:377)

]]></system-out>
  </testcase>
  <testcase name="Deleting CustomTemplate #1" classname="End-to-end ResourceGraph and ResourceRegistries CRUD flow" time="3.768">
    <system-out><![CDATA[
@CustomTemplate
Scenario: Deleting CustomTemplate                            # src/test/resources/features/End_to_End_social_comments_flow.feature:380
Delete Response Body:

Delete Status Code: 204
  When Delete CustomTemplate with ID                         # social_comments.CustomTemplate.delete_customtemplate_with_ID()
  Then The CustomTemplate response status code should be 204 # social_comments.CustomTemplate.the_customtemplate_response_status_code_should_be(java.lang.Integer)
]]></system-out>
  </testcase>
  <testcase name="Deleting CustomTemplate #2" classname="End-to-end ResourceGraph and ResourceRegistries CRUD flow" time="3.587">
    <failure message="expected:&lt;204&gt; but was:&lt;404&gt;" type="java.lang.AssertionError"><![CDATA[java.lang.AssertionError: expected:<204> but was:<404>
	at org.junit.Assert.fail(Assert.java:89)
	at org.junit.Assert.failNotEquals(Assert.java:835)
	at org.junit.Assert.assertEquals(Assert.java:647)
	at org.junit.Assert.assertEquals(Assert.java:633)
	at social_comments.CustomTemplate.the_customtemplate_response_status_code_should_be(CustomTemplate.java:236)
	at ✽.The CustomTemplate response status code should be 204(file:///C:/Users/cpatil/eclipse-workspace/social_comments/src/test/resources/features/End_to_End_social_comments_flow.feature:387)
]]></failure>
    <system-out><![CDATA[
@Negative_for_CustomTemplate
Scenario: Deleting CustomTemplate                            # src/test/resources/features/End_to_End_social_comments_flow.feature:385
Delete Response Body:
{"appName":"social-comments-model","httpStatus":"NOT_FOUND","statusCode":404,"timestamp":"2025-10-16T09:58:44.535Z","errorDescription":"Entity with id 70 not found","cause":"Entity with id 70 not found","params":{},"path":"uri=/customTemplates/70"}
Delete Status Code: 404
  When Delete CustomTemplate with ID                         # social_comments.CustomTemplate.delete_customtemplate_with_ID()
  Then The CustomTemplate response status code should be 204 # social_comments.CustomTemplate.the_customtemplate_response_status_code_should_be(java.lang.Integer)
      java.lang.AssertionError: expected:<204> but was:<404>
	at org.junit.Assert.fail(Assert.java:89)
	at org.junit.Assert.failNotEquals(Assert.java:835)
	at org.junit.Assert.assertEquals(Assert.java:647)
	at org.junit.Assert.assertEquals(Assert.java:633)
	at social_comments.CustomTemplate.the_customtemplate_response_status_code_should_be(CustomTemplate.java:236)
	at ✽.The CustomTemplate response status code should be 204(file:///C:/Users/cpatil/eclipse-workspace/social_comments/src/test/resources/features/End_to_End_social_comments_flow.feature:387)

]]></system-out>
  </testcase>
  <testcase name="Updating Put CustomTemplate #2" classname="End-to-end ResourceGraph and ResourceRegistries CRUD flow" time="3.898">
    <failure message="expected:&lt;200&gt; but was:&lt;404&gt;" type="java.lang.AssertionError"><![CDATA[java.lang.AssertionError: expected:<200> but was:<404>
	at org.junit.Assert.fail(Assert.java:89)
	at org.junit.Assert.failNotEquals(Assert.java:835)
	at org.junit.Assert.assertEquals(Assert.java:647)
	at org.junit.Assert.assertEquals(Assert.java:633)
	at social_comments.CustomTemplate.the_customtemplate_response_status_code_should_be(CustomTemplate.java:236)
	at ✽.The CustomTemplate response status code should be 200(file:///C:/Users/cpatil/eclipse-workspace/social_comments/src/test/resources/features/End_to_End_social_comments_flow.feature:393)
]]></failure>
    <system-out><![CDATA[
@Negative_for_CustomTemplate
Scenario: Updating Put CustomTemplate                       # src/test/resources/features/End_to_End_social_comments_flow.feature:390
PUT Response Body:
{"appName":"social-comments-model","httpStatus":"NOT_FOUND","statusCode":404,"timestamp":"2025-10-16T09:58:48.249Z","errorDescription":"Entity with id 70 not found","cause":"Entity with id 70 not found","params":{},"path":"uri=/customTemplates/70"}
Status Code: 404
  When Update CustomTemplate                                # social_comments.CustomTemplate.Update_customtemplate()
  Then The CustomTemplate response should contain "id"      # social_comments.CustomTemplate.the_customtemplate_response_should_contain(java.lang.String)
  And The CustomTemplate response status code should be 200 # social_comments.CustomTemplate.the_customtemplate_response_status_code_should_be(java.lang.Integer)
      java.lang.AssertionError: expected:<200> but was:<404>
	at org.junit.Assert.fail(Assert.java:89)
	at org.junit.Assert.failNotEquals(Assert.java:835)
	at org.junit.Assert.assertEquals(Assert.java:647)
	at org.junit.Assert.assertEquals(Assert.java:633)
	at social_comments.CustomTemplate.the_customtemplate_response_status_code_should_be(CustomTemplate.java:236)
	at ✽.The CustomTemplate response status code should be 200(file:///C:/Users/cpatil/eclipse-workspace/social_comments/src/test/resources/features/End_to_End_social_comments_flow.feature:393)

]]></system-out>
  </testcase>
  <testcase name="Deleting CustomTag #1" classname="End-to-end ResourceGraph and ResourceRegistries CRUD flow" time="4.575">
    <system-out><![CDATA[
@CustomTag
Scenario: Deleting CustomTag                            # src/test/resources/features/End_to_End_social_comments_flow.feature:396
Delete Response Body:

Delete Status Code: 204
  When Delete CustomTag with ID                         # social_comments.CustomTag.delete_customtag_with_ID()
  Then The CustomTag response status code should be 204 # social_comments.CustomTag.the_customtag_response_status_code_should_be(java.lang.Integer)
]]></system-out>
  </testcase>
  <testcase name="Updating Put CustomTag #2" classname="End-to-end ResourceGraph and ResourceRegistries CRUD flow" time="3.686">
    <failure message="expected:&lt;200&gt; but was:&lt;404&gt;" type="java.lang.AssertionError"><![CDATA[java.lang.AssertionError: expected:<200> but was:<404>
	at org.junit.Assert.fail(Assert.java:89)
	at org.junit.Assert.failNotEquals(Assert.java:835)
	at org.junit.Assert.assertEquals(Assert.java:647)
	at org.junit.Assert.assertEquals(Assert.java:633)
	at social_comments.CustomTag.the_customtag_response_status_code_should_be(CustomTag.java:226)
	at ✽.The CustomTag response status code should be 200(file:///C:/Users/cpatil/eclipse-workspace/social_comments/src/test/resources/features/End_to_End_social_comments_flow.feature:404)
]]></failure>
    <system-out><![CDATA[
@Negative_for_CustomTag
Scenario: Updating Put CustomTag                       # src/test/resources/features/End_to_End_social_comments_flow.feature:401
PUT Response Body:
{"appName":"social-comments-model","httpStatus":"NOT_FOUND","statusCode":404,"timestamp":"2025-10-16T09:58:56.615Z","errorDescription":"Entity with id 70 not found","cause":"Entity with id 70 not found","params":{},"path":"uri=/customTags/70"}
Status Code: 404
  When Update CustomTag                                # social_comments.CustomTag.Update_customtag()
  Then The CustomTag response should contain "id"      # social_comments.CustomTag.the_customtag_response_should_contain(java.lang.String)
  And The CustomTag response status code should be 200 # social_comments.CustomTag.the_customtag_response_status_code_should_be(java.lang.Integer)
      java.lang.AssertionError: expected:<200> but was:<404>
	at org.junit.Assert.fail(Assert.java:89)
	at org.junit.Assert.failNotEquals(Assert.java:835)
	at org.junit.Assert.assertEquals(Assert.java:647)
	at org.junit.Assert.assertEquals(Assert.java:633)
	at social_comments.CustomTag.the_customtag_response_status_code_should_be(CustomTag.java:226)
	at ✽.The CustomTag response status code should be 200(file:///C:/Users/cpatil/eclipse-workspace/social_comments/src/test/resources/features/End_to_End_social_comments_flow.feature:404)

]]></system-out>
  </testcase>
  <testcase name="Deleting CustomTag #2" classname="End-to-end ResourceGraph and ResourceRegistries CRUD flow" time="3.978">
    <failure message="expected:&lt;204&gt; but was:&lt;404&gt;" type="java.lang.AssertionError"><![CDATA[java.lang.AssertionError: expected:<204> but was:<404>
	at org.junit.Assert.fail(Assert.java:89)
	at org.junit.Assert.failNotEquals(Assert.java:835)
	at org.junit.Assert.assertEquals(Assert.java:647)
	at org.junit.Assert.assertEquals(Assert.java:633)
	at social_comments.CustomTag.the_customtag_response_status_code_should_be(CustomTag.java:226)
	at ✽.The CustomTag response status code should be 204(file:///C:/Users/cpatil/eclipse-workspace/social_comments/src/test/resources/features/End_to_End_social_comments_flow.feature:409)
]]></failure>
    <system-out><![CDATA[
@Negative_for_CustomTag
Scenario: Deleting CustomTag                            # src/test/resources/features/End_to_End_social_comments_flow.feature:407
Delete Response Body:
{"appName":"social-comments-model","httpStatus":"NOT_FOUND","statusCode":404,"timestamp":"2025-10-16T09:59:00.556Z","errorDescription":"Entity with id 70 not found","cause":"Entity with id 70 not found","params":{},"path":"uri=/customTags/70"}
Delete Status Code: 404
  When Delete CustomTag with ID                         # social_comments.CustomTag.delete_customtag_with_ID()
  Then The CustomTag response status code should be 204 # social_comments.CustomTag.the_customtag_response_status_code_should_be(java.lang.Integer)
      java.lang.AssertionError: expected:<204> but was:<404>
	at org.junit.Assert.fail(Assert.java:89)
	at org.junit.Assert.failNotEquals(Assert.java:835)
	at org.junit.Assert.assertEquals(Assert.java:647)
	at org.junit.Assert.assertEquals(Assert.java:633)
	at social_comments.CustomTag.the_customtag_response_status_code_should_be(CustomTag.java:226)
	at ✽.The CustomTag response status code should be 204(file:///C:/Users/cpatil/eclipse-workspace/social_comments/src/test/resources/features/End_to_End_social_comments_flow.feature:409)

]]></system-out>
  </testcase>
  <testcase name="Deleting Attachment #1" classname="End-to-end ResourceGraph and ResourceRegistries CRUD flow" time="3.491">
    <system-out><![CDATA[
@Attachment
Scenario: Deleting Attachment                            # src/test/resources/features/End_to_End_social_comments_flow.feature:412
Delete Response Body:

Delete Status Code: 204
  When Delete Attachment with ID                         # social_comments.Attachement.delete_Attachment_with_ID()
  Then The Attachment response status code should be 204 # social_comments.Attachement.the_attachment_response_status_code_should_be(java.lang.Integer)
]]></system-out>
  </testcase>
  <testcase name="Updating Put Attachment #2" classname="End-to-end ResourceGraph and ResourceRegistries CRUD flow" time="3.42">
    <failure message="expected:&lt;200&gt; but was:&lt;404&gt;" type="java.lang.AssertionError"><![CDATA[java.lang.AssertionError: expected:<200> but was:<404>
	at org.junit.Assert.fail(Assert.java:89)
	at org.junit.Assert.failNotEquals(Assert.java:835)
	at org.junit.Assert.assertEquals(Assert.java:647)
	at org.junit.Assert.assertEquals(Assert.java:633)
	at social_comments.Attachement.the_attachment_response_status_code_should_be(Attachement.java:227)
	at ✽.The Attachment response status code should be 200(file:///C:/Users/cpatil/eclipse-workspace/social_comments/src/test/resources/features/End_to_End_social_comments_flow.feature:419)
]]></failure>
    <system-out><![CDATA[
@Negative_for_Attachment
Scenario: Updating Put Attachment                        # src/test/resources/features/End_to_End_social_comments_flow.feature:417
PUT Response Body:
{"appName":"social-comments-model","httpStatus":"NOT_FOUND","statusCode":404,"timestamp":"2025-10-16T09:59:07.775Z","errorDescription":"Entity with id 121 not found","cause":"Entity with id 121 not found","params":{},"path":"uri=/attachments/121"}
Status Code: 404
  When Update Attachment                                 # social_comments.Attachement.Update_attchment()
  Then The Attachment response status code should be 200 # social_comments.Attachement.the_attachment_response_status_code_should_be(java.lang.Integer)
      java.lang.AssertionError: expected:<200> but was:<404>
	at org.junit.Assert.fail(Assert.java:89)
	at org.junit.Assert.failNotEquals(Assert.java:835)
	at org.junit.Assert.assertEquals(Assert.java:647)
	at org.junit.Assert.assertEquals(Assert.java:633)
	at social_comments.Attachement.the_attachment_response_status_code_should_be(Attachement.java:227)
	at ✽.The Attachment response status code should be 200(file:///C:/Users/cpatil/eclipse-workspace/social_comments/src/test/resources/features/End_to_End_social_comments_flow.feature:419)

  And The Attachment response should contain "id"        # social_comments.Attachement.the_attachment_response_should_contain(java.lang.String)
]]></system-out>
  </testcase>
  <testcase name="Deleting Attachment #2" classname="End-to-end ResourceGraph and ResourceRegistries CRUD flow" time="3.347">
    <failure message="expected:&lt;204&gt; but was:&lt;404&gt;" type="java.lang.AssertionError"><![CDATA[java.lang.AssertionError: expected:<204> but was:<404>
	at org.junit.Assert.fail(Assert.java:89)
	at org.junit.Assert.failNotEquals(Assert.java:835)
	at org.junit.Assert.assertEquals(Assert.java:647)
	at org.junit.Assert.assertEquals(Assert.java:633)
	at social_comments.Attachement.the_attachment_response_status_code_should_be(Attachement.java:227)
	at ✽.The Attachment response status code should be 204(file:///C:/Users/cpatil/eclipse-workspace/social_comments/src/test/resources/features/End_to_End_social_comments_flow.feature:425)
]]></failure>
    <system-out><![CDATA[
@Negative_for_Attachment
Scenario: Deleting Attachment                            # src/test/resources/features/End_to_End_social_comments_flow.feature:423
Delete Response Body:
{"appName":"social-comments-model","httpStatus":"NOT_FOUND","statusCode":404,"timestamp":"2025-10-16T09:59:11.175Z","errorDescription":"Entity with id 121 not found","cause":"Entity with id 121 not found","params":{},"path":"uri=/attachments/121"}
Delete Status Code: 404
  When Delete Attachment with ID                         # social_comments.Attachement.delete_Attachment_with_ID()
  Then The Attachment response status code should be 204 # social_comments.Attachement.the_attachment_response_status_code_should_be(java.lang.Integer)
      java.lang.AssertionError: expected:<204> but was:<404>
	at org.junit.Assert.fail(Assert.java:89)
	at org.junit.Assert.failNotEquals(Assert.java:835)
	at org.junit.Assert.assertEquals(Assert.java:647)
	at org.junit.Assert.assertEquals(Assert.java:633)
	at social_comments.Attachement.the_attachment_response_status_code_should_be(Attachement.java:227)
	at ✽.The Attachment response status code should be 204(file:///C:/Users/cpatil/eclipse-workspace/social_comments/src/test/resources/features/End_to_End_social_comments_flow.feature:425)

]]></system-out>
  </testcase>
  <testcase name="Deleting CustomElement #1" classname="End-to-end ResourceGraph and ResourceRegistries CRUD flow" time="3.429">
    <system-out><![CDATA[
@CustomElement
Scenario: Deleting CustomElement                           # src/test/resources/features/End_to_End_social_comments_flow.feature:428
Delete Response Body:

Delete Status Code: 204
  When Delete CustomElement with ID                        # social_comments.CustomElement.delete_CustomElement_with_ID()
  And The CustomElement response status code should be 204 # social_comments.CustomElement.the_customelement_response_status_code_should_be(java.lang.Integer)
]]></system-out>
  </testcase>
  <testcase name="Updating Put CustomElement #2" classname="End-to-end ResourceGraph and ResourceRegistries CRUD flow" time="3.319">
    <failure message="expected:&lt;200&gt; but was:&lt;404&gt;" type="java.lang.AssertionError"><![CDATA[java.lang.AssertionError: expected:<200> but was:<404>
	at org.junit.Assert.fail(Assert.java:89)
	at org.junit.Assert.failNotEquals(Assert.java:835)
	at org.junit.Assert.assertEquals(Assert.java:647)
	at org.junit.Assert.assertEquals(Assert.java:633)
	at social_comments.CustomElement.the_customelement_response_status_code_should_be(CustomElement.java:230)
	at ✽.The CustomElement response status code should be 200(file:///C:/Users/cpatil/eclipse-workspace/social_comments/src/test/resources/features/End_to_End_social_comments_flow.feature:435)
]]></failure>
    <system-out><![CDATA[
@Negative_for_CustomElement
Scenario: Updating Put CustomElement                       # src/test/resources/features/End_to_End_social_comments_flow.feature:433
PUT Response Body:
{"appName":"social-comments-model","httpStatus":"NOT_FOUND","statusCode":404,"timestamp":"2025-10-16T09:59:17.952Z","errorDescription":"Entity with id 103 not found","cause":"Entity with id 103 not found","params":{},"path":"uri=/customElements/103"}
Status Code: 404
  When Update CustomElement                                # social_comments.CustomElement.Update_attchment()
  And The CustomElement response status code should be 200 # social_comments.CustomElement.the_customelement_response_status_code_should_be(java.lang.Integer)
      java.lang.AssertionError: expected:<200> but was:<404>
	at org.junit.Assert.fail(Assert.java:89)
	at org.junit.Assert.failNotEquals(Assert.java:835)
	at org.junit.Assert.assertEquals(Assert.java:647)
	at org.junit.Assert.assertEquals(Assert.java:633)
	at social_comments.CustomElement.the_customelement_response_status_code_should_be(CustomElement.java:230)
	at ✽.The CustomElement response status code should be 200(file:///C:/Users/cpatil/eclipse-workspace/social_comments/src/test/resources/features/End_to_End_social_comments_flow.feature:435)

  And The CustomElement response should contain "id"       # social_comments.CustomElement.the_resource_registries_response_should_contain(java.lang.String)
]]></system-out>
  </testcase>
  <testcase name="Deleting CustomElement #2" classname="End-to-end ResourceGraph and ResourceRegistries CRUD flow" time="3.494">
    <failure message="expected:&lt;204&gt; but was:&lt;404&gt;" type="java.lang.AssertionError"><![CDATA[java.lang.AssertionError: expected:<204> but was:<404>
	at org.junit.Assert.fail(Assert.java:89)
	at org.junit.Assert.failNotEquals(Assert.java:835)
	at org.junit.Assert.assertEquals(Assert.java:647)
	at org.junit.Assert.assertEquals(Assert.java:633)
	at social_comments.CustomElement.the_customelement_response_status_code_should_be(CustomElement.java:230)
	at ✽.The CustomElement response status code should be 204(file:///C:/Users/cpatil/eclipse-workspace/social_comments/src/test/resources/features/End_to_End_social_comments_flow.feature:441)
]]></failure>
    <system-out><![CDATA[
@Negative_for_CustomElement
Scenario: Deleting CustomElement                           # src/test/resources/features/End_to_End_social_comments_flow.feature:439
Delete Response Body:
{"appName":"social-comments-model","httpStatus":"NOT_FOUND","statusCode":404,"timestamp":"2025-10-16T09:59:21.275Z","errorDescription":"Entity with id 103 not found","cause":"Entity with id 103 not found","params":{},"path":"uri=/customElements/103"}
Delete Status Code: 404
  When Delete CustomElement with ID                        # social_comments.CustomElement.delete_CustomElement_with_ID()
  And The CustomElement response status code should be 204 # social_comments.CustomElement.the_customelement_response_status_code_should_be(java.lang.Integer)
      java.lang.AssertionError: expected:<204> but was:<404>
	at org.junit.Assert.fail(Assert.java:89)
	at org.junit.Assert.failNotEquals(Assert.java:835)
	at org.junit.Assert.assertEquals(Assert.java:647)
	at org.junit.Assert.assertEquals(Assert.java:633)
	at social_comments.CustomElement.the_customelement_response_status_code_should_be(CustomElement.java:230)
	at ✽.The CustomElement response status code should be 204(file:///C:/Users/cpatil/eclipse-workspace/social_comments/src/test/resources/features/End_to_End_social_comments_flow.feature:441)

]]></system-out>
  </testcase>
  <testcase name="Deleting Reaction #1" classname="End-to-end ResourceGraph and ResourceRegistries CRUD flow" time="3.457">
    <system-out><![CDATA[
@Reaction
Scenario: Deleting Reaction                            # src/test/resources/features/End_to_End_social_comments_flow.feature:444
Delete Response Body:

Delete Status Code: 204
  When Delete Reaction with ID                         # social_comments.Reaction.delete_reaction_with_ID()
  Then The Reaction response status code should be 204 # social_comments.Reaction.the_reaction_response_status_code_should_be(java.lang.Integer)
]]></system-out>
  </testcase>
  <testcase name="Deleting Reaction #2" classname="End-to-end ResourceGraph and ResourceRegistries CRUD flow" time="3.439">
    <failure message="expected:&lt;204&gt; but was:&lt;404&gt;" type="java.lang.AssertionError"><![CDATA[java.lang.AssertionError: expected:<204> but was:<404>
	at org.junit.Assert.fail(Assert.java:89)
	at org.junit.Assert.failNotEquals(Assert.java:835)
	at org.junit.Assert.assertEquals(Assert.java:647)
	at org.junit.Assert.assertEquals(Assert.java:633)
	at social_comments.Reaction.the_reaction_response_status_code_should_be(Reaction.java:231)
	at ✽.The Reaction response status code should be 204(file:///C:/Users/cpatil/eclipse-workspace/social_comments/src/test/resources/features/End_to_End_social_comments_flow.feature:451)
]]></failure>
    <system-out><![CDATA[
@Negative_for_Reaction
Scenario: Deleting Reaction                            # src/test/resources/features/End_to_End_social_comments_flow.feature:449
Delete Response Body:
{"appName":"social-comments-model","httpStatus":"NOT_FOUND","statusCode":404,"timestamp":"2025-10-16T09:59:28.257Z","errorDescription":"Entity with id 100 not found","cause":"Entity with id 100 not found","params":{},"path":"uri=/reactions/100"}
Delete Status Code: 404
  When Delete Reaction with ID                         # social_comments.Reaction.delete_reaction_with_ID()
  Then The Reaction response status code should be 204 # social_comments.Reaction.the_reaction_response_status_code_should_be(java.lang.Integer)
      java.lang.AssertionError: expected:<204> but was:<404>
	at org.junit.Assert.fail(Assert.java:89)
	at org.junit.Assert.failNotEquals(Assert.java:835)
	at org.junit.Assert.assertEquals(Assert.java:647)
	at org.junit.Assert.assertEquals(Assert.java:633)
	at social_comments.Reaction.the_reaction_response_status_code_should_be(Reaction.java:231)
	at ✽.The Reaction response status code should be 204(file:///C:/Users/cpatil/eclipse-workspace/social_comments/src/test/resources/features/End_to_End_social_comments_flow.feature:451)

]]></system-out>
  </testcase>
  <testcase name="Updating Put Reaction #2" classname="End-to-end ResourceGraph and ResourceRegistries CRUD flow" time="3.71">
    <failure message="expected:&lt;200&gt; but was:&lt;404&gt;" type="java.lang.AssertionError"><![CDATA[java.lang.AssertionError: expected:<200> but was:<404>
	at org.junit.Assert.fail(Assert.java:89)
	at org.junit.Assert.failNotEquals(Assert.java:835)
	at org.junit.Assert.assertEquals(Assert.java:647)
	at org.junit.Assert.assertEquals(Assert.java:633)
	at social_comments.Reaction.the_reaction_response_status_code_should_be(Reaction.java:231)
	at ✽.The Reaction response status code should be 200(file:///C:/Users/cpatil/eclipse-workspace/social_comments/src/test/resources/features/End_to_End_social_comments_flow.feature:457)
]]></failure>
    <system-out><![CDATA[
@Negative_for_Reaction
Scenario: Updating Put Reaction                       # src/test/resources/features/End_to_End_social_comments_flow.feature:454
PUT Response Body:
{"appName":"social-comments-model","httpStatus":"NOT_FOUND","statusCode":404,"timestamp":"2025-10-16T09:59:31.695Z","errorDescription":"Entity with id 100 not found","cause":"Entity with id 100 not found","params":{},"path":"uri=/reactions/100"}
Status Code: 404
  When Update Reaction                                # social_comments.Reaction.Update_reaction()
  Then The Reaction response should contain "id"      # social_comments.Reaction.the_reaction_response_should_contain(java.lang.String)
  And The Reaction response status code should be 200 # social_comments.Reaction.the_reaction_response_status_code_should_be(java.lang.Integer)
      java.lang.AssertionError: expected:<200> but was:<404>
	at org.junit.Assert.fail(Assert.java:89)
	at org.junit.Assert.failNotEquals(Assert.java:835)
	at org.junit.Assert.assertEquals(Assert.java:647)
	at org.junit.Assert.assertEquals(Assert.java:633)
	at social_comments.Reaction.the_reaction_response_status_code_should_be(Reaction.java:231)
	at ✽.The Reaction response status code should be 200(file:///C:/Users/cpatil/eclipse-workspace/social_comments/src/test/resources/features/End_to_End_social_comments_flow.feature:457)

]]></system-out>
  </testcase>
  <testcase name="Deleting BaseUserMessage #1" classname="End-to-end ResourceGraph and ResourceRegistries CRUD flow" time="3.799">
    <system-out><![CDATA[
@BaseUserMessage
Scenario: Deleting BaseUserMessage                            # src/test/resources/features/End_to_End_social_comments_flow.feature:460
Delete Response Body:

Delete Status Code: 204
  When Delete BaseUserMessage with ID                         # social_comments.BaseUserMessage.delete_baseusermessage_with_ID()
  Then The BaseUserMessage response status code should be 204 # social_comments.BaseUserMessage.the_baseusermessage_response_status_code_should_be(java.lang.Integer)
]]></system-out>
  </testcase>
  <testcase name="Updating Put BaseUserMessage #2" classname="End-to-end ResourceGraph and ResourceRegistries CRUD flow" time="3.812">
    <failure message="expected:&lt;200&gt; but was:&lt;404&gt;" type="java.lang.AssertionError"><![CDATA[java.lang.AssertionError: expected:<200> but was:<404>
	at org.junit.Assert.fail(Assert.java:89)
	at org.junit.Assert.failNotEquals(Assert.java:835)
	at org.junit.Assert.assertEquals(Assert.java:647)
	at org.junit.Assert.assertEquals(Assert.java:633)
	at social_comments.BaseUserMessage.the_baseusermessage_response_status_code_should_be(BaseUserMessage.java:226)
	at ✽.The BaseUserMessage response status code should be 200(file:///C:/Users/cpatil/eclipse-workspace/social_comments/src/test/resources/features/End_to_End_social_comments_flow.feature:468)
]]></failure>
    <system-out><![CDATA[
@Negative_for_BaseUserMessage
Scenario: Updating Put BaseUserMessage                       # src/test/resources/features/End_to_End_social_comments_flow.feature:465
PUT Response Body:
{"appName":"social-comments-model","httpStatus":"NOT_FOUND","statusCode":404,"timestamp":"2025-10-16T09:59:39.456Z","errorDescription":"Entity with id 101 not found","cause":"Entity with id 101 not found","params":{},"path":"uri=/baseUserMessages/101"}
Status Code: 404
  When Update BaseUserMessage                                # social_comments.BaseUserMessage.Update_baseusermessage()
  Then The BaseUserMessage response should contain "id"      # social_comments.BaseUserMessage.the_baseusermessage_response_should_contain(java.lang.String)
  And The BaseUserMessage response status code should be 200 # social_comments.BaseUserMessage.the_baseusermessage_response_status_code_should_be(java.lang.Integer)
      java.lang.AssertionError: expected:<200> but was:<404>
	at org.junit.Assert.fail(Assert.java:89)
	at org.junit.Assert.failNotEquals(Assert.java:835)
	at org.junit.Assert.assertEquals(Assert.java:647)
	at org.junit.Assert.assertEquals(Assert.java:633)
	at social_comments.BaseUserMessage.the_baseusermessage_response_status_code_should_be(BaseUserMessage.java:226)
	at ✽.The BaseUserMessage response status code should be 200(file:///C:/Users/cpatil/eclipse-workspace/social_comments/src/test/resources/features/End_to_End_social_comments_flow.feature:468)

]]></system-out>
  </testcase>
  <testcase name="Deleting BaseUserMessage #2" classname="End-to-end ResourceGraph and ResourceRegistries CRUD flow" time="4.131">
    <failure message="expected:&lt;204&gt; but was:&lt;404&gt;" type="java.lang.AssertionError"><![CDATA[java.lang.AssertionError: expected:<204> but was:<404>
	at org.junit.Assert.fail(Assert.java:89)
	at org.junit.Assert.failNotEquals(Assert.java:835)
	at org.junit.Assert.assertEquals(Assert.java:647)
	at org.junit.Assert.assertEquals(Assert.java:633)
	at social_comments.BaseUserMessage.the_baseusermessage_response_status_code_should_be(BaseUserMessage.java:226)
	at ✽.The BaseUserMessage response status code should be 204(file:///C:/Users/cpatil/eclipse-workspace/social_comments/src/test/resources/features/End_to_End_social_comments_flow.feature:473)
]]></failure>
    <system-out><![CDATA[
@Negative_for_BaseUserMessage
Scenario: Deleting BaseUserMessage                            # src/test/resources/features/End_to_End_social_comments_flow.feature:471
Delete Response Body:
{"appName":"social-comments-model","httpStatus":"NOT_FOUND","statusCode":404,"timestamp":"2025-10-16T09:59:42.994Z","errorDescription":"Entity with id 101 not found","cause":"Entity with id 101 not found","params":{},"path":"uri=/baseUserMessages/101"}
Delete Status Code: 404
  When Delete BaseUserMessage with ID                         # social_comments.BaseUserMessage.delete_baseusermessage_with_ID()
  Then The BaseUserMessage response status code should be 204 # social_comments.BaseUserMessage.the_baseusermessage_response_status_code_should_be(java.lang.Integer)
      java.lang.AssertionError: expected:<204> but was:<404>
	at org.junit.Assert.fail(Assert.java:89)
	at org.junit.Assert.failNotEquals(Assert.java:835)
	at org.junit.Assert.assertEquals(Assert.java:647)
	at org.junit.Assert.assertEquals(Assert.java:633)
	at social_comments.BaseUserMessage.the_baseusermessage_response_status_code_should_be(BaseUserMessage.java:226)
	at ✽.The BaseUserMessage response status code should be 204(file:///C:/Users/cpatil/eclipse-workspace/social_comments/src/test/resources/features/End_to_End_social_comments_flow.feature:473)

]]></system-out>
  </testcase>
  <testcase name="Deleting Message #1" classname="End-to-end ResourceGraph and ResourceRegistries CRUD flow" time="3.573">
    <system-out><![CDATA[
@Message
Scenario: Deleting Message                            # src/test/resources/features/End_to_End_social_comments_flow.feature:476
Delete Response Body:

Delete Status Code: 204
  When Delete Message with ID                         # social_comments.Message.delete_Message_with_ID()
  Then The Message response status code should be 204 # social_comments.Message.the_message_response_status_code_should_be(java.lang.Integer)
]]></system-out>
  </testcase>
  <testcase name="Updating PUT Message #2" classname="End-to-end ResourceGraph and ResourceRegistries CRUD flow" time="4.08">
    <failure message="expected:&lt;200&gt; but was:&lt;404&gt;" type="java.lang.AssertionError"><![CDATA[java.lang.AssertionError: expected:<200> but was:<404>
	at org.junit.Assert.fail(Assert.java:89)
	at org.junit.Assert.failNotEquals(Assert.java:835)
	at org.junit.Assert.assertEquals(Assert.java:647)
	at org.junit.Assert.assertEquals(Assert.java:633)
	at social_comments.Message.the_message_response_status_code_should_be(Message.java:257)
	at ✽.The Message response status code should be 200(file:///C:/Users/cpatil/eclipse-workspace/social_comments/src/test/resources/features/End_to_End_social_comments_flow.feature:483)
]]></failure>
    <system-out><![CDATA[
@Negative_for_Message
Scenario: Updating PUT Message                        # src/test/resources/features/End_to_End_social_comments_flow.feature:481
PUT Response Body:
{"appName":"social-comments-model","httpStatus":"NOT_FOUND","statusCode":404,"timestamp":"2025-10-16T09:59:50.717Z","errorDescription":"Entity with id 160 not found","cause":"Entity with id 160 not found","params":{},"path":"uri=/messages/160"}
Status Code: 404
  When Update Message                                 # social_comments.Message.Update_message()
  Then The Message response status code should be 200 # social_comments.Message.the_message_response_status_code_should_be(java.lang.Integer)
      java.lang.AssertionError: expected:<200> but was:<404>
	at org.junit.Assert.fail(Assert.java:89)
	at org.junit.Assert.failNotEquals(Assert.java:835)
	at org.junit.Assert.assertEquals(Assert.java:647)
	at org.junit.Assert.assertEquals(Assert.java:633)
	at social_comments.Message.the_message_response_status_code_should_be(Message.java:257)
	at ✽.The Message response status code should be 200(file:///C:/Users/cpatil/eclipse-workspace/social_comments/src/test/resources/features/End_to_End_social_comments_flow.feature:483)

  And The Message response should contain "id"        # social_comments.Message.the_message_response_should_contain(java.lang.String)
]]></system-out>
  </testcase>
  <testcase name="Deleting Message #2" classname="End-to-end ResourceGraph and ResourceRegistries CRUD flow" time="3.799">
    <failure message="expected:&lt;204&gt; but was:&lt;404&gt;" type="java.lang.AssertionError"><![CDATA[java.lang.AssertionError: expected:<204> but was:<404>
	at org.junit.Assert.fail(Assert.java:89)
	at org.junit.Assert.failNotEquals(Assert.java:835)
	at org.junit.Assert.assertEquals(Assert.java:647)
	at org.junit.Assert.assertEquals(Assert.java:633)
	at social_comments.Message.the_message_response_status_code_should_be(Message.java:257)
	at ✽.The Message response status code should be 204(file:///C:/Users/cpatil/eclipse-workspace/social_comments/src/test/resources/features/End_to_End_social_comments_flow.feature:489)
]]></failure>
    <system-out><![CDATA[
@Negative_for_Message
Scenario: Deleting Message                            # src/test/resources/features/End_to_End_social_comments_flow.feature:487
Delete Response Body:
{"appName":"social-comments-model","httpStatus":"NOT_FOUND","statusCode":404,"timestamp":"2025-10-16T09:59:54.815Z","errorDescription":"Entity with id 160 not found","cause":"Entity with id 160 not found","params":{},"path":"uri=/messages/160"}
Delete Status Code: 404
  When Delete Message with ID                         # social_comments.Message.delete_Message_with_ID()
  Then The Message response status code should be 204 # social_comments.Message.the_message_response_status_code_should_be(java.lang.Integer)
      java.lang.AssertionError: expected:<204> but was:<404>
	at org.junit.Assert.fail(Assert.java:89)
	at org.junit.Assert.failNotEquals(Assert.java:835)
	at org.junit.Assert.assertEquals(Assert.java:647)
	at org.junit.Assert.assertEquals(Assert.java:633)
	at social_comments.Message.the_message_response_status_code_should_be(Message.java:257)
	at ✽.The Message response status code should be 204(file:///C:/Users/cpatil/eclipse-workspace/social_comments/src/test/resources/features/End_to_End_social_comments_flow.feature:489)

]]></system-out>
  </testcase>
  <testcase name="Creating a Tenant" classname="End-to-end ResourceGraph and ResourceRegistries CRUD flow" time="3.848">
    <system-out><![CDATA[
@Tenant
Scenario: Creating a Tenant                         # src/test/resources/features/End_to_End_social_comments_flow.feature:492
  Given I have a Tenant                             # social_comments.Tenant.i_have_a_tenant()
{
  "name": "Vinod"
}
POST Tenant Status: 201
POST Tenant Body: {
  "id" : 64,
  "createdDate" : "2025-10-16T09:59:58.712+00:00",
  "name" : "Vinod"
}
Stored TenantID: 64
  When Create a Tenant                              # social_comments.Tenant.create_a_tenant()
  Then The Tenant response should contain "id"      # social_comments.Tenant.the_userrecipient_response_should_contain(java.lang.String)
  And The Tenant response status code should be 201 # social_comments.Tenant.the_userrecipient_response_status_code_should_be(java.lang.Integer)
]]></system-out>
  </testcase>
  <testcase name="Fetching All Tenant" classname="End-to-end ResourceGraph and ResourceRegistries CRUD flow" time="0.674">
    <system-out><![CDATA[
@Tenant
Scenario: Fetching All Tenant                       # src/test/resources/features/End_to_End_social_comments_flow.feature:499
Response Body:
{
  "_embedded" : {
    "tenants" : [ {
      "id" : 1,
      "createdDate" : "2025-08-04T09:54:39.163+00:00",
      "name" : "DHIN_IND",
      "_links" : {
        "self" : {
          "href" : "http://10.10.2.180:8099/tenants/1"
        },
        "tenant" : {
          "href" : "http://10.10.2.180:8099/tenants/1"
        }
      }
    }, {
      "id" : 2,
      "createdDate" : "2025-08-04T10:16:38.908+00:00",
      "name" : "DHIN",
      "_links" : {
        "self" : {
          "href" : "http://10.10.2.180:8099/tenants/2"
        },
        "tenant" : {
          "href" : "http://10.10.2.180:8099/tenants/2"
        }
      }
    }, {
      "id" : 3,
      "createdDate" : "2025-08-04T10:52:21.173+00:00",
      "name" : "DHIN",
      "_links" : {
        "self" : {
          "href" : "http://10.10.2.180:8099/tenants/3"
        },
        "tenant" : {
          "href" : "http://10.10.2.180:8099/tenants/3"
        }
      }
    }, {
      "id" : 62,
      "createdDate" : "2025-10-16T09:20:51.101+00:00",
      "name" : "<string>",
      "_links" : {
        "self" : {
          "href" : "http://10.10.2.180:8099/tenants/62"
        },
        "tenant" : {
          "href" : "http://10.10.2.180:8099/tenants/62"
        }
      }
    }, {
      "id" : 64,
      "createdDate" : "2025-10-16T09:59:58.712+00:00",
      "name" : "Vinod",
      "_links" : {
        "self" : {
          "href" : "http://10.10.2.180:8099/tenants/64"
        },
        "tenant" : {
          "href" : "http://10.10.2.180:8099/tenants/64"
        }
      }
    } ]
  },
  "_links" : {
    "self" : {
      "href" : "http://10.10.2.180:8099/tenants?page=0&size=20"
    },
    "profile" : {
      "href" : "http://10.10.2.180:8099/profile/tenants"
    },
    "search" : {
      "href" : "http://10.10.2.180:8099/tenants/search"
    }
  },
  "page" : {
    "size" : 20,
    "totalElements" : 5,
    "totalPages" : 1,
    "number" : 0
  }
}
Status Code: 200
  When Fetch All Tenant Details                     # social_comments.Tenant.Fetch_All_tenant_Details()
  Then The Tenant response should contain "id"      # social_comments.Tenant.the_userrecipient_response_should_contain(java.lang.String)
  And The Tenant response status code should be 200 # social_comments.Tenant.the_userrecipient_response_status_code_should_be(java.lang.Integer)
]]></system-out>
  </testcase>
  <testcase name="Get Tenant details with ID" classname="End-to-end ResourceGraph and ResourceRegistries CRUD flow" time="0.692">
    <system-out><![CDATA[
@Tenant
Scenario: Get Tenant details with ID                 # src/test/resources/features/End_to_End_social_comments_flow.feature:505
Response Body:
{
  "id" : 64,
  "createdDate" : "2025-10-16T09:59:58.712+00:00",
  "name" : "Vinod"
}
Status Code: 200
  When Fetch Tenant Details with ID                  # social_comments.Tenant.Fetch_tenant_Details_with_ID()
  Then The Tenant response status code should be 200 # social_comments.Tenant.the_userrecipient_response_status_code_should_be(java.lang.Integer)
]]></system-out>
  </testcase>
  <testcase name="Updating Put Tenant #1" classname="End-to-end ResourceGraph and ResourceRegistries CRUD flow" time="3.444">
    <system-out><![CDATA[
@Tenant
Scenario: Updating Put Tenant                       # src/test/resources/features/End_to_End_social_comments_flow.feature:510
PUT Response Body:
{
  "id" : 64,
  "createdDate" : "2025-10-16T09:59:58.712+00:00",
  "name" : "Vinod"
}
Status Code: 200
  When Update Tenant                                # social_comments.Tenant.Update_tenant()
  Then The Tenant response should contain "id"      # social_comments.Tenant.the_userrecipient_response_should_contain(java.lang.String)
  And The Tenant response status code should be 200 # social_comments.Tenant.the_userrecipient_response_status_code_should_be(java.lang.Integer)
]]></system-out>
  </testcase>
  <testcase name="Updating Patch Tenant" classname="End-to-end ResourceGraph and ResourceRegistries CRUD flow" time="3.683">
    <system-out><![CDATA[
@Tenant
Scenario: Updating Patch Tenant                      # src/test/resources/features/End_to_End_social_comments_flow.feature:516
PATCH Request Body:
{
  "name": "Rohit"
}
PATCH Response Body:
{
  "id" : 64,
  "createdDate" : "2025-10-16T09:59:58.712+00:00",
  "name" : "Rohit"
}
Status Code: 200
  When Update Patch Tenant                           # social_comments.Tenant.Update_Patch_Tenant()
  Then The Tenant response status code should be 200 # social_comments.Tenant.the_userrecipient_response_status_code_should_be(java.lang.Integer)
]]></system-out>
  </testcase>
  <testcase name="Deleting Tenant #1" classname="End-to-end ResourceGraph and ResourceRegistries CRUD flow" time="3.575">
    <system-out><![CDATA[
@Tenant
Scenario: Deleting Tenant                            # src/test/resources/features/End_to_End_social_comments_flow.feature:521
Delete Response Body:

Delete Status Code: 204
  When Delete Tenant with ID                         # social_comments.Tenant.delete_tenant_with_ID()
  Then The Tenant response status code should be 204 # social_comments.Tenant.the_userrecipient_response_status_code_should_be(java.lang.Integer)
]]></system-out>
  </testcase>
  <testcase name="Updating Put Tenant #2" classname="End-to-end ResourceGraph and ResourceRegistries CRUD flow" time="3.692">
    <failure message="expected:&lt;200&gt; but was:&lt;404&gt;" type="java.lang.AssertionError"><![CDATA[java.lang.AssertionError: expected:<200> but was:<404>
	at org.junit.Assert.fail(Assert.java:89)
	at org.junit.Assert.failNotEquals(Assert.java:835)
	at org.junit.Assert.assertEquals(Assert.java:647)
	at org.junit.Assert.assertEquals(Assert.java:633)
	at social_comments.Tenant.the_userrecipient_response_status_code_should_be(Tenant.java:216)
	at ✽.The Tenant response status code should be 200(file:///C:/Users/cpatil/eclipse-workspace/social_comments/src/test/resources/features/End_to_End_social_comments_flow.feature:529)
]]></failure>
    <system-out><![CDATA[
@Negative_for_Tenant
Scenario: Updating Put Tenant                       # src/test/resources/features/End_to_End_social_comments_flow.feature:526
PUT Response Body:
{"appName":"social-comments-model","httpStatus":"NOT_FOUND","statusCode":404,"timestamp":"2025-10-16T10:00:14.535Z","errorDescription":"Entity with id 64 not found","cause":"Entity with id 64 not found","params":{},"path":"uri=/tenants/64"}
Status Code: 404
  When Update Tenant                                # social_comments.Tenant.Update_tenant()
  Then The Tenant response should contain "id"      # social_comments.Tenant.the_userrecipient_response_should_contain(java.lang.String)
  And The Tenant response status code should be 200 # social_comments.Tenant.the_userrecipient_response_status_code_should_be(java.lang.Integer)
      java.lang.AssertionError: expected:<200> but was:<404>
	at org.junit.Assert.fail(Assert.java:89)
	at org.junit.Assert.failNotEquals(Assert.java:835)
	at org.junit.Assert.assertEquals(Assert.java:647)
	at org.junit.Assert.assertEquals(Assert.java:633)
	at social_comments.Tenant.the_userrecipient_response_status_code_should_be(Tenant.java:216)
	at ✽.The Tenant response status code should be 200(file:///C:/Users/cpatil/eclipse-workspace/social_comments/src/test/resources/features/End_to_End_social_comments_flow.feature:529)

]]></system-out>
  </testcase>
  <testcase name="Deleting Tenant #2" classname="End-to-end ResourceGraph and ResourceRegistries CRUD flow" time="3.662">
    <failure message="expected:&lt;204&gt; but was:&lt;404&gt;" type="java.lang.AssertionError"><![CDATA[java.lang.AssertionError: expected:<204> but was:<404>
	at org.junit.Assert.fail(Assert.java:89)
	at org.junit.Assert.failNotEquals(Assert.java:835)
	at org.junit.Assert.assertEquals(Assert.java:647)
	at org.junit.Assert.assertEquals(Assert.java:633)
	at social_comments.Tenant.the_userrecipient_response_status_code_should_be(Tenant.java:216)
	at ✽.The Tenant response status code should be 204(file:///C:/Users/cpatil/eclipse-workspace/social_comments/src/test/resources/features/End_to_End_social_comments_flow.feature:534)
]]></failure>
    <system-out><![CDATA[
@Negative_for_Tenant
Scenario: Deleting Tenant                            # src/test/resources/features/End_to_End_social_comments_flow.feature:532
Delete Response Body:
{"appName":"social-comments-model","httpStatus":"NOT_FOUND","statusCode":404,"timestamp":"2025-10-16T10:00:18.215Z","errorDescription":"Entity with id 64 not found","cause":"Entity with id 64 not found","params":{},"path":"uri=/tenants/64"}
Delete Status Code: 404
  When Delete Tenant with ID                         # social_comments.Tenant.delete_tenant_with_ID()
  Then The Tenant response status code should be 204 # social_comments.Tenant.the_userrecipient_response_status_code_should_be(java.lang.Integer)
      java.lang.AssertionError: expected:<204> but was:<404>
	at org.junit.Assert.fail(Assert.java:89)
	at org.junit.Assert.failNotEquals(Assert.java:835)
	at org.junit.Assert.assertEquals(Assert.java:647)
	at org.junit.Assert.assertEquals(Assert.java:633)
	at social_comments.Tenant.the_userrecipient_response_status_code_should_be(Tenant.java:216)
	at ✽.The Tenant response status code should be 204(file:///C:/Users/cpatil/eclipse-workspace/social_comments/src/test/resources/features/End_to_End_social_comments_flow.feature:534)

]]></system-out>
  </testcase>
  <testcase name="Deleting ResourceRegistries Details #1" classname="End-to-end ResourceGraph and ResourceRegistries CRUD flow" time="3.686">
    <system-out><![CDATA[
@Resource_Registries
Scenario: Deleting ResourceRegistries Details                    # src/test/resources/features/End_to_End_social_comments_flow.feature:538
Delete Response Body:

Delete Status Code: 204
  When Delete ResourceRegistriesID with ID                       # social_comments.ResourceRegistries.delete_ResourceRegistriesID_with_ID()
  Then The ResourceRegistries response status code should be 204 # social_comments.ResourceRegistries.the_resource_registries_response_status_code_should_be(java.lang.Integer)
]]></system-out>
  </testcase>
  <testcase name="Deleting ResourceID Detail #1" classname="End-to-end ResourceGraph and ResourceRegistries CRUD flow" time="4.193">
    <system-out><![CDATA[
@Resource_Graph
Scenario: Deleting ResourceID Detail                   # src/test/resources/features/End_to_End_social_comments_flow.feature:544
Delete Response Body:

Delete Status Code: 204
  When Delete ResourceID with ID                       # social_comments.ResourceGraph.delete_ResourceID_with_ID()
  Then The Resource response status code should be 204 # social_comments.ResourceGraph.the_resource_response_status_code_should_be(java.lang.Integer)
]]></system-out>
  </testcase>
  <testcase name="Deleting ResourceID Detail #2" classname="End-to-end ResourceGraph and ResourceRegistries CRUD flow" time="3.789">
    <failure message="expected:&lt;204&gt; but was:&lt;404&gt;" type="java.lang.AssertionError"><![CDATA[java.lang.AssertionError: expected:<204> but was:<404>
	at org.junit.Assert.fail(Assert.java:89)
	at org.junit.Assert.failNotEquals(Assert.java:835)
	at org.junit.Assert.assertEquals(Assert.java:647)
	at org.junit.Assert.assertEquals(Assert.java:633)
	at social_comments.ResourceGraph.the_resource_response_status_code_should_be(ResourceGraph.java:265)
	at ✽.The Resource response status code should be 204(file:///C:/Users/cpatil/eclipse-workspace/social_comments/src/test/resources/features/End_to_End_social_comments_flow.feature:551)
]]></failure>
    <system-out><![CDATA[
@Negative_for_Resource_Graph
Scenario: Deleting ResourceID Detail                   # src/test/resources/features/End_to_End_social_comments_flow.feature:549
Delete Response Body:
{"appName":"social-comments-model","httpStatus":"NOT_FOUND","statusCode":404,"timestamp":"2025-10-16T10:00:29.834Z","errorDescription":"Entity with id 289 not found","cause":"Entity with id 289 not found","params":{},"path":"uri=/resourceGraphs/289"}
Delete Status Code: 404
  When Delete ResourceID with ID                       # social_comments.ResourceGraph.delete_ResourceID_with_ID()
  Then The Resource response status code should be 204 # social_comments.ResourceGraph.the_resource_response_status_code_should_be(java.lang.Integer)
      java.lang.AssertionError: expected:<204> but was:<404>
	at org.junit.Assert.fail(Assert.java:89)
	at org.junit.Assert.failNotEquals(Assert.java:835)
	at org.junit.Assert.assertEquals(Assert.java:647)
	at org.junit.Assert.assertEquals(Assert.java:633)
	at social_comments.ResourceGraph.the_resource_response_status_code_should_be(ResourceGraph.java:265)
	at ✽.The Resource response status code should be 204(file:///C:/Users/cpatil/eclipse-workspace/social_comments/src/test/resources/features/End_to_End_social_comments_flow.feature:551)

]]></system-out>
  </testcase>
  <testcase name="Updating PUT ResourceRegistriry Details with ID #2" classname="End-to-end ResourceGraph and ResourceRegistries CRUD flow" time="3.686">
    <failure message="expected:&lt;200&gt; but was:&lt;404&gt;" type="java.lang.AssertionError"><![CDATA[java.lang.AssertionError: expected:<200> but was:<404>
	at org.junit.Assert.fail(Assert.java:89)
	at org.junit.Assert.failNotEquals(Assert.java:835)
	at org.junit.Assert.assertEquals(Assert.java:647)
	at org.junit.Assert.assertEquals(Assert.java:633)
	at social_comments.ResourceRegistries.the_resource_registries_response_status_code_should_be(ResourceRegistries.java:238)
	at ✽.The ResourceRegistries response status code should be 200(file:///C:/Users/cpatil/eclipse-workspace/social_comments/src/test/resources/features/End_to_End_social_comments_flow.feature:556)
]]></failure>
    <system-out><![CDATA[
@Negative_for_Resource_Registries
Scenario: Updating PUT ResourceRegistriry Details with ID        # src/test/resources/features/End_to_End_social_comments_flow.feature:554
PUT Response Body:
{"appName":"social-comments-model","httpStatus":"NOT_FOUND","statusCode":404,"timestamp":"2025-10-16T10:00:33.555Z","errorDescription":"Entity with id 197 not found","cause":"Entity with id 197 not found","params":{},"path":"uri=/resourceRegistries/197"}
Status Code: 404
  When Update ResourceRegistryID                                 # social_comments.ResourceRegistries.Update_ResourceRegistryID()
  Then The ResourceRegistries response status code should be 200 # social_comments.ResourceRegistries.the_resource_registries_response_status_code_should_be(java.lang.Integer)
      java.lang.AssertionError: expected:<200> but was:<404>
	at org.junit.Assert.fail(Assert.java:89)
	at org.junit.Assert.failNotEquals(Assert.java:835)
	at org.junit.Assert.assertEquals(Assert.java:647)
	at org.junit.Assert.assertEquals(Assert.java:633)
	at social_comments.ResourceRegistries.the_resource_registries_response_status_code_should_be(ResourceRegistries.java:238)
	at ✽.The ResourceRegistries response status code should be 200(file:///C:/Users/cpatil/eclipse-workspace/social_comments/src/test/resources/features/End_to_End_social_comments_flow.feature:556)

]]></system-out>
  </testcase>
  <testcase name="Deleting ResourceRegistries Details #2" classname="End-to-end ResourceGraph and ResourceRegistries CRUD flow" time="3.585">
    <failure message="expected:&lt;204&gt; but was:&lt;404&gt;" type="java.lang.AssertionError"><![CDATA[java.lang.AssertionError: expected:<204> but was:<404>
	at org.junit.Assert.fail(Assert.java:89)
	at org.junit.Assert.failNotEquals(Assert.java:835)
	at org.junit.Assert.assertEquals(Assert.java:647)
	at org.junit.Assert.assertEquals(Assert.java:633)
	at social_comments.ResourceRegistries.the_resource_registries_response_status_code_should_be(ResourceRegistries.java:238)
	at ✽.The ResourceRegistries response status code should be 204(file:///C:/Users/cpatil/eclipse-workspace/social_comments/src/test/resources/features/End_to_End_social_comments_flow.feature:561)
]]></failure>
    <system-out><![CDATA[
@Negative_for_Resource_Registries
Scenario: Deleting ResourceRegistries Details                    # src/test/resources/features/End_to_End_social_comments_flow.feature:559
Delete Response Body:
{"appName":"social-comments-model","httpStatus":"NOT_FOUND","statusCode":404,"timestamp":"2025-10-16T10:00:37.310Z","errorDescription":"Entity with id 197 not found","cause":"Entity with id 197 not found","params":{},"path":"uri=/resourceRegistries/197"}
Delete Status Code: 404
  When Delete ResourceRegistriesID with ID                       # social_comments.ResourceRegistries.delete_ResourceRegistriesID_with_ID()
  Then The ResourceRegistries response status code should be 204 # social_comments.ResourceRegistries.the_resource_registries_response_status_code_should_be(java.lang.Integer)
      java.lang.AssertionError: expected:<204> but was:<404>
	at org.junit.Assert.fail(Assert.java:89)
	at org.junit.Assert.failNotEquals(Assert.java:835)
	at org.junit.Assert.assertEquals(Assert.java:647)
	at org.junit.Assert.assertEquals(Assert.java:633)
	at social_comments.ResourceRegistries.the_resource_registries_response_status_code_should_be(ResourceRegistries.java:238)
	at ✽.The ResourceRegistries response status code should be 204(file:///C:/Users/cpatil/eclipse-workspace/social_comments/src/test/resources/features/End_to_End_social_comments_flow.feature:561)

]]></system-out>
  </testcase>
</testsuite>